#
# There is insufficient memory for the Java Runtime Environment to continue.
# Native memory allocation (malloc) failed to allocate 2090192 bytes for Chunk::new
# Possible reasons:
#   The system is out of physical RAM or swap space
#   The process is running with CompressedOops enabled, and the Java Heap may be blocking the growth of the native heap
# Possible solutions:
#   Reduce memory load on the system
#   Increase physical memory or swap space
#   Check if swap backing store is full
#   Decrease Java heap size (-Xmx/-Xms)
#   Decrease number of Java threads
#   Decrease Java thread stack sizes (-Xss)
#   Set larger code cache with -XX:ReservedCodeCacheSize=
#   JVM is running with Unscaled Compressed Oops mode in which the Java heap is
#     placed in the first 4GB address space. The Java Heap base address is the
#     maximum limit for the native heap growth. Please use -XX:HeapBaseMinAddress
#     to set the Java Heap base and to place the Java Heap above 4GB virtual address.
# This output file may be truncated or incomplete.
#
#  Out of Memory Error (arena.cpp:189), pid=15604, tid=21664
#
# JRE version: OpenJDK Runtime Environment (17.0.6) (build 17.0.6+0-b2043.56-10027231)
# Java VM: OpenJDK 64-Bit Server VM (17.0.6+0-b2043.56-10027231, mixed mode, tiered, compressed oops, compressed class ptrs, g1 gc, windows-amd64)
# No core dump will be written. Minidumps are not enabled by default on client versions of Windows
#

---------------  S U M M A R Y ------------

Command Line: --add-opens=java.base/java.util=ALL-UNNAMED --add-opens=java.base/java.lang=ALL-UNNAMED --add-opens=java.base/java.lang.invoke=ALL-UNNAMED --add-opens=java.prefs/java.util.prefs=ALL-UNNAMED --add-opens=java.base/java.nio.charset=ALL-UNNAMED --add-opens=java.base/java.net=ALL-UNNAMED --add-opens=java.base/java.util.concurrent.atomic=ALL-UNNAMED -Xmx2048m -Dfile.encoding=UTF-8 -Duser.country=IN -Duser.language=en -Duser.variant org.gradle.launcher.daemon.bootstrap.GradleDaemon 8.0

Host: AMD Ryzen 5 3550H with Radeon Vega Mobile Gfx  , 8 cores, 5G,  Windows 10 , 64 bit Build 18362 (10.0.18362.959)
Time: Thu Oct  5 13:06:49 2023 India Standard Time elapsed time: 16.342524 seconds (0d 0h 0m 16s)

---------------  T H R E A D  ---------------

Current thread (0x0000028cf9110070):  JavaThread "C2 CompilerThread0" daemon [_thread_in_native, id=21664, stack(0x000000e806a00000,0x000000e806b00000)]


Current CompileTask:
C2:  16342 11214       4       org.gradle.api.internal.tasks.compile.incremental.serialization.HierarchicalNameSerializer::readName (51 bytes)

Stack: [0x000000e806a00000,0x000000e806b00000]
Native frames: (J=compiled Java code, j=interpreted, Vv=VM code, C=native code)
V  [jvm.dll+0x683c9a]
V  [jvm.dll+0x8427a4]
V  [jvm.dll+0x843f9e]
V  [jvm.dll+0x844603]
V  [jvm.dll+0x249b75]
V  [jvm.dll+0xabcac]
V  [jvm.dll+0xac27c]
V  [jvm.dll+0x368857]
V  [jvm.dll+0x1bd0b8]
V  [jvm.dll+0x21c359]
V  [jvm.dll+0x21b621]
V  [jvm.dll+0x1a4fdd]
V  [jvm.dll+0x22b098]
V  [jvm.dll+0x229159]
V  [jvm.dll+0x7f81ec]
V  [jvm.dll+0x7f274a]
V  [jvm.dll+0x682ad5]
C  [ucrtbase.dll+0x20e82]
C  [KERNEL32.DLL+0x17bd4]
C  [ntdll.dll+0x6ce51]


---------------  P R O C E S S  ---------------

Threads class SMR info:
_java_thread_list=0x0000028c8f939570, length=144, elements={
0x0000028cee2cd190, 0x0000028cf90f5840, 0x0000028cf90f61d0, 0x0000028cf910d820,
0x0000028cf910f200, 0x0000028cf910f6d0, 0x0000028cf910fba0, 0x0000028cf9110070,
0x0000028cf9c2db00, 0x0000028cf9c30830, 0x0000028cf9dcb260, 0x0000028cf9dcbb40,
0x0000028cfc0b4c10, 0x0000028cfa69b0a0, 0x0000028cfb68bcc0, 0x0000028cfb242100,
0x0000028cfb68efa0, 0x0000028cfb4272a0, 0x0000028cfb452530, 0x0000028cfc11e590,
0x0000028cfc11ba40, 0x0000028cfc11dbf0, 0x0000028cfc11d720, 0x0000028cfc11d250,
0x0000028cfc11ea60, 0x0000028cfc11b0a0, 0x0000028cfc11b570, 0x0000028cfc11c8b0,
0x0000028cfc11cd80, 0x0000028cfe3c1bb0, 0x0000028cfe3c4230, 0x0000028cfe3c1210,
0x0000028cfe3c16e0, 0x0000028cfe3c2080, 0x0000028cfe3c5570, 0x0000028cfe3bf060,
0x0000028cfe3bf530, 0x0000028cfe3c4bd0, 0x0000028cfe3bfed0, 0x0000028cfe3c03a0,
0x0000028cfe3c68b0, 0x0000028cfe3c3890, 0x0000028cfe3c2ef0, 0x0000028cfe3c33c0,
0x0000028cfe3bfa00, 0x0000028cfe3c4700, 0x0000028cfe3c0d40, 0x0000028cfe3c5a40,
0x0000028cfe3c3d60, 0x0000028cfe3c63e0, 0x0000028cfeb993d0, 0x0000028cfeb9cd90,
0x0000028cfeb9ea70, 0x0000028cfeb9e5a0, 0x0000028cfeb998a0, 0x0000028cfeb99d70,
0x0000028cfeb9b0b0, 0x0000028cfeb9f8e0, 0x0000028cfeb9ef40, 0x0000028cfeb9a240,
0x0000028cfeb9d260, 0x0000028cfeb9a710, 0x0000028cfeb9ba50, 0x0000028cfeb98560,
0x0000028cfeb9d730, 0x0000028cfeb9f410, 0x0000028cfeb9dc00, 0x0000028cfeb9b580,
0x0000028cfeb9bf20, 0x0000028cfeb98090, 0x0000028cfeb9e0d0, 0x0000028cfeb98a30,
0x0000028cfeb9c3f0, 0x0000028cfeb98f00, 0x0000028cfeb9abe0, 0x0000028cfeb9c8c0,
0x0000028cfeca60a0, 0x0000028cfeca26e0, 0x0000028cfeca0530, 0x0000028cfeca5bd0,
0x0000028cfeca2bb0, 0x0000028cfeca3080, 0x0000028cfeca3ef0, 0x0000028cfeca3550,
0x0000028cfeca4890, 0x0000028cfeca0ed0, 0x0000028cfeca3a20, 0x0000028cfeca43c0,
0x0000028cfeca0a00, 0x0000028cfeca78b0, 0x0000028cfeca13a0, 0x0000028cfeca6f10,
0x0000028cfeca1d40, 0x0000028cfeca6570, 0x0000028cfeca4d60, 0x0000028cfeca5230,
0x0000028cfeca5700, 0x0000028cfeca6a40, 0x0000028cfeca73e0, 0x0000028cfeca0060,
0x0000028cfeca1870, 0x0000028cfeca2210, 0x0000028cfe1a0400, 0x0000028cfe1a0da0,
0x0000028cfe1a20e0, 0x0000028cfe19cf10, 0x0000028cfe19e720, 0x0000028cfe1a1270,
0x0000028cfe1a25b0, 0x0000028cfe19dd80, 0x0000028cfe19ebf0, 0x0000028cfe19e250,
0x0000028cfe19f0c0, 0x0000028cfe1a2a80, 0x0000028cfe19d3e0, 0x0000028cfe19d8b0,
0x0000028cfe1a08d0, 0x0000028cfe1a3dc0, 0x0000028cfe19ff30, 0x0000028cfe1a1740,
0x0000028cfe19f590, 0x0000028cfe1a2f50, 0x0000028cfe1a3420, 0x0000028cfe1a1c10,
0x0000028cfe1a4290, 0x0000028cfe1a4760, 0x0000028c9007c810, 0x0000028c9007ee90,
0x0000028c900797f0, 0x0000028c9007ab30, 0x0000028c9007a190, 0x0000028c9007a660,
0x0000028c9007db50, 0x0000028c9007b000, 0x0000028c9007e020, 0x0000028c9035e490,
0x0000028c9007e4f0, 0x0000028c9007f360, 0x0000028c9007e9c0, 0x0000028c9007cce0,
0x0000028c90078980, 0x0000028c90078e50, 0x0000028c9007f830, 0x0000028c90077fe0
}

Java Threads: ( => current thread )
  0x0000028cee2cd190 JavaThread "main" [_thread_blocked, id=16640, stack(0x000000e805d00000,0x000000e805e00000)]
  0x0000028cf90f5840 JavaThread "Reference Handler" daemon [_thread_blocked, id=14596, stack(0x000000e806400000,0x000000e806500000)]
  0x0000028cf90f61d0 JavaThread "Finalizer" daemon [_thread_blocked, id=14280, stack(0x000000e806500000,0x000000e806600000)]
  0x0000028cf910d820 JavaThread "Signal Dispatcher" daemon [_thread_blocked, id=11680, stack(0x000000e806600000,0x000000e806700000)]
  0x0000028cf910f200 JavaThread "Attach Listener" daemon [_thread_blocked, id=14224, stack(0x000000e806700000,0x000000e806800000)]
  0x0000028cf910f6d0 JavaThread "Service Thread" daemon [_thread_blocked, id=16756, stack(0x000000e806800000,0x000000e806900000)]
  0x0000028cf910fba0 JavaThread "Monitor Deflation Thread" daemon [_thread_blocked, id=22356, stack(0x000000e806900000,0x000000e806a00000)]
=>0x0000028cf9110070 JavaThread "C2 CompilerThread0" daemon [_thread_in_native, id=21664, stack(0x000000e806a00000,0x000000e806b00000)]
  0x0000028cf9c2db00 JavaThread "C1 CompilerThread0" daemon [_thread_blocked, id=4864, stack(0x000000e806b00000,0x000000e806c00000)]
  0x0000028cf9c30830 JavaThread "Sweeper thread" daemon [_thread_blocked, id=21712, stack(0x000000e806c00000,0x000000e806d00000)]
  0x0000028cf9dcb260 JavaThread "Common-Cleaner" daemon [_thread_blocked, id=14856, stack(0x000000e806d00000,0x000000e806e00000)]
  0x0000028cf9dcbb40 JavaThread "Notification Thread" daemon [_thread_blocked, id=22384, stack(0x000000e806e00000,0x000000e806f00000)]
  0x0000028cfc0b4c10 JavaThread "Daemon health stats" [_thread_blocked, id=5244, stack(0x000000e807400000,0x000000e807500000)]
  0x0000028cfa69b0a0 JavaThread "Incoming local TCP Connector on port 59528" [_thread_in_native, id=18776, stack(0x000000e807500000,0x000000e807600000)]
  0x0000028cfb68bcc0 JavaThread "Daemon periodic checks" [_thread_blocked, id=3956, stack(0x000000e807600000,0x000000e807700000)]
  0x0000028cfb242100 JavaThread "Daemon" [_thread_blocked, id=22364, stack(0x000000e807700000,0x000000e807800000)]
  0x0000028cfb68efa0 JavaThread "Handler for socket connection from /127.0.0.1:59528 to /127.0.0.1:59529" [_thread_in_native, id=5536, stack(0x000000e807800000,0x000000e807900000)]
  0x0000028cfb4272a0 JavaThread "Cancel handler" [_thread_blocked, id=6176, stack(0x000000e807900000,0x000000e807a00000)]
  0x0000028cfb452530 JavaThread "Daemon worker" [_thread_blocked, id=12488, stack(0x000000e807a00000,0x000000e807b00000)]
  0x0000028cfc11e590 JavaThread "Asynchronous log dispatcher for DefaultDaemonConnection: socket connection from /127.0.0.1:59528 to /127.0.0.1:59529" [_thread_blocked, id=14288, stack(0x000000e807b00000,0x000000e807c00000)]
  0x0000028cfc11ba40 JavaThread "Stdin handler" [_thread_blocked, id=21296, stack(0x000000e807c00000,0x000000e807d00000)]
  0x0000028cfc11dbf0 JavaThread "Daemon client event forwarder" [_thread_blocked, id=21372, stack(0x000000e807d00000,0x000000e807e00000)]
  0x0000028cfc11d720 JavaThread "Cache worker for journal cache (C:\Users\adp\.gradle\caches\journal-1)" [_thread_blocked, id=21308, stack(0x000000e808200000,0x000000e808300000)]
  0x0000028cfc11d250 JavaThread "File lock request listener" [_thread_in_native, id=20028, stack(0x000000e808300000,0x000000e808400000)]
  0x0000028cfc11ea60 JavaThread "Cache worker for file hash cache (C:\Users\adp\.gradle\caches\8.0\fileHashes)" [_thread_blocked, id=6188, stack(0x000000e808400000,0x000000e808500000)]
  0x0000028cfc11b0a0 JavaThread "File watcher server" daemon [_thread_in_native, id=18676, stack(0x000000e808500000,0x000000e808600000)]
  0x0000028cfc11b570 JavaThread "File watcher consumer" daemon [_thread_blocked, id=18020, stack(0x000000e808600000,0x000000e808700000)]
  0x0000028cfc11c8b0 JavaThread "Cache worker for checksums cache (C:\Users\adp\Desktop\DDP\Code\CommunicationDisplay\.gradle\8.0\checksums)" [_thread_blocked, id=10628, stack(0x000000e808700000,0x000000e808800000)]
  0x0000028cfc11cd80 JavaThread "Cache worker for cache directory md-rule (C:\Users\adp\.gradle\caches\8.0\md-rule)" [_thread_blocked, id=8856, stack(0x000000e808800000,0x000000e808900000)]
  0x0000028cfe3c1bb0 JavaThread "Cache worker for file content cache (C:\Users\adp\.gradle\caches\8.0\fileContent)" [_thread_blocked, id=8988, stack(0x000000e808900000,0x000000e808a00000)]
  0x0000028cfe3c4230 JavaThread "Cache worker for file hash cache (C:\Users\adp\Desktop\DDP\Code\CommunicationDisplay\.gradle\8.0\fileHashes)" [_thread_blocked, id=15776, stack(0x000000e808a00000,0x000000e808b00000)]
  0x0000028cfe3c1210 JavaThread "Cache worker for cache directory md-supplier (C:\Users\adp\.gradle\caches\8.0\md-supplier)" [_thread_blocked, id=10660, stack(0x000000e808b00000,0x000000e808c00000)]
  0x0000028cfe3c16e0 JavaThread "Cache worker for execution history cache (C:\Users\adp\.gradle\caches\8.0\executionHistory)" [_thread_blocked, id=21600, stack(0x000000e808c00000,0x000000e808d00000)]
  0x0000028cfe3c2080 JavaThread "jar transforms" [_thread_blocked, id=22228, stack(0x000000e808d00000,0x000000e808e00000)]
  0x0000028cfe3c5570 JavaThread "jar transforms Thread 2" [_thread_blocked, id=13732, stack(0x000000e808e00000,0x000000e808f00000)]
  0x0000028cfe3bf060 JavaThread "Cache worker for kotlin-dsl (C:\Users\adp\.gradle\caches\8.0\kotlin-dsl)" [_thread_blocked, id=20036, stack(0x000000e808f00000,0x000000e809000000)]
  0x0000028cfe3bf530 JavaThread "jar transforms Thread 3" [_thread_blocked, id=2000, stack(0x000000e809000000,0x000000e809100000)]
  0x0000028cfe3c4bd0 JavaThread "jar transforms Thread 4" [_thread_blocked, id=7024, stack(0x000000e809100000,0x000000e809200000)]
  0x0000028cfe3bfed0 JavaThread "Cache worker for dependencies-accessors (C:\Users\adp\Desktop\DDP\Code\CommunicationDisplay\.gradle\8.0\dependencies-accessors)" [_thread_blocked, id=10268, stack(0x000000e809200000,0x000000e809300000)]
  0x0000028cfe3c03a0 JavaThread "Cache worker for Build Output Cleanup Cache (C:\Users\adp\Desktop\DDP\Code\CommunicationDisplay\.gradle\buildOutputCleanup)" [_thread_blocked, id=18420, stack(0x000000e809300000,0x000000e809400000)]
  0x0000028cfe3c68b0 JavaThread "jar transforms Thread 5" [_thread_blocked, id=17992, stack(0x000000e809400000,0x000000e809500000)]
  0x0000028cfe3c3890 JavaThread "Unconstrained build operations" [_thread_blocked, id=19664, stack(0x000000e809600000,0x000000e809700000)]
  0x0000028cfe3c2ef0 JavaThread "Unconstrained build operations Thread 2" [_thread_blocked, id=10020, stack(0x000000e809700000,0x000000e809800000)]
  0x0000028cfe3c33c0 JavaThread "Unconstrained build operations Thread 3" [_thread_blocked, id=20260, stack(0x000000e809800000,0x000000e809900000)]
  0x0000028cfe3bfa00 JavaThread "Unconstrained build operations Thread 4" [_thread_blocked, id=6920, stack(0x000000e809900000,0x000000e809a00000)]
  0x0000028cfe3c4700 JavaThread "Unconstrained build operations Thread 5" [_thread_blocked, id=18876, stack(0x000000e809a00000,0x000000e809b00000)]
  0x0000028cfe3c0d40 JavaThread "Unconstrained build operations Thread 6" [_thread_blocked, id=6496, stack(0x000000e809b00000,0x000000e809c00000)]
  0x0000028cfe3c5a40 JavaThread "Unconstrained build operations Thread 7" [_thread_blocked, id=9272, stack(0x000000e809c00000,0x000000e809d00000)]
  0x0000028cfe3c3d60 JavaThread "Unconstrained build operations Thread 8" [_thread_blocked, id=18452, stack(0x000000e809d00000,0x000000e809e00000)]
  0x0000028cfe3c63e0 JavaThread "Unconstrained build operations Thread 9" [_thread_blocked, id=20376, stack(0x000000e809e00000,0x000000e809f00000)]
  0x0000028cfeb993d0 JavaThread "Unconstrained build operations Thread 10" [_thread_blocked, id=19624, stack(0x000000e809f00000,0x000000e80a000000)]
  0x0000028cfeb9cd90 JavaThread "Unconstrained build operations Thread 11" [_thread_blocked, id=13772, stack(0x000000e80a000000,0x000000e80a100000)]
  0x0000028cfeb9ea70 JavaThread "Unconstrained build operations Thread 12" [_thread_blocked, id=19484, stack(0x000000e80a100000,0x000000e80a200000)]
  0x0000028cfeb9e5a0 JavaThread "Unconstrained build operations Thread 13" [_thread_blocked, id=1156, stack(0x000000e80a200000,0x000000e80a300000)]
  0x0000028cfeb998a0 JavaThread "Unconstrained build operations Thread 14" [_thread_blocked, id=19120, stack(0x000000e80a300000,0x000000e80a400000)]
  0x0000028cfeb99d70 JavaThread "Unconstrained build operations Thread 15" [_thread_blocked, id=7704, stack(0x000000e80a400000,0x000000e80a500000)]
  0x0000028cfeb9b0b0 JavaThread "Unconstrained build operations Thread 16" [_thread_blocked, id=244, stack(0x000000e80a500000,0x000000e80a600000)]
  0x0000028cfeb9f8e0 JavaThread "Unconstrained build operations Thread 17" [_thread_blocked, id=20180, stack(0x000000e80a600000,0x000000e80a700000)]
  0x0000028cfeb9ef40 JavaThread "Unconstrained build operations Thread 18" [_thread_blocked, id=11448, stack(0x000000e80a700000,0x000000e80a800000)]
  0x0000028cfeb9a240 JavaThread "Unconstrained build operations Thread 19" [_thread_blocked, id=21680, stack(0x000000e80a800000,0x000000e80a900000)]
  0x0000028cfeb9d260 JavaThread "Unconstrained build operations Thread 20" [_thread_blocked, id=17104, stack(0x000000e80a900000,0x000000e80aa00000)]
  0x0000028cfeb9a710 JavaThread "Unconstrained build operations Thread 21" [_thread_blocked, id=21000, stack(0x000000e80aa00000,0x000000e80ab00000)]
  0x0000028cfeb9ba50 JavaThread "Unconstrained build operations Thread 22" [_thread_blocked, id=21584, stack(0x000000e80ab00000,0x000000e80ac00000)]
  0x0000028cfeb98560 JavaThread "Unconstrained build operations Thread 23" [_thread_blocked, id=14100, stack(0x000000e80ac00000,0x000000e80ad00000)]
  0x0000028cfeb9d730 JavaThread "Unconstrained build operations Thread 24" [_thread_blocked, id=7404, stack(0x000000e80ad00000,0x000000e80ae00000)]
  0x0000028cfeb9f410 JavaThread "Unconstrained build operations Thread 25" [_thread_blocked, id=13376, stack(0x000000e80ae00000,0x000000e80af00000)]
  0x0000028cfeb9dc00 JavaThread "Unconstrained build operations Thread 26" [_thread_blocked, id=16696, stack(0x000000e80af00000,0x000000e80b000000)]
  0x0000028cfeb9b580 JavaThread "Unconstrained build operations Thread 27" [_thread_blocked, id=15372, stack(0x000000e80b000000,0x000000e80b100000)]
  0x0000028cfeb9bf20 JavaThread "Unconstrained build operations Thread 28" [_thread_blocked, id=10604, stack(0x000000e80b100000,0x000000e80b200000)]
  0x0000028cfeb98090 JavaThread "Unconstrained build operations Thread 29" [_thread_blocked, id=21060, stack(0x000000e80b200000,0x000000e80b300000)]
  0x0000028cfeb9e0d0 JavaThread "Unconstrained build operations Thread 30" [_thread_blocked, id=21368, stack(0x000000e80b300000,0x000000e80b400000)]
  0x0000028cfeb98a30 JavaThread "Unconstrained build operations Thread 31" [_thread_blocked, id=14392, stack(0x000000e80b400000,0x000000e80b500000)]
  0x0000028cfeb9c3f0 JavaThread "Unconstrained build operations Thread 32" [_thread_blocked, id=21688, stack(0x000000e80b500000,0x000000e80b600000)]
  0x0000028cfeb98f00 JavaThread "Unconstrained build operations Thread 33" [_thread_blocked, id=18648, stack(0x000000e80b600000,0x000000e80b700000)]
  0x0000028cfeb9abe0 JavaThread "Unconstrained build operations Thread 34" [_thread_blocked, id=21964, stack(0x000000e80b700000,0x000000e80b800000)]
  0x0000028cfeb9c8c0 JavaThread "Unconstrained build operations Thread 35" [_thread_blocked, id=21880, stack(0x000000e80b800000,0x000000e80b900000)]
  0x0000028cfeca60a0 JavaThread "Unconstrained build operations Thread 36" [_thread_blocked, id=20420, stack(0x000000e80b900000,0x000000e80ba00000)]
  0x0000028cfeca26e0 JavaThread "Unconstrained build operations Thread 37" [_thread_blocked, id=19356, stack(0x000000e80ba00000,0x000000e80bb00000)]
  0x0000028cfeca0530 JavaThread "Unconstrained build operations Thread 38" [_thread_blocked, id=22504, stack(0x000000e80bb00000,0x000000e80bc00000)]
  0x0000028cfeca5bd0 JavaThread "Unconstrained build operations Thread 39" [_thread_blocked, id=21968, stack(0x000000e80bc00000,0x000000e80bd00000)]
  0x0000028cfeca2bb0 JavaThread "Unconstrained build operations Thread 40" [_thread_blocked, id=12764, stack(0x000000e80bd00000,0x000000e80be00000)]
  0x0000028cfeca3080 JavaThread "Unconstrained build operations Thread 41" [_thread_blocked, id=13784, stack(0x000000e80be00000,0x000000e80bf00000)]
  0x0000028cfeca3ef0 JavaThread "Unconstrained build operations Thread 42" [_thread_blocked, id=19872, stack(0x000000e80bf00000,0x000000e80c000000)]
  0x0000028cfeca3550 JavaThread "Unconstrained build operations Thread 43" [_thread_blocked, id=11828, stack(0x000000e80c000000,0x000000e80c100000)]
  0x0000028cfeca4890 JavaThread "Unconstrained build operations Thread 44" [_thread_blocked, id=18152, stack(0x000000e80c100000,0x000000e80c200000)]
  0x0000028cfeca0ed0 JavaThread "Unconstrained build operations Thread 45" [_thread_blocked, id=14496, stack(0x000000e80c200000,0x000000e80c300000)]
  0x0000028cfeca3a20 JavaThread "Unconstrained build operations Thread 46" [_thread_blocked, id=21516, stack(0x000000e80c300000,0x000000e80c400000)]
  0x0000028cfeca43c0 JavaThread "Unconstrained build operations Thread 47" [_thread_blocked, id=15884, stack(0x000000e80c400000,0x000000e80c500000)]
  0x0000028cfeca0a00 JavaThread "Unconstrained build operations Thread 48" [_thread_blocked, id=11808, stack(0x000000e80c500000,0x000000e80c600000)]
  0x0000028cfeca78b0 JavaThread "Unconstrained build operations Thread 49" [_thread_blocked, id=8352, stack(0x000000e80c600000,0x000000e80c700000)]
  0x0000028cfeca13a0 JavaThread "Unconstrained build operations Thread 50" [_thread_blocked, id=19812, stack(0x000000e80c700000,0x000000e80c800000)]
  0x0000028cfeca6f10 JavaThread "Unconstrained build operations Thread 51" [_thread_blocked, id=13200, stack(0x000000e80c800000,0x000000e80c900000)]
  0x0000028cfeca1d40 JavaThread "Unconstrained build operations Thread 52" [_thread_blocked, id=16080, stack(0x000000e80c900000,0x000000e80ca00000)]
  0x0000028cfeca6570 JavaThread "Unconstrained build operations Thread 53" [_thread_blocked, id=16000, stack(0x000000e80ca00000,0x000000e80cb00000)]
  0x0000028cfeca4d60 JavaThread "Unconstrained build operations Thread 54" [_thread_blocked, id=13156, stack(0x000000e80cb00000,0x000000e80cc00000)]
  0x0000028cfeca5230 JavaThread "Unconstrained build operations Thread 55" [_thread_blocked, id=19140, stack(0x000000e80cc00000,0x000000e80cd00000)]
  0x0000028cfeca5700 JavaThread "Unconstrained build operations Thread 56" [_thread_blocked, id=21628, stack(0x000000e80cd00000,0x000000e80ce00000)]
  0x0000028cfeca6a40 JavaThread "Unconstrained build operations Thread 57" [_thread_blocked, id=17564, stack(0x000000e80ce00000,0x000000e80cf00000)]
  0x0000028cfeca73e0 JavaThread "Unconstrained build operations Thread 58" [_thread_blocked, id=20724, stack(0x000000e80cf00000,0x000000e80d000000)]
  0x0000028cfeca0060 JavaThread "Unconstrained build operations Thread 59" [_thread_blocked, id=15668, stack(0x000000e80d000000,0x000000e80d100000)]
  0x0000028cfeca1870 JavaThread "Unconstrained build operations Thread 60" [_thread_blocked, id=17976, stack(0x000000e80d100000,0x000000e80d200000)]
  0x0000028cfeca2210 JavaThread "Unconstrained build operations Thread 61" [_thread_blocked, id=19236, stack(0x000000e80d200000,0x000000e80d300000)]
  0x0000028cfe1a0400 JavaThread "Unconstrained build operations Thread 62" [_thread_blocked, id=12088, stack(0x000000e80d300000,0x000000e80d400000)]
  0x0000028cfe1a0da0 JavaThread "Unconstrained build operations Thread 63" [_thread_blocked, id=21164, stack(0x000000e80d400000,0x000000e80d500000)]
  0x0000028cfe1a20e0 JavaThread "Unconstrained build operations Thread 64" [_thread_blocked, id=16516, stack(0x000000e80d500000,0x000000e80d600000)]
  0x0000028cfe19cf10 JavaThread "Unconstrained build operations Thread 65" [_thread_blocked, id=14592, stack(0x000000e80d600000,0x000000e80d700000)]
  0x0000028cfe19e720 JavaThread "Unconstrained build operations Thread 66" [_thread_blocked, id=2804, stack(0x000000e80d700000,0x000000e80d800000)]
  0x0000028cfe1a1270 JavaThread "Unconstrained build operations Thread 67" [_thread_blocked, id=14584, stack(0x000000e80d800000,0x000000e80d900000)]
  0x0000028cfe1a25b0 JavaThread "Unconstrained build operations Thread 68" [_thread_blocked, id=17288, stack(0x000000e80d900000,0x000000e80da00000)]
  0x0000028cfe19dd80 JavaThread "Unconstrained build operations Thread 69" [_thread_blocked, id=22464, stack(0x000000e80da00000,0x000000e80db00000)]
  0x0000028cfe19ebf0 JavaThread "Unconstrained build operations Thread 70" [_thread_blocked, id=15912, stack(0x000000e80db00000,0x000000e80dc00000)]
  0x0000028cfe19e250 JavaThread "Unconstrained build operations Thread 71" [_thread_blocked, id=10780, stack(0x000000e80dc00000,0x000000e80dd00000)]
  0x0000028cfe19f0c0 JavaThread "Unconstrained build operations Thread 72" [_thread_blocked, id=14344, stack(0x000000e80dd00000,0x000000e80de00000)]
  0x0000028cfe1a2a80 JavaThread "Unconstrained build operations Thread 73" [_thread_blocked, id=22232, stack(0x000000e80de00000,0x000000e80df00000)]
  0x0000028cfe19d3e0 JavaThread "Unconstrained build operations Thread 74" [_thread_blocked, id=17076, stack(0x000000e80df00000,0x000000e80e000000)]
  0x0000028cfe19d8b0 JavaThread "Unconstrained build operations Thread 75" [_thread_blocked, id=18712, stack(0x000000e80e000000,0x000000e80e100000)]
  0x0000028cfe1a08d0 JavaThread "Unconstrained build operations Thread 76" [_thread_blocked, id=16532, stack(0x000000e80e100000,0x000000e80e200000)]
  0x0000028cfe1a3dc0 JavaThread "Unconstrained build operations Thread 77" [_thread_blocked, id=13764, stack(0x000000e80e200000,0x000000e80e300000)]
  0x0000028cfe19ff30 JavaThread "Unconstrained build operations Thread 78" [_thread_blocked, id=14364, stack(0x000000e80e300000,0x000000e80e400000)]
  0x0000028cfe1a1740 JavaThread "Unconstrained build operations Thread 79" [_thread_blocked, id=2264, stack(0x000000e80e400000,0x000000e80e500000)]
  0x0000028cfe19f590 JavaThread "Unconstrained build operations Thread 80" [_thread_blocked, id=20512, stack(0x000000e80e500000,0x000000e80e600000)]
  0x0000028cfe1a2f50 JavaThread "jar transforms Thread 6" [_thread_blocked, id=19512, stack(0x000000e80e600000,0x000000e80e700000)]
  0x0000028cfe1a3420 JavaThread "jar transforms Thread 7" [_thread_blocked, id=20752, stack(0x000000e80e700000,0x000000e80e800000)]
  0x0000028cfe1a1c10 JavaThread "jar transforms Thread 8" [_thread_blocked, id=18888, stack(0x000000e80e800000,0x000000e80e900000)]
  0x0000028cfe1a4290 JavaThread "build event listener" [_thread_blocked, id=11656, stack(0x000000e80e900000,0x000000e80ea00000)]
  0x0000028cfe1a4760 JavaThread "Memory manager" [_thread_blocked, id=11504, stack(0x000000e80ea00000,0x000000e80eb00000)]
  0x0000028c9007c810 JavaThread "included builds" [_thread_blocked, id=5804, stack(0x000000e80eb00000,0x000000e80ec00000)]
  0x0000028c9007ee90 JavaThread "Execution worker" [_thread_blocked, id=21388, stack(0x000000e80ec00000,0x000000e80ed00000)]
  0x0000028c900797f0 JavaThread "Execution worker Thread 2" [_thread_in_native, id=21972, stack(0x000000e80ed00000,0x000000e80ee00000)]
  0x0000028c9007ab30 JavaThread "Execution worker Thread 3" [_thread_blocked, id=10180, stack(0x000000e80ee00000,0x000000e80ef00000)]
  0x0000028c9007a190 JavaThread "Execution worker Thread 4" [_thread_blocked, id=15620, stack(0x000000e80ef00000,0x000000e80f000000)]
  0x0000028c9007a660 JavaThread "Execution worker Thread 5" [_thread_blocked, id=20608, stack(0x000000e80f000000,0x000000e80f100000)]
  0x0000028c9007db50 JavaThread "Execution worker Thread 6" [_thread_blocked, id=19712, stack(0x000000e80f100000,0x000000e80f200000)]
  0x0000028c9007b000 JavaThread "Execution worker Thread 7" [_thread_blocked, id=9136, stack(0x000000e80f200000,0x000000e80f300000)]
  0x0000028c9007e020 JavaThread "Cache worker for execution history cache (C:\Users\adp\Desktop\DDP\Code\CommunicationDisplay\.gradle\8.0\executionHistory)" [_thread_blocked, id=18964, stack(0x000000e80f300000,0x000000e80f400000)]
  0x0000028c9035e490 JavaThread "Cache worker for Java compile cache (C:\Users\adp\.gradle\caches\8.0\javaCompile)" [_thread_blocked, id=20552, stack(0x000000e80f400000,0x000000e80f500000)]
  0x0000028c9007e4f0 JavaThread "Build operations" [_thread_blocked, id=16520, stack(0x000000e80f500000,0x000000e80f600000)]
  0x0000028c9007f360 JavaThread "Build operations Thread 2" [_thread_blocked, id=20156, stack(0x000000e80f600000,0x000000e80f700000)]
  0x0000028c9007e9c0 JavaThread "Build operations Thread 3" [_thread_blocked, id=9840, stack(0x000000e80f700000,0x000000e80f800000)]
  0x0000028c9007cce0 JavaThread "Build operations Thread 4" [_thread_blocked, id=11172, stack(0x000000e80f800000,0x000000e80f900000)]
  0x0000028c90078980 JavaThread "Build operations Thread 5" [_thread_blocked, id=20212, stack(0x000000e80f900000,0x000000e80fa00000)]
  0x0000028c90078e50 JavaThread "Build operations Thread 6" [_thread_blocked, id=19284, stack(0x000000e80fa00000,0x000000e80fb00000)]
  0x0000028c9007f830 JavaThread "Build operations Thread 7" [_thread_blocked, id=21120, stack(0x000000e80fb00000,0x000000e80fc00000)]
  0x0000028c90077fe0 JavaThread "Build operations Thread 8" [_thread_blocked, id=32, stack(0x000000e80fc00000,0x000000e80fd00000)]

Other Threads:
  0x0000028cf90f3d30 VMThread "VM Thread" [stack: 0x000000e806300000,0x000000e806400000] [id=21284]
  0x0000028cee3405a0 WatcherThread [stack: 0x000000e806f00000,0x000000e807000000] [id=12880]
  0x0000028cee328360 GCTaskThread "GC Thread#0" [stack: 0x000000e805e00000,0x000000e805f00000] [id=14780]
  0x0000028cfa733a50 GCTaskThread "GC Thread#1" [stack: 0x000000e807000000,0x000000e807100000] [id=11744]
  0x0000028cfa9cfc80 GCTaskThread "GC Thread#2" [stack: 0x000000e807100000,0x000000e807200000] [id=14568]
  0x0000028cfa9cff30 GCTaskThread "GC Thread#3" [stack: 0x000000e807200000,0x000000e807300000] [id=13292]
  0x0000028cfac8b540 GCTaskThread "GC Thread#4" [stack: 0x000000e807300000,0x000000e807400000] [id=21480]
  0x0000028cfb49fd50 GCTaskThread "GC Thread#5" [stack: 0x000000e807e00000,0x000000e807f00000] [id=14884]
  0x0000028cfb5953f0 GCTaskThread "GC Thread#6" [stack: 0x000000e807f00000,0x000000e808000000] [id=19636]
  0x0000028cfb5956a0 GCTaskThread "GC Thread#7" [stack: 0x000000e808000000,0x000000e808100000] [id=18496]
  0x0000028cee339220 ConcurrentGCThread "G1 Main Marker" [stack: 0x000000e805f00000,0x000000e806000000] [id=20348]
  0x0000028cee33a2e0 ConcurrentGCThread "G1 Conc#0" [stack: 0x000000e806000000,0x000000e806100000] [id=12352]
  0x0000028cfb595950 ConcurrentGCThread "G1 Conc#1" [stack: 0x000000e808100000,0x000000e808200000] [id=6244]
  0x0000028cee38c420 ConcurrentGCThread "G1 Refine#0" [stack: 0x000000e806100000,0x000000e806200000] [id=13248]
  0x0000028cf8f600a0 ConcurrentGCThread "G1 Service" [stack: 0x000000e806200000,0x000000e806300000] [id=19216]

Threads with active compile tasks:
C2 CompilerThread0    16392 11214       4       org.gradle.api.internal.tasks.compile.incremental.serialization.HierarchicalNameSerializer::readName (51 bytes)

VM state: not at safepoint (normal execution)

VM Mutex/Monitor currently owned by a thread: None

Heap address: 0x0000000080000000, size: 2048 MB, Compressed Oops mode: 32-bit

CDS archive(s) not mapped
Compressed class space mapped at: 0x0000000100000000-0x0000000140000000, reserved size: 1073741824
Narrow klass base: 0x0000000000000000, Narrow klass shift: 3, Narrow klass range: 0x140000000

GC Precious Log:
 CPUs: 8 total, 8 available
 Memory: 6082M
 Large Page Support: Disabled
 NUMA Support: Disabled
 Compressed Oops: Enabled (32-bit)
 Heap Region Size: 1M
 Heap Min Capacity: 8M
 Heap Initial Capacity: 96M
 Heap Max Capacity: 2G
 Pre-touch: Disabled
 Parallel Workers: 8
 Concurrent Workers: 2
 Concurrent Refinement Workers: 8
 Periodic GC: Disabled

Heap:
 garbage-first heap   total 236544K, used 147578K [0x0000000080000000, 0x0000000100000000)
  region size 1024K, 60 young (61440K), 1 survivors (1024K)
 Metaspace       used 105087K, committed 105792K, reserved 1146880K
  class space    used 14223K, committed 14528K, reserved 1048576K

Heap Regions: E=young(eden), S=young(survivor), O=old, HS=humongous(starts), HC=humongous(continues), CS=collection set, F=free, OA=open archive, CA=closed archive, TAMS=top-at-mark-start (previous, next)
|   0|0x0000000080000000, 0x0000000080100000, 0x0000000080100000|100%|HS|  |TAMS 0x0000000080100000, 0x0000000080000000| Complete 
|   1|0x0000000080100000, 0x0000000080200000, 0x0000000080200000|100%|HC|  |TAMS 0x0000000080200000, 0x0000000080100000| Complete 
|   2|0x0000000080200000, 0x0000000080300000, 0x0000000080300000|100%|HC|  |TAMS 0x0000000080300000, 0x0000000080200000| Complete 
|   3|0x0000000080300000, 0x0000000080400000, 0x0000000080400000|100%|HC|  |TAMS 0x0000000080400000, 0x0000000080300000| Complete 
|   4|0x0000000080400000, 0x0000000080500000, 0x0000000080500000|100%| O|  |TAMS 0x0000000080500000, 0x0000000080400000| Untracked 
|   5|0x0000000080500000, 0x0000000080600000, 0x0000000080600000|100%| O|  |TAMS 0x0000000080600000, 0x0000000080500000| Untracked 
|   6|0x0000000080600000, 0x0000000080700000, 0x0000000080700000|100%| O|  |TAMS 0x0000000080700000, 0x0000000080600000| Untracked 
|   7|0x0000000080700000, 0x0000000080800000, 0x0000000080800000|100%| O|  |TAMS 0x0000000080800000, 0x0000000080700000| Untracked 
|   8|0x0000000080800000, 0x0000000080900000, 0x0000000080900000|100%| O|  |TAMS 0x0000000080900000, 0x0000000080800000| Untracked 
|   9|0x0000000080900000, 0x0000000080a00000, 0x0000000080a00000|100%| O|  |TAMS 0x0000000080a00000, 0x0000000080900000| Untracked 
|  10|0x0000000080a00000, 0x0000000080b00000, 0x0000000080b00000|100%| O|  |TAMS 0x0000000080b00000, 0x0000000080a00000| Untracked 
|  11|0x0000000080b00000, 0x0000000080c00000, 0x0000000080c00000|100%| O|  |TAMS 0x0000000080c00000, 0x0000000080b00000| Untracked 
|  12|0x0000000080c00000, 0x0000000080d00000, 0x0000000080d00000|100%| O|  |TAMS 0x0000000080d00000, 0x0000000080c00000| Untracked 
|  13|0x0000000080d00000, 0x0000000080e00000, 0x0000000080e00000|100%| O|  |TAMS 0x0000000080e00000, 0x0000000080d00000| Untracked 
|  14|0x0000000080e00000, 0x0000000080f00000, 0x0000000080f00000|100%| O|  |TAMS 0x0000000080f00000, 0x0000000080e00000| Untracked 
|  15|0x0000000080f00000, 0x0000000081000000, 0x0000000081000000|100%| O|  |TAMS 0x0000000081000000, 0x0000000080f00000| Untracked 
|  16|0x0000000081000000, 0x0000000081100000, 0x0000000081100000|100%| O|  |TAMS 0x0000000081100000, 0x0000000081000000| Untracked 
|  17|0x0000000081100000, 0x0000000081200000, 0x0000000081200000|100%| O|  |TAMS 0x0000000081200000, 0x0000000081100000| Untracked 
|  18|0x0000000081200000, 0x0000000081300000, 0x0000000081300000|100%| O|  |TAMS 0x0000000081300000, 0x0000000081200000| Untracked 
|  19|0x0000000081300000, 0x0000000081400000, 0x0000000081400000|100%| O|  |TAMS 0x0000000081400000, 0x0000000081300000| Untracked 
|  20|0x0000000081400000, 0x0000000081500000, 0x0000000081500000|100%| O|  |TAMS 0x0000000081500000, 0x0000000081400000| Untracked 
|  21|0x0000000081500000, 0x0000000081600000, 0x0000000081600000|100%| O|  |TAMS 0x0000000081600000, 0x0000000081500000| Untracked 
|  22|0x0000000081600000, 0x0000000081600000, 0x0000000081700000|  0%| F|  |TAMS 0x0000000081600000, 0x0000000081600000| Untracked 
|  23|0x0000000081700000, 0x0000000081800000, 0x0000000081800000|100%| O|  |TAMS 0x0000000081800000, 0x0000000081700000| Untracked 
|  24|0x0000000081800000, 0x0000000081900000, 0x0000000081900000|100%| O|  |TAMS 0x0000000081900000, 0x0000000081800000| Untracked 
|  25|0x0000000081900000, 0x0000000081a00000, 0x0000000081a00000|100%| O|  |TAMS 0x0000000081a00000, 0x0000000081900000| Untracked 
|  26|0x0000000081a00000, 0x0000000081b00000, 0x0000000081b00000|100%| O|  |TAMS 0x0000000081b00000, 0x0000000081a00000| Untracked 
|  27|0x0000000081b00000, 0x0000000081c00000, 0x0000000081c00000|100%| O|  |TAMS 0x0000000081c00000, 0x0000000081b00000| Untracked 
|  28|0x0000000081c00000, 0x0000000081d00000, 0x0000000081d00000|100%| O|  |TAMS 0x0000000081d00000, 0x0000000081c00000| Untracked 
|  29|0x0000000081d00000, 0x0000000081d94a00, 0x0000000081e00000| 58%| O|  |TAMS 0x0000000081d94a00, 0x0000000081d00000| Untracked 
|  30|0x0000000081e00000, 0x0000000081f00000, 0x0000000081f00000|100%|HS|  |TAMS 0x0000000081f00000, 0x0000000081e00000| Complete 
|  31|0x0000000081f00000, 0x0000000082000000, 0x0000000082000000|100%|HS|  |TAMS 0x0000000082000000, 0x0000000081f00000| Complete 
|  32|0x0000000082000000, 0x0000000082100000, 0x0000000082100000|100%|HS|  |TAMS 0x0000000082100000, 0x0000000082000000| Complete 
|  33|0x0000000082100000, 0x0000000082200000, 0x0000000082200000|100%| O|  |TAMS 0x0000000082200000, 0x0000000082100000| Untracked 
|  34|0x0000000082200000, 0x0000000082300000, 0x0000000082300000|100%| O|  |TAMS 0x0000000082300000, 0x0000000082200000| Untracked 
|  35|0x0000000082300000, 0x0000000082400000, 0x0000000082400000|100%| O|  |TAMS 0x0000000082400000, 0x0000000082300000| Untracked 
|  36|0x0000000082400000, 0x0000000082500000, 0x0000000082500000|100%| O|  |TAMS 0x0000000082500000, 0x0000000082400000| Untracked 
|  37|0x0000000082500000, 0x0000000082600000, 0x0000000082600000|100%| O|  |TAMS 0x0000000082600000, 0x0000000082500000| Untracked 
|  38|0x0000000082600000, 0x0000000082700000, 0x0000000082700000|100%| O|  |TAMS 0x0000000082700000, 0x0000000082600000| Untracked 
|  39|0x0000000082700000, 0x0000000082800000, 0x0000000082800000|100%| O|  |TAMS 0x0000000082800000, 0x0000000082700000| Untracked 
|  40|0x0000000082800000, 0x0000000082900000, 0x0000000082900000|100%| O|  |TAMS 0x0000000082900000, 0x0000000082800000| Untracked 
|  41|0x0000000082900000, 0x0000000082a00000, 0x0000000082a00000|100%| O|  |TAMS 0x0000000082a00000, 0x0000000082900000| Untracked 
|  42|0x0000000082a00000, 0x0000000082b00000, 0x0000000082b00000|100%| O|  |TAMS 0x0000000082b00000, 0x0000000082a00000| Untracked 
|  43|0x0000000082b00000, 0x0000000082c00000, 0x0000000082c00000|100%| O|  |TAMS 0x0000000082c00000, 0x0000000082b00000| Untracked 
|  44|0x0000000082c00000, 0x0000000082d00000, 0x0000000082d00000|100%| O|  |TAMS 0x0000000082c00000, 0x0000000082c00000| Untracked 
|  45|0x0000000082d00000, 0x0000000082e00000, 0x0000000082e00000|100%| O|  |TAMS 0x0000000082e00000, 0x0000000082d00000| Untracked 
|  46|0x0000000082e00000, 0x0000000082f00000, 0x0000000082f00000|100%| O|  |TAMS 0x0000000082f00000, 0x0000000082e00000| Untracked 
|  47|0x0000000082f00000, 0x0000000083000000, 0x0000000083000000|100%| O|  |TAMS 0x0000000083000000, 0x0000000082f00000| Untracked 
|  48|0x0000000083000000, 0x0000000083100000, 0x0000000083100000|100%| O|  |TAMS 0x0000000083100000, 0x0000000083000000| Untracked 
|  49|0x0000000083100000, 0x0000000083200000, 0x0000000083200000|100%| O|  |TAMS 0x0000000083200000, 0x0000000083100000| Untracked 
|  50|0x0000000083200000, 0x0000000083300000, 0x0000000083300000|100%| O|  |TAMS 0x0000000083300000, 0x0000000083200000| Untracked 
|  51|0x0000000083300000, 0x0000000083400000, 0x0000000083400000|100%| O|  |TAMS 0x0000000083400000, 0x0000000083300000| Untracked 
|  52|0x0000000083400000, 0x0000000083500000, 0x0000000083500000|100%| O|  |TAMS 0x0000000083500000, 0x0000000083400000| Untracked 
|  53|0x0000000083500000, 0x0000000083600000, 0x0000000083600000|100%| O|  |TAMS 0x0000000083600000, 0x0000000083500000| Untracked 
|  54|0x0000000083600000, 0x0000000083700000, 0x0000000083700000|100%| O|  |TAMS 0x0000000083700000, 0x0000000083600000| Untracked 
|  55|0x0000000083700000, 0x0000000083800000, 0x0000000083800000|100%| O|  |TAMS 0x0000000083800000, 0x0000000083700000| Untracked 
|  56|0x0000000083800000, 0x0000000083900000, 0x0000000083900000|100%| O|  |TAMS 0x0000000083900000, 0x0000000083800000| Untracked 
|  57|0x0000000083900000, 0x0000000083a00000, 0x0000000083a00000|100%| O|  |TAMS 0x0000000083a00000, 0x0000000083900000| Untracked 
|  58|0x0000000083a00000, 0x0000000083b00000, 0x0000000083b00000|100%| O|  |TAMS 0x0000000083b00000, 0x0000000083a00000| Untracked 
|  59|0x0000000083b00000, 0x0000000083c00000, 0x0000000083c00000|100%| O|  |TAMS 0x0000000083c00000, 0x0000000083b00000| Untracked 
|  60|0x0000000083c00000, 0x0000000083d00000, 0x0000000083d00000|100%| O|  |TAMS 0x0000000083d00000, 0x0000000083c00000| Untracked 
|  61|0x0000000083d00000, 0x0000000083e00000, 0x0000000083e00000|100%| O|  |TAMS 0x0000000083e00000, 0x0000000083d00000| Untracked 
|  62|0x0000000083e00000, 0x0000000083f00000, 0x0000000083f00000|100%| O|  |TAMS 0x0000000083f00000, 0x0000000083e00000| Untracked 
|  63|0x0000000083f00000, 0x0000000084000000, 0x0000000084000000|100%| O|  |TAMS 0x0000000084000000, 0x0000000083f00000| Untracked 
|  64|0x0000000084000000, 0x0000000084100000, 0x0000000084100000|100%| O|  |TAMS 0x0000000084100000, 0x0000000084000000| Untracked 
|  65|0x0000000084100000, 0x0000000084200000, 0x0000000084200000|100%| O|  |TAMS 0x0000000084200000, 0x0000000084100000| Untracked 
|  66|0x0000000084200000, 0x0000000084300000, 0x0000000084300000|100%| O|  |TAMS 0x0000000084300000, 0x0000000084200000| Untracked 
|  67|0x0000000084300000, 0x0000000084400000, 0x0000000084400000|100%| O|  |TAMS 0x0000000084400000, 0x0000000084300000| Untracked 
|  68|0x0000000084400000, 0x0000000084500000, 0x0000000084500000|100%| O|  |TAMS 0x0000000084500000, 0x0000000084400000| Untracked 
|  69|0x0000000084500000, 0x0000000084600000, 0x0000000084600000|100%| O|  |TAMS 0x0000000084600000, 0x0000000084500000| Untracked 
|  70|0x0000000084600000, 0x0000000084700000, 0x0000000084700000|100%| O|  |TAMS 0x0000000084700000, 0x0000000084600000| Untracked 
|  71|0x0000000084700000, 0x0000000084800000, 0x0000000084800000|100%| O|  |TAMS 0x0000000084800000, 0x0000000084700000| Untracked 
|  72|0x0000000084800000, 0x0000000084900000, 0x0000000084900000|100%| O|  |TAMS 0x0000000084900000, 0x0000000084800000| Untracked 
|  73|0x0000000084900000, 0x0000000084a00000, 0x0000000084a00000|100%| O|  |TAMS 0x0000000084a00000, 0x0000000084900000| Untracked 
|  74|0x0000000084a00000, 0x0000000084b00000, 0x0000000084b00000|100%| O|  |TAMS 0x0000000084b00000, 0x0000000084a00000| Untracked 
|  75|0x0000000084b00000, 0x0000000084c00000, 0x0000000084c00000|100%| O|  |TAMS 0x0000000084c00000, 0x0000000084b00000| Untracked 
|  76|0x0000000084c00000, 0x0000000084d00000, 0x0000000084d00000|100%| O|  |TAMS 0x0000000084d00000, 0x0000000084c00000| Untracked 
|  77|0x0000000084d00000, 0x0000000084e00000, 0x0000000084e00000|100%| O|  |TAMS 0x0000000084e00000, 0x0000000084d00000| Untracked 
|  78|0x0000000084e00000, 0x0000000084f00000, 0x0000000084f00000|100%| O|  |TAMS 0x0000000084f00000, 0x0000000084e00000| Untracked 
|  79|0x0000000084f00000, 0x0000000085000000, 0x0000000085000000|100%| O|  |TAMS 0x0000000085000000, 0x0000000084f00000| Untracked 
|  80|0x0000000085000000, 0x0000000085100000, 0x0000000085100000|100%| O|  |TAMS 0x0000000085043200, 0x0000000085000000| Untracked 
|  81|0x0000000085100000, 0x0000000085200000, 0x0000000085200000|100%| O|  |TAMS 0x0000000085100000, 0x0000000085100000| Untracked 
|  82|0x0000000085200000, 0x0000000085300000, 0x0000000085300000|100%| O|  |TAMS 0x0000000085200000, 0x0000000085200000| Untracked 
|  83|0x0000000085300000, 0x0000000085300000, 0x0000000085400000|  0%| F|  |TAMS 0x0000000085300000, 0x0000000085300000| Untracked 
|  84|0x0000000085400000, 0x0000000085500000, 0x0000000085500000|100%| O|  |TAMS 0x0000000085400000, 0x0000000085400000| Untracked 
|  85|0x0000000085500000, 0x0000000085600000, 0x0000000085600000|100%| O|  |TAMS 0x0000000085500000, 0x0000000085500000| Untracked 
|  86|0x0000000085600000, 0x0000000085700000, 0x0000000085700000|100%| O|  |TAMS 0x0000000085600000, 0x0000000085600000| Untracked 
|  87|0x0000000085700000, 0x0000000085711000, 0x0000000085800000|  6%| O|  |TAMS 0x0000000085700000, 0x0000000085700000| Untracked 
|  88|0x0000000085800000, 0x0000000085900000, 0x0000000085900000|100%|HS|  |TAMS 0x0000000085800000, 0x0000000085800000| Complete 
|  89|0x0000000085900000, 0x0000000085a00000, 0x0000000085a00000|100%|HC|  |TAMS 0x0000000085900000, 0x0000000085900000| Complete 
|  90|0x0000000085a00000, 0x0000000085a00000, 0x0000000085b00000|  0%| F|  |TAMS 0x0000000085a00000, 0x0000000085a00000| Untracked 
|  91|0x0000000085b00000, 0x0000000085b00000, 0x0000000085c00000|  0%| F|  |TAMS 0x0000000085b00000, 0x0000000085b00000| Untracked 
|  92|0x0000000085c00000, 0x0000000085c00000, 0x0000000085d00000|  0%| F|  |TAMS 0x0000000085c00000, 0x0000000085c00000| Untracked 
|  93|0x0000000085d00000, 0x0000000085d00000, 0x0000000085e00000|  0%| F|  |TAMS 0x0000000085d00000, 0x0000000085d00000| Untracked 
|  94|0x0000000085e00000, 0x0000000085e00000, 0x0000000085f00000|  0%| F|  |TAMS 0x0000000085e00000, 0x0000000085e00000| Untracked 
|  95|0x0000000085f00000, 0x0000000085f00000, 0x0000000086000000|  0%| F|  |TAMS 0x0000000085f00000, 0x0000000085f00000| Untracked 
|  96|0x0000000086000000, 0x0000000086000000, 0x0000000086100000|  0%| F|  |TAMS 0x0000000086000000, 0x0000000086000000| Untracked 
|  97|0x0000000086100000, 0x0000000086100000, 0x0000000086200000|  0%| F|  |TAMS 0x0000000086100000, 0x0000000086100000| Untracked 
|  98|0x0000000086200000, 0x0000000086200000, 0x0000000086300000|  0%| F|  |TAMS 0x0000000086200000, 0x0000000086200000| Untracked 
|  99|0x0000000086300000, 0x0000000086300000, 0x0000000086400000|  0%| F|  |TAMS 0x0000000086300000, 0x0000000086300000| Untracked 
| 100|0x0000000086400000, 0x0000000086400000, 0x0000000086500000|  0%| F|  |TAMS 0x0000000086400000, 0x0000000086400000| Untracked 
| 101|0x0000000086500000, 0x0000000086500000, 0x0000000086600000|  0%| F|  |TAMS 0x0000000086500000, 0x0000000086500000| Untracked 
| 102|0x0000000086600000, 0x0000000086600000, 0x0000000086700000|  0%| F|  |TAMS 0x0000000086600000, 0x0000000086600000| Untracked 
| 103|0x0000000086700000, 0x0000000086700000, 0x0000000086800000|  0%| F|  |TAMS 0x0000000086700000, 0x0000000086700000| Untracked 
| 104|0x0000000086800000, 0x0000000086800000, 0x0000000086900000|  0%| F|  |TAMS 0x0000000086800000, 0x0000000086800000| Untracked 
| 105|0x0000000086900000, 0x0000000086900000, 0x0000000086a00000|  0%| F|  |TAMS 0x0000000086900000, 0x0000000086900000| Untracked 
| 106|0x0000000086a00000, 0x0000000086a00000, 0x0000000086b00000|  0%| F|  |TAMS 0x0000000086a00000, 0x0000000086a00000| Untracked 
| 107|0x0000000086b00000, 0x0000000086b00000, 0x0000000086c00000|  0%| F|  |TAMS 0x0000000086b00000, 0x0000000086b00000| Untracked 
| 108|0x0000000086c00000, 0x0000000086c00000, 0x0000000086d00000|  0%| F|  |TAMS 0x0000000086c00000, 0x0000000086c00000| Untracked 
| 109|0x0000000086d00000, 0x0000000086d00000, 0x0000000086e00000|  0%| F|  |TAMS 0x0000000086d00000, 0x0000000086d00000| Untracked 
| 110|0x0000000086e00000, 0x0000000086e00000, 0x0000000086f00000|  0%| F|  |TAMS 0x0000000086e00000, 0x0000000086e00000| Untracked 
| 111|0x0000000086f00000, 0x0000000086f00000, 0x0000000087000000|  0%| F|  |TAMS 0x0000000086f00000, 0x0000000086f00000| Untracked 
| 112|0x0000000087000000, 0x0000000087000000, 0x0000000087100000|  0%| F|  |TAMS 0x0000000087000000, 0x0000000087000000| Untracked 
| 113|0x0000000087100000, 0x0000000087100000, 0x0000000087200000|  0%| F|  |TAMS 0x0000000087100000, 0x0000000087100000| Untracked 
| 114|0x0000000087200000, 0x0000000087200000, 0x0000000087300000|  0%| F|  |TAMS 0x0000000087200000, 0x0000000087200000| Untracked 
| 115|0x0000000087300000, 0x0000000087300000, 0x0000000087400000|  0%| F|  |TAMS 0x0000000087300000, 0x0000000087300000| Untracked 
| 116|0x0000000087400000, 0x0000000087400000, 0x0000000087500000|  0%| F|  |TAMS 0x0000000087400000, 0x0000000087400000| Untracked 
| 117|0x0000000087500000, 0x0000000087500000, 0x0000000087600000|  0%| F|  |TAMS 0x0000000087500000, 0x0000000087500000| Untracked 
| 118|0x0000000087600000, 0x0000000087600000, 0x0000000087700000|  0%| F|  |TAMS 0x0000000087600000, 0x0000000087600000| Untracked 
| 119|0x0000000087700000, 0x0000000087700000, 0x0000000087800000|  0%| F|  |TAMS 0x0000000087700000, 0x0000000087700000| Untracked 
| 120|0x0000000087800000, 0x0000000087800000, 0x0000000087900000|  0%| F|  |TAMS 0x0000000087800000, 0x0000000087800000| Untracked 
| 121|0x0000000087900000, 0x0000000087900000, 0x0000000087a00000|  0%| F|  |TAMS 0x0000000087900000, 0x0000000087900000| Untracked 
| 122|0x0000000087a00000, 0x0000000087a00000, 0x0000000087b00000|  0%| F|  |TAMS 0x0000000087a00000, 0x0000000087a00000| Untracked 
| 123|0x0000000087b00000, 0x0000000087b00000, 0x0000000087c00000|  0%| F|  |TAMS 0x0000000087b00000, 0x0000000087b00000| Untracked 
| 124|0x0000000087c00000, 0x0000000087c00000, 0x0000000087d00000|  0%| F|  |TAMS 0x0000000087c00000, 0x0000000087c00000| Untracked 
| 125|0x0000000087d00000, 0x0000000087d00000, 0x0000000087e00000|  0%| F|  |TAMS 0x0000000087d00000, 0x0000000087d00000| Untracked 
| 126|0x0000000087e00000, 0x0000000087e00000, 0x0000000087f00000|  0%| F|  |TAMS 0x0000000087e00000, 0x0000000087e00000| Untracked 
| 127|0x0000000087f00000, 0x0000000087f00000, 0x0000000088000000|  0%| F|  |TAMS 0x0000000087f00000, 0x0000000087f00000| Untracked 
| 128|0x0000000088000000, 0x0000000088000000, 0x0000000088100000|  0%| F|  |TAMS 0x0000000088000000, 0x0000000088000000| Untracked 
| 129|0x0000000088100000, 0x0000000088100000, 0x0000000088200000|  0%| F|  |TAMS 0x0000000088100000, 0x0000000088100000| Untracked 
| 130|0x0000000088200000, 0x0000000088200000, 0x0000000088300000|  0%| F|  |TAMS 0x0000000088200000, 0x0000000088200000| Untracked 
| 131|0x0000000088300000, 0x0000000088300000, 0x0000000088400000|  0%| F|  |TAMS 0x0000000088300000, 0x0000000088300000| Untracked 
| 132|0x0000000088400000, 0x0000000088400000, 0x0000000088500000|  0%| F|  |TAMS 0x0000000088400000, 0x0000000088400000| Untracked 
| 133|0x0000000088500000, 0x0000000088500000, 0x0000000088600000|  0%| F|  |TAMS 0x0000000088500000, 0x0000000088500000| Untracked 
| 134|0x0000000088600000, 0x0000000088600000, 0x0000000088700000|  0%| F|  |TAMS 0x0000000088600000, 0x0000000088600000| Untracked 
| 135|0x0000000088700000, 0x0000000088700000, 0x0000000088800000|  0%| F|  |TAMS 0x0000000088700000, 0x0000000088700000| Untracked 
| 136|0x0000000088800000, 0x0000000088800000, 0x0000000088900000|  0%| F|  |TAMS 0x0000000088800000, 0x0000000088800000| Untracked 
| 137|0x0000000088900000, 0x0000000088900000, 0x0000000088a00000|  0%| F|  |TAMS 0x0000000088900000, 0x0000000088900000| Untracked 
| 138|0x0000000088a00000, 0x0000000088a00000, 0x0000000088b00000|  0%| F|  |TAMS 0x0000000088a00000, 0x0000000088a00000| Untracked 
| 139|0x0000000088b00000, 0x0000000088b00000, 0x0000000088c00000|  0%| F|  |TAMS 0x0000000088b00000, 0x0000000088b00000| Untracked 
| 140|0x0000000088c00000, 0x0000000088c00000, 0x0000000088d00000|  0%| F|  |TAMS 0x0000000088c00000, 0x0000000088c00000| Untracked 
| 141|0x0000000088d00000, 0x0000000088d00000, 0x0000000088e00000|  0%| F|  |TAMS 0x0000000088d00000, 0x0000000088d00000| Untracked 
| 142|0x0000000088e00000, 0x0000000088e00000, 0x0000000088f00000|  0%| F|  |TAMS 0x0000000088e00000, 0x0000000088e00000| Untracked 
| 143|0x0000000088f00000, 0x0000000088f00000, 0x0000000089000000|  0%| F|  |TAMS 0x0000000088f00000, 0x0000000088f00000| Untracked 
| 144|0x0000000089000000, 0x0000000089000000, 0x0000000089100000|  0%| F|  |TAMS 0x0000000089000000, 0x0000000089000000| Untracked 
| 145|0x0000000089100000, 0x0000000089100000, 0x0000000089200000|  0%| F|  |TAMS 0x0000000089100000, 0x0000000089100000| Untracked 
| 146|0x0000000089200000, 0x0000000089200000, 0x0000000089300000|  0%| F|  |TAMS 0x0000000089200000, 0x0000000089200000| Untracked 
| 147|0x0000000089300000, 0x0000000089300000, 0x0000000089400000|  0%| F|  |TAMS 0x0000000089300000, 0x0000000089300000| Untracked 
| 148|0x0000000089400000, 0x0000000089400000, 0x0000000089500000|  0%| F|  |TAMS 0x0000000089400000, 0x0000000089400000| Untracked 
| 149|0x0000000089500000, 0x0000000089500000, 0x0000000089600000|  0%| F|  |TAMS 0x0000000089500000, 0x0000000089500000| Untracked 
| 150|0x0000000089600000, 0x0000000089600000, 0x0000000089700000|  0%| F|  |TAMS 0x0000000089600000, 0x0000000089600000| Untracked 
| 151|0x0000000089700000, 0x0000000089700000, 0x0000000089800000|  0%| F|  |TAMS 0x0000000089700000, 0x0000000089700000| Untracked 
| 152|0x0000000089800000, 0x0000000089800000, 0x0000000089900000|  0%| F|  |TAMS 0x0000000089800000, 0x0000000089800000| Untracked 
| 153|0x0000000089900000, 0x0000000089900000, 0x0000000089a00000|  0%| F|  |TAMS 0x0000000089900000, 0x0000000089900000| Untracked 
| 154|0x0000000089a00000, 0x0000000089a79140, 0x0000000089b00000| 47%| S|CS|TAMS 0x0000000089a00000, 0x0000000089a00000| Complete 
| 155|0x0000000089b00000, 0x0000000089b00000, 0x0000000089c00000|  0%| F|  |TAMS 0x0000000089b00000, 0x0000000089b00000| Untracked 
| 156|0x0000000089c00000, 0x0000000089c00000, 0x0000000089d00000|  0%| F|  |TAMS 0x0000000089c00000, 0x0000000089c00000| Untracked 
| 157|0x0000000089d00000, 0x0000000089d00000, 0x0000000089e00000|  0%| F|  |TAMS 0x0000000089d00000, 0x0000000089d00000| Untracked 
| 158|0x0000000089e00000, 0x0000000089e00000, 0x0000000089f00000|  0%| F|  |TAMS 0x0000000089e00000, 0x0000000089e00000| Untracked 
| 159|0x0000000089f00000, 0x0000000089f00000, 0x000000008a000000|  0%| F|  |TAMS 0x0000000089f00000, 0x0000000089f00000| Untracked 
| 160|0x000000008a000000, 0x000000008a000000, 0x000000008a100000|  0%| F|  |TAMS 0x000000008a000000, 0x000000008a000000| Untracked 
| 161|0x000000008a100000, 0x000000008a100000, 0x000000008a200000|  0%| F|  |TAMS 0x000000008a100000, 0x000000008a100000| Untracked 
| 162|0x000000008a200000, 0x000000008a200000, 0x000000008a300000|  0%| F|  |TAMS 0x000000008a200000, 0x000000008a200000| Untracked 
| 163|0x000000008a300000, 0x000000008a300000, 0x000000008a400000|  0%| F|  |TAMS 0x000000008a300000, 0x000000008a300000| Untracked 
| 164|0x000000008a400000, 0x000000008a400000, 0x000000008a500000|  0%| F|  |TAMS 0x000000008a400000, 0x000000008a400000| Untracked 
| 165|0x000000008a500000, 0x000000008a500000, 0x000000008a600000|  0%| F|  |TAMS 0x000000008a500000, 0x000000008a500000| Untracked 
| 166|0x000000008a600000, 0x000000008a600000, 0x000000008a700000|  0%| F|  |TAMS 0x000000008a600000, 0x000000008a600000| Untracked 
| 167|0x000000008a700000, 0x000000008a700000, 0x000000008a800000|  0%| F|  |TAMS 0x000000008a700000, 0x000000008a700000| Untracked 
| 168|0x000000008a800000, 0x000000008a800000, 0x000000008a900000|  0%| F|  |TAMS 0x000000008a800000, 0x000000008a800000| Untracked 
| 169|0x000000008a900000, 0x000000008a900000, 0x000000008aa00000|  0%| F|  |TAMS 0x000000008a900000, 0x000000008a900000| Untracked 
| 170|0x000000008aa00000, 0x000000008aa00000, 0x000000008ab00000|  0%| F|  |TAMS 0x000000008aa00000, 0x000000008aa00000| Untracked 
| 171|0x000000008ab00000, 0x000000008ab00000, 0x000000008ac00000|  0%| F|  |TAMS 0x000000008ab00000, 0x000000008ab00000| Untracked 
| 172|0x000000008ac00000, 0x000000008ad00000, 0x000000008ad00000|100%| E|  |TAMS 0x000000008ac00000, 0x000000008ac00000| Complete 
| 173|0x000000008ad00000, 0x000000008ae00000, 0x000000008ae00000|100%| E|CS|TAMS 0x000000008ad00000, 0x000000008ad00000| Complete 
| 174|0x000000008ae00000, 0x000000008af00000, 0x000000008af00000|100%| E|CS|TAMS 0x000000008ae00000, 0x000000008ae00000| Complete 
| 175|0x000000008af00000, 0x000000008b000000, 0x000000008b000000|100%| E|CS|TAMS 0x000000008af00000, 0x000000008af00000| Complete 
| 176|0x000000008b000000, 0x000000008b100000, 0x000000008b100000|100%| E|CS|TAMS 0x000000008b000000, 0x000000008b000000| Complete 
| 177|0x000000008b100000, 0x000000008b200000, 0x000000008b200000|100%| E|CS|TAMS 0x000000008b100000, 0x000000008b100000| Complete 
| 178|0x000000008b200000, 0x000000008b300000, 0x000000008b300000|100%| E|CS|TAMS 0x000000008b200000, 0x000000008b200000| Complete 
| 179|0x000000008b300000, 0x000000008b400000, 0x000000008b400000|100%| E|CS|TAMS 0x000000008b300000, 0x000000008b300000| Complete 
| 180|0x000000008b400000, 0x000000008b500000, 0x000000008b500000|100%| E|CS|TAMS 0x000000008b400000, 0x000000008b400000| Complete 
| 181|0x000000008b500000, 0x000000008b600000, 0x000000008b600000|100%| E|CS|TAMS 0x000000008b500000, 0x000000008b500000| Complete 
| 182|0x000000008b600000, 0x000000008b700000, 0x000000008b700000|100%| E|CS|TAMS 0x000000008b600000, 0x000000008b600000| Complete 
| 183|0x000000008b700000, 0x000000008b800000, 0x000000008b800000|100%| E|CS|TAMS 0x000000008b700000, 0x000000008b700000| Complete 
| 184|0x000000008b800000, 0x000000008b900000, 0x000000008b900000|100%| E|CS|TAMS 0x000000008b800000, 0x000000008b800000| Complete 
| 185|0x000000008b900000, 0x000000008ba00000, 0x000000008ba00000|100%| E|  |TAMS 0x000000008b900000, 0x000000008b900000| Complete 
| 186|0x000000008ba00000, 0x000000008bb00000, 0x000000008bb00000|100%| E|CS|TAMS 0x000000008ba00000, 0x000000008ba00000| Complete 
| 187|0x000000008bb00000, 0x000000008bc00000, 0x000000008bc00000|100%| E|CS|TAMS 0x000000008bb00000, 0x000000008bb00000| Complete 
| 188|0x000000008bc00000, 0x000000008bd00000, 0x000000008bd00000|100%| E|CS|TAMS 0x000000008bc00000, 0x000000008bc00000| Complete 
| 189|0x000000008bd00000, 0x000000008be00000, 0x000000008be00000|100%| E|CS|TAMS 0x000000008bd00000, 0x000000008bd00000| Complete 
| 190|0x000000008be00000, 0x000000008bf00000, 0x000000008bf00000|100%| E|CS|TAMS 0x000000008be00000, 0x000000008be00000| Complete 
| 191|0x000000008bf00000, 0x000000008c000000, 0x000000008c000000|100%| E|CS|TAMS 0x000000008bf00000, 0x000000008bf00000| Complete 
| 192|0x000000008c000000, 0x000000008c100000, 0x000000008c100000|100%| E|CS|TAMS 0x000000008c000000, 0x000000008c000000| Complete 
| 193|0x000000008c100000, 0x000000008c200000, 0x000000008c200000|100%| E|CS|TAMS 0x000000008c100000, 0x000000008c100000| Complete 
| 194|0x000000008c200000, 0x000000008c300000, 0x000000008c300000|100%| E|CS|TAMS 0x000000008c200000, 0x000000008c200000| Complete 
| 195|0x000000008c300000, 0x000000008c400000, 0x000000008c400000|100%| E|CS|TAMS 0x000000008c300000, 0x000000008c300000| Complete 
| 196|0x000000008c400000, 0x000000008c500000, 0x000000008c500000|100%| E|CS|TAMS 0x000000008c400000, 0x000000008c400000| Complete 
| 197|0x000000008c500000, 0x000000008c600000, 0x000000008c600000|100%| E|CS|TAMS 0x000000008c500000, 0x000000008c500000| Complete 
| 198|0x000000008c600000, 0x000000008c700000, 0x000000008c700000|100%| E|CS|TAMS 0x000000008c600000, 0x000000008c600000| Complete 
| 199|0x000000008c700000, 0x000000008c800000, 0x000000008c800000|100%| E|CS|TAMS 0x000000008c700000, 0x000000008c700000| Complete 
| 200|0x000000008c800000, 0x000000008c900000, 0x000000008c900000|100%| E|CS|TAMS 0x000000008c800000, 0x000000008c800000| Complete 
| 201|0x000000008c900000, 0x000000008ca00000, 0x000000008ca00000|100%| E|CS|TAMS 0x000000008c900000, 0x000000008c900000| Complete 
| 202|0x000000008ca00000, 0x000000008cb00000, 0x000000008cb00000|100%| E|CS|TAMS 0x000000008ca00000, 0x000000008ca00000| Complete 
| 203|0x000000008cb00000, 0x000000008cc00000, 0x000000008cc00000|100%| E|CS|TAMS 0x000000008cb00000, 0x000000008cb00000| Complete 
| 204|0x000000008cc00000, 0x000000008cd00000, 0x000000008cd00000|100%| E|CS|TAMS 0x000000008cc00000, 0x000000008cc00000| Complete 
| 205|0x000000008cd00000, 0x000000008ce00000, 0x000000008ce00000|100%| E|CS|TAMS 0x000000008cd00000, 0x000000008cd00000| Complete 
| 206|0x000000008ce00000, 0x000000008cf00000, 0x000000008cf00000|100%| E|CS|TAMS 0x000000008ce00000, 0x000000008ce00000| Complete 
| 207|0x000000008cf00000, 0x000000008d000000, 0x000000008d000000|100%| E|CS|TAMS 0x000000008cf00000, 0x000000008cf00000| Complete 
| 208|0x000000008d000000, 0x000000008d100000, 0x000000008d100000|100%| E|CS|TAMS 0x000000008d000000, 0x000000008d000000| Complete 
| 209|0x000000008d100000, 0x000000008d200000, 0x000000008d200000|100%| E|CS|TAMS 0x000000008d100000, 0x000000008d100000| Complete 
| 210|0x000000008d200000, 0x000000008d300000, 0x000000008d300000|100%| E|CS|TAMS 0x000000008d200000, 0x000000008d200000| Complete 
| 211|0x000000008d300000, 0x000000008d400000, 0x000000008d400000|100%| E|CS|TAMS 0x000000008d300000, 0x000000008d300000| Complete 
| 212|0x000000008d400000, 0x000000008d500000, 0x000000008d500000|100%| E|CS|TAMS 0x000000008d400000, 0x000000008d400000| Complete 
| 213|0x000000008d500000, 0x000000008d600000, 0x000000008d600000|100%| E|CS|TAMS 0x000000008d500000, 0x000000008d500000| Complete 
| 214|0x000000008d600000, 0x000000008d700000, 0x000000008d700000|100%| E|CS|TAMS 0x000000008d600000, 0x000000008d600000| Complete 
| 215|0x000000008d700000, 0x000000008d800000, 0x000000008d800000|100%| E|CS|TAMS 0x000000008d700000, 0x000000008d700000| Complete 
| 216|0x000000008d800000, 0x000000008d900000, 0x000000008d900000|100%| E|CS|TAMS 0x000000008d800000, 0x000000008d800000| Complete 
| 217|0x000000008d900000, 0x000000008da00000, 0x000000008da00000|100%| E|CS|TAMS 0x000000008d900000, 0x000000008d900000| Complete 
| 218|0x000000008da00000, 0x000000008db00000, 0x000000008db00000|100%| E|CS|TAMS 0x000000008da00000, 0x000000008da00000| Complete 
| 219|0x000000008db00000, 0x000000008dc00000, 0x000000008dc00000|100%| E|CS|TAMS 0x000000008db00000, 0x000000008db00000| Complete 
| 220|0x000000008dc00000, 0x000000008dd00000, 0x000000008dd00000|100%| E|CS|TAMS 0x000000008dc00000, 0x000000008dc00000| Complete 
| 221|0x000000008dd00000, 0x000000008de00000, 0x000000008de00000|100%| E|CS|TAMS 0x000000008dd00000, 0x000000008dd00000| Complete 
| 222|0x000000008de00000, 0x000000008df00000, 0x000000008df00000|100%| E|CS|TAMS 0x000000008de00000, 0x000000008de00000| Complete 
| 223|0x000000008df00000, 0x000000008e000000, 0x000000008e000000|100%| E|CS|TAMS 0x000000008df00000, 0x000000008df00000| Complete 
| 224|0x000000008e000000, 0x000000008e100000, 0x000000008e100000|100%| E|CS|TAMS 0x000000008e000000, 0x000000008e000000| Complete 
| 225|0x000000008e100000, 0x000000008e200000, 0x000000008e200000|100%| E|CS|TAMS 0x000000008e100000, 0x000000008e100000| Complete 
| 226|0x000000008e200000, 0x000000008e300000, 0x000000008e300000|100%| E|CS|TAMS 0x000000008e200000, 0x000000008e200000| Complete 
| 227|0x000000008e300000, 0x000000008e400000, 0x000000008e400000|100%| E|CS|TAMS 0x000000008e300000, 0x000000008e300000| Complete 
| 228|0x000000008e400000, 0x000000008e500000, 0x000000008e500000|100%| E|CS|TAMS 0x000000008e400000, 0x000000008e400000| Complete 
| 229|0x000000008e500000, 0x000000008e600000, 0x000000008e600000|100%| E|CS|TAMS 0x000000008e500000, 0x000000008e500000| Complete 
| 230|0x000000008e600000, 0x000000008e700000, 0x000000008e700000|100%| E|CS|TAMS 0x000000008e600000, 0x000000008e600000| Complete 

Card table byte_map: [0x0000028cf1ec0000,0x0000028cf22c0000] _byte_map_base: 0x0000028cf1ac0000

Marking Bits (Prev, Next): (CMBitMap*) 0x0000028cee3288c0, (CMBitMap*) 0x0000028cee328880
 Prev Bits: [0x0000028cf46c0000, 0x0000028cf66c0000)
 Next Bits: [0x0000028cf26c0000, 0x0000028cf46c0000)

Polling page: 0x0000028cec290000

Metaspace:

Usage:
  Non-class:     88.73 MB used.
      Class:     13.89 MB used.
       Both:    102.62 MB used.

Virtual space:
  Non-class space:       96.00 MB reserved,      89.13 MB ( 93%) committed,  12 nodes.
      Class space:        1.00 GB reserved,      14.19 MB (  1%) committed,  1 nodes.
             Both:        1.09 GB reserved,     103.31 MB (  9%) committed. 

Chunk freelists:
   Non-Class:  2.61 MB
       Class:  1.84 MB
        Both:  4.45 MB

MaxMetaspaceSize: unlimited
CompressedClassSpaceSize: 1.00 GB
Initial GC threshold: 21.00 MB
Current GC threshold: 158.38 MB
CDS: off
MetaspaceReclaimPolicy: balanced
 - commit_granule_bytes: 65536.
 - commit_granule_words: 8192.
 - virtual_space_node_default_size: 1048576.
 - enlarge_chunks_in_place: 1.
 - new_chunks_are_fully_committed: 0.
 - uncommit_free_chunks: 1.
 - use_allocation_guard: 0.
 - handle_deallocations: 1.


Internal statistics:

num_allocs_failed_limit: 9.
num_arena_births: 1026.
num_arena_deaths: 16.
num_vsnodes_births: 13.
num_vsnodes_deaths: 0.
num_space_committed: 1652.
num_space_uncommitted: 0.
num_chunks_returned_to_freelist: 30.
num_chunks_taken_from_freelist: 4731.
num_chunk_merges: 14.
num_chunk_splits: 3175.
num_chunks_enlarged: 2176.
num_purges: 2.
num_inconsistent_stats: 0.

CodeHeap 'non-profiled nmethods': size=120000Kb used=3771Kb max_used=3771Kb free=116228Kb
 bounds [0x0000028c87ad0000, 0x0000028c87e80000, 0x0000028c8f000000]
CodeHeap 'profiled nmethods': size=120000Kb used=17844Kb max_used=17844Kb free=102155Kb
 bounds [0x0000028c80000000, 0x0000028c81170000, 0x0000028c87530000]
CodeHeap 'non-nmethods': size=5760Kb used=2429Kb max_used=2477Kb free=3330Kb
 bounds [0x0000028c87530000, 0x0000028c877b0000, 0x0000028c87ad0000]
 total_blobs=11454 nmethods=10483 adapters=883
 compilation: enabled
              stopped_count=0, restarted_count=0
 full_count=0

Compilation events (20 events):
Event: 16.249 Thread 0x0000028cf9c2db00 11540       2       jdk.nio.zipfs.ZipDirectoryStream::<init> (49 bytes)
Event: 16.250 Thread 0x0000028cf9c2db00 nmethod 11540 0x0000028c81165490 code [0x0000028c81165660, 0x0000028c811659d8]
Event: 16.250 Thread 0x0000028cf9c2db00 11541   !   2       jdk.nio.zipfs.ZipFileSystem::isDirectory (42 bytes)
Event: 16.250 Thread 0x0000028cf9c2db00 nmethod 11541 0x0000028c81165c10 code [0x0000028c81165e00, 0x0000028c81166198]
Event: 16.251 Thread 0x0000028cf9c2db00 11542  s!   2       jdk.nio.zipfs.ZipDirectoryStream::iterator (73 bytes)
Event: 16.251 Thread 0x0000028cf9c2db00 nmethod 11542 0x0000028c81166590 code [0x0000028c81166780, 0x0000028c81166cd8]
Event: 16.251 Thread 0x0000028cf9c2db00 11544       2       com.sun.tools.javac.file.JavacFileManager$ArchiveContainer::isValid (39 bytes)
Event: 16.252 Thread 0x0000028cf9c2db00 nmethod 11544 0x0000028c81166f10 code [0x0000028c811670e0, 0x0000028c81167318]
Event: 16.252 Thread 0x0000028cf9c2db00 11543       2       jdk.nio.zipfs.ZipPath::getFileName (5 bytes)
Event: 16.252 Thread 0x0000028cf9c2db00 nmethod 11543 0x0000028c81167510 code [0x0000028c811676a0, 0x0000028c811677c8]
Event: 16.267 Thread 0x0000028cf9c2db00 11545       2       jdk.nio.zipfs.ZipPath::compareTo (87 bytes)
Event: 16.268 Thread 0x0000028cf9c2db00 nmethod 11545 0x0000028c81167890 code [0x0000028c81167a60, 0x0000028c81167e98]
Event: 16.278 Thread 0x0000028cf9c2db00 11546       2       java.util.Collections::singletonMap (10 bytes)
Event: 16.278 Thread 0x0000028cf9c2db00 nmethod 11546 0x0000028c81168110 code [0x0000028c811682a0, 0x0000028c81168498]
Event: 16.278 Thread 0x0000028cf9c2db00 11547       2       java.util.Collections$SingletonMap::<init> (15 bytes)
Event: 16.278 Thread 0x0000028cf9c2db00 nmethod 11547 0x0000028c81168510 code [0x0000028c811686a0, 0x0000028c81168858]
Event: 16.281 Thread 0x0000028cf9c2db00 11548       2       jdk.nio.zipfs.ZipFileSystem::getString (9 bytes)
Event: 16.281 Thread 0x0000028cf9c2db00 nmethod 11548 0x0000028c81168910 code [0x0000028c81168aa0, 0x0000028c81168bc8]
Event: 16.294 Thread 0x0000028cf9c2db00 11549       2       com.sun.tools.javac.file.RelativePath$RelativeDirectory::<init> (44 bytes)
Event: 16.295 Thread 0x0000028cf9c2db00 nmethod 11549 0x0000028c81168c90 code [0x0000028c81168e80, 0x0000028c811691b8]

GC Heap History (20 events):
Event: 10.237 GC heap before
{Heap before GC invocations=17 (full 0):
 garbage-first heap   total 143360K, used 112140K [0x0000000080000000, 0x0000000100000000)
  region size 1024K, 61 young (62464K), 6 survivors (6144K)
 Metaspace       used 79652K, committed 80256K, reserved 1122304K
  class space    used 10572K, committed 10880K, reserved 1048576K
}
Event: 10.244 GC heap after
{Heap after GC invocations=18 (full 0):
 garbage-first heap   total 143360K, used 59743K [0x0000000080000000, 0x0000000100000000)
  region size 1024K, 4 young (4096K), 4 survivors (4096K)
 Metaspace       used 79652K, committed 80256K, reserved 1122304K
  class space    used 10572K, committed 10880K, reserved 1048576K
}
Event: 11.083 GC heap before
{Heap before GC invocations=18 (full 0):
 garbage-first heap   total 143360K, used 115039K [0x0000000080000000, 0x0000000100000000)
  region size 1024K, 57 young (58368K), 4 survivors (4096K)
 Metaspace       used 86046K, committed 86656K, reserved 1130496K
  class space    used 11668K, committed 11968K, reserved 1048576K
}
Event: 11.091 GC heap after
{Heap after GC invocations=19 (full 0):
 garbage-first heap   total 143360K, used 62793K [0x0000000080000000, 0x0000000100000000)
  region size 1024K, 7 young (7168K), 7 survivors (7168K)
 Metaspace       used 86046K, committed 86656K, reserved 1130496K
  class space    used 11668K, committed 11968K, reserved 1048576K
}
Event: 11.857 GC heap before
{Heap before GC invocations=19 (full 0):
 garbage-first heap   total 143360K, used 116041K [0x0000000080000000, 0x0000000100000000)
  region size 1024K, 59 young (60416K), 7 survivors (7168K)
 Metaspace       used 92279K, committed 92928K, reserved 1130496K
  class space    used 12562K, committed 12864K, reserved 1048576K
}
Event: 11.865 GC heap after
{Heap after GC invocations=20 (full 0):
 garbage-first heap   total 143360K, used 67047K [0x0000000080000000, 0x0000000100000000)
  region size 1024K, 8 young (8192K), 8 survivors (8192K)
 Metaspace       used 92279K, committed 92928K, reserved 1130496K
  class space    used 12562K, committed 12864K, reserved 1048576K
}
Event: 12.259 GC heap before
{Heap before GC invocations=20 (full 0):
 garbage-first heap   total 143360K, used 116199K [0x0000000080000000, 0x0000000100000000)
  region size 1024K, 56 young (57344K), 8 survivors (8192K)
 Metaspace       used 93689K, committed 94336K, reserved 1130496K
  class space    used 12747K, committed 13056K, reserved 1048576K
}
Event: 12.271 GC heap after
{Heap after GC invocations=21 (full 0):
 garbage-first heap   total 143360K, used 73576K [0x0000000080000000, 0x0000000100000000)
  region size 1024K, 7 young (7168K), 7 survivors (7168K)
 Metaspace       used 93689K, committed 94336K, reserved 1130496K
  class space    used 12747K, committed 13056K, reserved 1048576K
}
Event: 12.871 GC heap before
{Heap before GC invocations=21 (full 0):
 garbage-first heap   total 143360K, used 114536K [0x0000000080000000, 0x0000000100000000)
  region size 1024K, 48 young (49152K), 7 survivors (7168K)
 Metaspace       used 95757K, committed 96384K, reserved 1138688K
  class space    used 13136K, committed 13440K, reserved 1048576K
}
Event: 12.880 GC heap after
{Heap after GC invocations=22 (full 0):
 garbage-first heap   total 143360K, used 79693K [0x0000000080000000, 0x0000000100000000)
  region size 1024K, 6 young (6144K), 6 survivors (6144K)
 Metaspace       used 95757K, committed 96384K, reserved 1138688K
  class space    used 13136K, committed 13440K, reserved 1048576K
}
Event: 13.796 GC heap before
{Heap before GC invocations=23 (full 0):
 garbage-first heap   total 155648K, used 113485K [0x0000000080000000, 0x0000000100000000)
  region size 1024K, 40 young (40960K), 6 survivors (6144K)
 Metaspace       used 95995K, committed 96704K, reserved 1138688K
  class space    used 13143K, committed 13504K, reserved 1048576K
}
Event: 13.803 GC heap after
{Heap after GC invocations=24 (full 0):
 garbage-first heap   total 155648K, used 81687K [0x0000000080000000, 0x0000000100000000)
  region size 1024K, 3 young (3072K), 3 survivors (3072K)
 Metaspace       used 95995K, committed 96704K, reserved 1138688K
  class space    used 13143K, committed 13504K, reserved 1048576K
}
Event: 13.862 GC heap before
{Heap before GC invocations=24 (full 0):
 garbage-first heap   total 155648K, used 84759K [0x0000000080000000, 0x0000000100000000)
  region size 1024K, 7 young (7168K), 3 survivors (3072K)
 Metaspace       used 96057K, committed 96704K, reserved 1138688K
  class space    used 13145K, committed 13504K, reserved 1048576K
}
Event: 13.869 GC heap after
{Heap after GC invocations=25 (full 0):
 garbage-first heap   total 155648K, used 81595K [0x0000000080000000, 0x0000000100000000)
  region size 1024K, 1 young (1024K), 1 survivors (1024K)
 Metaspace       used 96057K, committed 96704K, reserved 1138688K
  class space    used 13145K, committed 13504K, reserved 1048576K
}
Event: 14.339 GC heap before
{Heap before GC invocations=25 (full 0):
 garbage-first heap   total 155648K, used 124603K [0x0000000080000000, 0x0000000100000000)
  region size 1024K, 44 young (45056K), 1 survivors (1024K)
 Metaspace       used 96593K, committed 97216K, reserved 1138688K
  class space    used 13181K, committed 13504K, reserved 1048576K
}
Event: 14.346 GC heap after
{Heap after GC invocations=26 (full 0):
 garbage-first heap   total 155648K, used 84383K [0x0000000080000000, 0x0000000100000000)
  region size 1024K, 4 young (4096K), 4 survivors (4096K)
 Metaspace       used 96593K, committed 97216K, reserved 1138688K
  class space    used 13181K, committed 13504K, reserved 1048576K
}
Event: 14.771 GC heap before
{Heap before GC invocations=27 (full 0):
 garbage-first heap   total 163840K, used 125343K [0x0000000080000000, 0x0000000100000000)
  region size 1024K, 45 young (46080K), 4 survivors (4096K)
 Metaspace       used 96867K, committed 97536K, reserved 1138688K
  class space    used 13214K, committed 13504K, reserved 1048576K
}
Event: 14.779 GC heap after
{Heap after GC invocations=28 (full 0):
 garbage-first heap   total 163840K, used 87313K [0x0000000080000000, 0x0000000100000000)
  region size 1024K, 3 young (3072K), 3 survivors (3072K)
 Metaspace       used 96867K, committed 97536K, reserved 1138688K
  class space    used 13214K, committed 13504K, reserved 1048576K
}
Event: 14.954 GC heap before
{Heap before GC invocations=28 (full 0):
 garbage-first heap   total 163840K, used 92433K [0x0000000080000000, 0x0000000100000000)
  region size 1024K, 8 young (8192K), 3 survivors (3072K)
 Metaspace       used 97855K, committed 98496K, reserved 1138688K
  class space    used 13302K, committed 13632K, reserved 1048576K
}
Event: 14.972 GC heap after
{Heap after GC invocations=29 (full 0):
 garbage-first heap   total 236544K, used 87162K [0x0000000080000000, 0x0000000100000000)
  region size 1024K, 1 young (1024K), 1 survivors (1024K)
 Metaspace       used 97855K, committed 98496K, reserved 1138688K
  class space    used 13302K, committed 13632K, reserved 1048576K
}

Dll operation events (2 events):
Event: 0.019 Loaded shared library C:\Program Files\Android\Android Studio\jbr\bin\java.dll
Event: 0.544 Loaded shared library C:\Program Files\Android\Android Studio\jbr\bin\verify.dll

Deoptimization events (20 events):
Event: 15.054 Thread 0x0000028c9035e490 Uncommon trap: trap_request=0xffffff45 fr.pc=0x0000028c87e62638 relative=0x00000000000000b8
Event: 15.054 Thread 0x0000028c9035e490 Uncommon trap: reason=unstable_if action=reinterpret pc=0x0000028c87e62638 method=com.google.common.collect.HashBiMap.seekByValue(Ljava/lang/Object;I)Lcom/google/common/collect/HashBiMap$BiEntry; @ 21 c2
Event: 15.054 Thread 0x0000028c9035e490 DEOPT PACKING pc=0x0000028c87e62638 sp=0x000000e80f4fe570
Event: 15.054 Thread 0x0000028c9035e490 DEOPT UNPACKING pc=0x0000028c875869a3 sp=0x000000e80f4fe4f8 mode 2
Event: 15.102 Thread 0x0000028c900797f0 Uncommon trap: trap_request=0xffffffc6 fr.pc=0x0000028c87e4e2b8 relative=0x0000000000000178
Event: 15.102 Thread 0x0000028c900797f0 Uncommon trap: reason=bimorphic_or_optimized_type_check action=maybe_recompile pc=0x0000028c87e4e2b8 method=java.util.ArrayList$ArrayListSpliterator.tryAdvance(Ljava/util/function/Consumer;)Z @ 48 c2
Event: 15.102 Thread 0x0000028c900797f0 DEOPT PACKING pc=0x0000028c87e4e2b8 sp=0x000000e80edf9c00
Event: 15.102 Thread 0x0000028c900797f0 DEOPT UNPACKING pc=0x0000028c875869a3 sp=0x000000e80edf9b80 mode 2
Event: 15.712 Thread 0x0000028c900797f0 DEOPT PACKING pc=0x0000028c809a7fe3 sp=0x000000e80edf8360
Event: 15.712 Thread 0x0000028c900797f0 DEOPT UNPACKING pc=0x0000028c87587143 sp=0x000000e80edf7870 mode 0
Event: 16.086 Thread 0x0000028c900797f0 DEOPT PACKING pc=0x0000028c8039b39b sp=0x000000e80edf8140
Event: 16.086 Thread 0x0000028c900797f0 DEOPT UNPACKING pc=0x0000028c87587143 sp=0x000000e80edf75b0 mode 0
Event: 16.088 Thread 0x0000028c900797f0 Uncommon trap: trap_request=0xffffff45 fr.pc=0x0000028c87b86ef8 relative=0x00000000000000d8
Event: 16.088 Thread 0x0000028c900797f0 Uncommon trap: reason=unstable_if action=reinterpret pc=0x0000028c87b86ef8 method=java.lang.CharacterDataLatin1.digit(II)I @ 12 c2
Event: 16.088 Thread 0x0000028c900797f0 DEOPT PACKING pc=0x0000028c87b86ef8 sp=0x000000e80edf94e0
Event: 16.088 Thread 0x0000028c900797f0 DEOPT UNPACKING pc=0x0000028c875869a3 sp=0x000000e80edf9398 mode 2
Event: 16.181 Thread 0x0000028c900797f0 Uncommon trap: trap_request=0xffffff45 fr.pc=0x0000028c87da0d54 relative=0x0000000000000494
Event: 16.181 Thread 0x0000028c900797f0 Uncommon trap: reason=unstable_if action=reinterpret pc=0x0000028c87da0d54 method=java.util.jar.Manifest$FastInputStream.readLine([BII)I @ 106 c2
Event: 16.181 Thread 0x0000028c900797f0 DEOPT PACKING pc=0x0000028c87da0d54 sp=0x000000e80edf8640
Event: 16.181 Thread 0x0000028c900797f0 DEOPT UNPACKING pc=0x0000028c875869a3 sp=0x000000e80edf85d0 mode 2

Classes unloaded (8 events):
Event: 14.499 Thread 0x0000028cf90f3d30 Unloading class 0x0000000100d20400 'java/lang/invoke/LambdaForm$DMH+0x0000000100d20400'
Event: 14.499 Thread 0x0000028cf90f3d30 Unloading class 0x0000000100d11c00 'java/lang/invoke/LambdaForm$DMH+0x0000000100d11c00'
Event: 14.499 Thread 0x0000028cf90f3d30 Unloading class 0x0000000100d11800 'java/lang/invoke/LambdaForm$DMH+0x0000000100d11800'
Event: 14.499 Thread 0x0000028cf90f3d30 Unloading class 0x0000000100d11400 'java/lang/invoke/LambdaForm$DMH+0x0000000100d11400'
Event: 14.499 Thread 0x0000028cf90f3d30 Unloading class 0x0000000100d11000 'java/lang/invoke/LambdaForm$DMH+0x0000000100d11000'
Event: 14.500 Thread 0x0000028cf90f3d30 Unloading class 0x0000000100d10000 'java/lang/invoke/LambdaForm$DMH+0x0000000100d10000'
Event: 14.500 Thread 0x0000028cf90f3d30 Unloading class 0x0000000100d10800 'java/lang/invoke/LambdaForm$DMH+0x0000000100d10800'
Event: 14.500 Thread 0x0000028cf90f3d30 Unloading class 0x0000000100d10400 'java/lang/invoke/LambdaForm$DMH+0x0000000100d10400'

Classes redefined (0 events):
No events

Internal exceptions (20 events):
Event: 14.533 Thread 0x0000028c900797f0 Exception <a 'java/lang/NoSuchMethodError'{0x0000000089e11490}: static Lcom/android/build/api/artifact/ArtifactKind;.<clinit>()V> (0x0000000089e11490) 
thrown [s\src\hotspot\share\prims\jni.cpp, line 1108]
Event: 14.648 Thread 0x0000028cfeb9b0b0 Implicit null exception at 0x0000028c87e42f04 to 0x0000028c87e43088
Event: 14.701 Thread 0x0000028c900797f0 Exception <a 'java/lang/NoSuchMethodError'{0x00000000880ce310}: 'int java.lang.invoke.DirectMethodHandle$Holder.invokeSpecial(java.lang.Object, java.lang.Object, java.lang.Object, java.lang.Object, java.lang.Object)'> (0x00000000880ce310) 
thrown [s\src\hotspot\share\interpreter\linkResolver.cpp, line 771]
Event: 14.717 Thread 0x0000028c900797f0 Exception <a 'java/lang/NoSuchMethodError'{0x0000000087f8ae98}: static Ljava/lang/Object;.<clinit>()V> (0x0000000087f8ae98) 
thrown [s\src\hotspot\share\prims\jni.cpp, line 1108]
Event: 14.758 Thread 0x0000028cfeca13a0 Implicit null exception at 0x0000028c87e507db to 0x0000028c87e50864
Event: 15.129 Thread 0x0000028c900797f0 Exception <a 'sun/nio/fs/WindowsException'{0x000000008d5bb2a0}> (0x000000008d5bb2a0) 
thrown [s\src\hotspot\share\prims\jni.cpp, line 517]
Event: 15.134 Thread 0x0000028c900797f0 Exception <a 'sun/nio/fs/WindowsException'{0x000000008d5d10c8}> (0x000000008d5d10c8) 
thrown [s\src\hotspot\share\prims\jni.cpp, line 517]
Event: 15.136 Thread 0x0000028c900797f0 Exception <a 'java/lang/IncompatibleClassChangeError'{0x000000008d5d52a0}: Found class java.lang.Object, but interface was expected> (0x000000008d5d52a0) 
thrown [s\src\hotspot\share\interpreter\linkResolver.cpp, line 838]
Event: 15.151 Thread 0x0000028c900797f0 Exception <a 'sun/nio/fs/WindowsException'{0x000000008d44c970}> (0x000000008d44c970) 
thrown [s\src\hotspot\share\prims\jni.cpp, line 517]
Event: 15.154 Thread 0x0000028c900797f0 Exception <a 'sun/nio/fs/WindowsException'{0x000000008d453d00}> (0x000000008d453d00) 
thrown [s\src\hotspot\share\prims\jni.cpp, line 517]
Event: 15.155 Thread 0x0000028c900797f0 Exception <a 'sun/nio/fs/WindowsException'{0x000000008d454a38}> (0x000000008d454a38) 
thrown [s\src\hotspot\share\prims\jni.cpp, line 517]
Event: 15.156 Thread 0x0000028c900797f0 Exception <a 'sun/nio/fs/WindowsException'{0x000000008d455778}> (0x000000008d455778) 
thrown [s\src\hotspot\share\prims\jni.cpp, line 517]
Event: 15.158 Thread 0x0000028c900797f0 Exception <a 'sun/nio/fs/WindowsException'{0x000000008d4564c0}> (0x000000008d4564c0) 
thrown [s\src\hotspot\share\prims\jni.cpp, line 517]
Event: 15.160 Thread 0x0000028c900797f0 Exception <a 'sun/nio/fs/WindowsException'{0x000000008d4571f8}> (0x000000008d4571f8) 
thrown [s\src\hotspot\share\prims\jni.cpp, line 517]
Event: 15.161 Thread 0x0000028c900797f0 Exception <a 'sun/nio/fs/WindowsException'{0x000000008d457f38}> (0x000000008d457f38) 
thrown [s\src\hotspot\share\prims\jni.cpp, line 517]
Event: 15.163 Thread 0x0000028c900797f0 Exception <a 'sun/nio/fs/WindowsException'{0x000000008d458c80}> (0x000000008d458c80) 
thrown [s\src\hotspot\share\prims\jni.cpp, line 517]
Event: 15.164 Thread 0x0000028c900797f0 Exception <a 'sun/nio/fs/WindowsException'{0x000000008d4599c8}> (0x000000008d4599c8) 
thrown [s\src\hotspot\share\prims\jni.cpp, line 517]
Event: 15.565 Thread 0x0000028c900797f0 Exception <a 'java/lang/NoSuchMethodError'{0x000000008cc3ced0}: 'void java.lang.invoke.DirectMethodHandle$Holder.invokeVirtual(java.lang.Object, java.lang.Object, java.lang.Object, java.lang.Object)'> (0x000000008cc3ced0) 
thrown [s\src\hotspot\share\interpreter\linkResolver.cpp, line 771]
Event: 16.143 Thread 0x0000028c900797f0 Exception <a 'sun/nio/fs/WindowsException'{0x000000008b73c6d8}> (0x000000008b73c6d8) 
thrown [s\src\hotspot\share\prims\jni.cpp, line 517]
Event: 16.143 Thread 0x0000028c900797f0 Exception <a 'sun/nio/fs/WindowsException'{0x000000008b73c968}> (0x000000008b73c968) 
thrown [s\src\hotspot\share\prims\jni.cpp, line 517]

VM Operations (20 events):
Event: 14.558 Executing VM operation: HandshakeAllThreads
Event: 14.562 Executing VM operation: HandshakeAllThreads done
Event: 14.564 Executing VM operation: HandshakeAllThreads
Event: 14.572 Executing VM operation: HandshakeAllThreads done
Event: 14.687 Executing VM operation: HandshakeAllThreads
Event: 14.688 Executing VM operation: HandshakeAllThreads done
Event: 14.699 Executing VM operation: HandshakeAllThreads
Event: 14.699 Executing VM operation: HandshakeAllThreads done
Event: 14.700 Executing VM operation: HandshakeAllThreads
Event: 14.700 Executing VM operation: HandshakeAllThreads done
Event: 14.708 Executing VM operation: ICBufferFull
Event: 14.708 Executing VM operation: ICBufferFull done
Event: 14.771 Executing VM operation: G1CollectForAllocation
Event: 14.779 Executing VM operation: G1CollectForAllocation done
Event: 14.926 Executing VM operation: G1CollectForAllocation
Event: 14.972 Executing VM operation: G1CollectForAllocation done
Event: 15.265 Executing VM operation: HandshakeAllThreads
Event: 15.265 Executing VM operation: HandshakeAllThreads done
Event: 15.373 Executing VM operation: HandshakeAllThreads
Event: 15.373 Executing VM operation: HandshakeAllThreads done

Events (20 events):
Event: 15.220 loading class java/nio/charset/IllegalCharsetNameException
Event: 15.220 loading class java/nio/charset/IllegalCharsetNameException done
Event: 15.227 loading class java/nio/file/ProviderNotFoundException
Event: 15.227 loading class java/nio/file/ProviderNotFoundException done
Event: 15.264 loading class java/util/JumboEnumSet
Event: 15.264 loading class java/util/JumboEnumSet done
Event: 15.277 loading class java/util/JumboEnumSet$EnumSetIterator
Event: 15.278 loading class java/util/JumboEnumSet$EnumSetIterator done
Event: 15.288 loading class java/util/ResourceBundle$KeyElementReference
Event: 15.289 loading class java/util/ResourceBundle$CacheKeyReference
Event: 15.289 loading class java/util/ResourceBundle$CacheKeyReference done
Event: 15.289 loading class java/util/ResourceBundle$KeyElementReference done
Event: 15.289 loading class java/util/ResourceBundle$3
Event: 15.289 loading class java/util/ResourceBundle$3 done
Event: 15.322 loading class java/util/ResourceBundle$BundleReference
Event: 15.322 loading class java/util/ResourceBundle$BundleReference done
Event: 15.385 loading class java/util/ServiceLoader$ProviderSpliterator
Event: 15.386 loading class java/util/ServiceLoader$ProviderSpliterator done
Event: 15.810 loading class jdk/internal/access/foreign/MemorySegmentProxy
Event: 15.817 loading class jdk/internal/access/foreign/MemorySegmentProxy done


Dynamic libraries:
0x00007ff66c300000 - 0x00007ff66c30a000 	C:\Program Files\Android\Android Studio\jbr\bin\java.exe
0x00007ffdfb5a0000 - 0x00007ffdfb790000 	C:\Windows\SYSTEM32\ntdll.dll
0x00007ffdf9820000 - 0x00007ffdf98d2000 	C:\Windows\System32\KERNEL32.DLL
0x00007ffdf8890000 - 0x00007ffdf8b34000 	C:\Windows\System32\KERNELBASE.dll
0x00007ffdf8760000 - 0x00007ffdf885a000 	C:\Windows\System32\ucrtbase.dll
0x00007ffdcfc00000 - 0x00007ffdcfc17000 	C:\Program Files\Android\Android Studio\jbr\bin\jli.dll
0x00007ffdf43f0000 - 0x00007ffdf440b000 	C:\Program Files\Android\Android Studio\jbr\bin\VCRUNTIME140.dll
0x00007ffdf9e20000 - 0x00007ffdf9fb5000 	C:\Windows\System32\USER32.dll
0x00007ffdf8ce0000 - 0x00007ffdf8d01000 	C:\Windows\System32\win32u.dll
0x00007ffdfa510000 - 0x00007ffdfa536000 	C:\Windows\System32\GDI32.dll
0x00007ffdf8b40000 - 0x00007ffdf8cd6000 	C:\Windows\System32\gdi32full.dll
0x00007ffdf95b0000 - 0x00007ffdf964e000 	C:\Windows\System32\msvcp_win.dll
0x00007ffddc390000 - 0x00007ffddc614000 	C:\Windows\WinSxS\amd64_microsoft.windows.common-controls_6595b64144ccf1df_6.0.18362.1016_none_9e7a36bbe461dae4\COMCTL32.dll
0x00007ffdf98e0000 - 0x00007ffdf997e000 	C:\Windows\System32\msvcrt.dll
0x00007ffdf9a00000 - 0x00007ffdf9d35000 	C:\Windows\System32\combase.dll
0x00007ffdfa540000 - 0x00007ffdfa660000 	C:\Windows\System32\RPCRT4.dll
0x00007ffdf8570000 - 0x00007ffdf85f0000 	C:\Windows\System32\bcryptPrimitives.dll
0x00007ffdfa480000 - 0x00007ffdfa4ae000 	C:\Windows\System32\IMM32.DLL
0x00007ffdf43d0000 - 0x00007ffdf43dc000 	C:\Program Files\Android\Android Studio\jbr\bin\vcruntime140_1.dll
0x00007ffde5260000 - 0x00007ffde52ed000 	C:\Program Files\Android\Android Studio\jbr\bin\msvcp140.dll
0x00007ffd9e6e0000 - 0x00007ffd9f34e000 	C:\Program Files\Android\Android Studio\jbr\bin\server\jvm.dll
0x00007ffdfa780000 - 0x00007ffdfa823000 	C:\Windows\System32\ADVAPI32.dll
0x00007ffdf9720000 - 0x00007ffdf97b7000 	C:\Windows\System32\sechost.dll
0x00007ffdd9890000 - 0x00007ffdd9899000 	C:\Windows\SYSTEM32\WSOCK32.dll
0x00007ffdefab0000 - 0x00007ffdefaba000 	C:\Windows\SYSTEM32\VERSION.dll
0x00007ffdf3cd0000 - 0x00007ffdf3cf4000 	C:\Windows\SYSTEM32\WINMM.dll
0x00007ffdf9db0000 - 0x00007ffdf9e1f000 	C:\Windows\System32\WS2_32.dll
0x00007ffdf3c10000 - 0x00007ffdf3c3d000 	C:\Windows\SYSTEM32\winmmbase.dll
0x00007ffdf8520000 - 0x00007ffdf856a000 	C:\Windows\System32\cfgmgr32.dll
0x00007ffdf8460000 - 0x00007ffdf8471000 	C:\Windows\System32\kernel.appcore.dll
0x00007ffdf43b0000 - 0x00007ffdf43ba000 	C:\Program Files\Android\Android Studio\jbr\bin\jimage.dll
0x00007ffdf1820000 - 0x00007ffdf1a14000 	C:\Windows\SYSTEM32\DBGHELP.DLL
0x00007ffdf48b0000 - 0x00007ffdf48da000 	C:\Windows\SYSTEM32\dbgcore.DLL
0x00007ffde8d00000 - 0x00007ffde8d25000 	C:\Program Files\Android\Android Studio\jbr\bin\java.dll
0x00007ffdf32e0000 - 0x00007ffdf32f8000 	C:\Program Files\Android\Android Studio\jbr\bin\zip.dll
0x00007ffdfa840000 - 0x00007ffdfaf27000 	C:\Windows\System32\SHELL32.dll
0x00007ffdfa290000 - 0x00007ffdfa339000 	C:\Windows\System32\shcore.dll
0x00007ffdf8e20000 - 0x00007ffdf95a2000 	C:\Windows\System32\windows.storage.dll
0x00007ffdf84f0000 - 0x00007ffdf8513000 	C:\Windows\System32\profapi.dll
0x00007ffdf84a0000 - 0x00007ffdf84ea000 	C:\Windows\System32\powrprof.dll
0x00007ffdf8450000 - 0x00007ffdf8460000 	C:\Windows\System32\UMPDC.dll
0x00007ffdf9d50000 - 0x00007ffdf9da2000 	C:\Windows\System32\shlwapi.dll
0x00007ffdf8740000 - 0x00007ffdf8757000 	C:\Windows\System32\cryptsp.dll
0x00007ffdf2f80000 - 0x00007ffdf2f99000 	C:\Program Files\Android\Android Studio\jbr\bin\net.dll
0x00007ffde9a90000 - 0x00007ffde9b80000 	C:\Windows\SYSTEM32\WINHTTP.dll
0x00007ffdf7cb0000 - 0x00007ffdf7d17000 	C:\Windows\system32\mswsock.dll
0x00007ffde8700000 - 0x00007ffde8716000 	C:\Program Files\Android\Android Studio\jbr\bin\nio.dll
0x00007ffdf42c0000 - 0x00007ffdf42d0000 	C:\Program Files\Android\Android Studio\jbr\bin\verify.dll
0x00007ffdf4410000 - 0x00007ffdf4437000 	C:\Users\adp\.gradle\native\68d5fa5c4cc2d200863cafc0d521ce42e7d3e7ee720ec0a83991735586a16f82\windows-amd64\native-platform.dll
0x00007ffdc7ea0000 - 0x00007ffdc7fe4000 	C:\Users\adp\.gradle\native\e376f236ea51e6404a007f0833ffe2c6e607c4080706a723a18a27aeea778392\windows-amd64\native-platform-file-events.dll
0x00007ffdf31d0000 - 0x00007ffdf31d9000 	C:\Program Files\Android\Android Studio\jbr\bin\management.dll
0x00007ffde9ec0000 - 0x00007ffde9ecb000 	C:\Program Files\Android\Android Studio\jbr\bin\management_ext.dll
0x00007ffdfb550000 - 0x00007ffdfb558000 	C:\Windows\System32\PSAPI.DLL
0x00007ffdf7820000 - 0x00007ffdf7853000 	C:\Windows\system32\rsaenh.dll
0x00007ffdf8860000 - 0x00007ffdf8886000 	C:\Windows\System32\bcrypt.dll
0x00007ffdf8370000 - 0x00007ffdf8395000 	C:\Windows\SYSTEM32\USERENV.dll
0x00007ffdf7e80000 - 0x00007ffdf7e8c000 	C:\Windows\SYSTEM32\CRYPTBASE.dll
0x00007ffdf79c0000 - 0x00007ffdf79fa000 	C:\Windows\SYSTEM32\IPHLPAPI.DLL
0x00007ffdf9d40000 - 0x00007ffdf9d48000 	C:\Windows\System32\NSI.dll
0x00007ffdf0570000 - 0x00007ffdf0586000 	C:\Windows\SYSTEM32\dhcpcsvc6.DLL
0x00007ffdf0640000 - 0x00007ffdf065c000 	C:\Windows\SYSTEM32\dhcpcsvc.DLL
0x00007ffdf7a00000 - 0x00007ffdf7acb000 	C:\Windows\SYSTEM32\DNSAPI.dll
0x00007ffde86f0000 - 0x00007ffde86f7000 	C:\Windows\system32\wshunix.dll
0x00007ffde8060000 - 0x00007ffde806a000 	C:\Windows\System32\rasadhlp.dll
0x00007ffdf0390000 - 0x00007ffdf0407000 	C:\Windows\System32\fwpuclnt.dll

dbghelp: loaded successfully - version: 4.0.5 - missing functions: none
symbol engine: initialized successfully - sym options: 0x614 - pdb path: .;C:\Program Files\Android\Android Studio\jbr\bin;C:\Windows\SYSTEM32;C:\Windows\WinSxS\amd64_microsoft.windows.common-controls_6595b64144ccf1df_6.0.18362.1016_none_9e7a36bbe461dae4;C:\Program Files\Android\Android Studio\jbr\bin\server;C:\Users\adp\.gradle\native\68d5fa5c4cc2d200863cafc0d521ce42e7d3e7ee720ec0a83991735586a16f82\windows-amd64;C:\Users\adp\.gradle\native\e376f236ea51e6404a007f0833ffe2c6e607c4080706a723a18a27aeea778392\windows-amd64

VM Arguments:
jvm_args: --add-opens=java.base/java.util=ALL-UNNAMED --add-opens=java.base/java.lang=ALL-UNNAMED --add-opens=java.base/java.lang.invoke=ALL-UNNAMED --add-opens=java.prefs/java.util.prefs=ALL-UNNAMED --add-opens=java.base/java.nio.charset=ALL-UNNAMED --add-opens=java.base/java.net=ALL-UNNAMED --add-opens=java.base/java.util.concurrent.atomic=ALL-UNNAMED -Xmx2048m -Dfile.encoding=UTF-8 -Duser.country=IN -Duser.language=en -Duser.variant 
java_command: org.gradle.launcher.daemon.bootstrap.GradleDaemon 8.0
java_class_path (initial): C:\Users\adp\.gradle\wrapper\dists\gradle-8.0-bin\ca5e32bp14vu59qr306oxotwh\gradle-8.0\lib\gradle-launcher-8.0.jar
Launcher Type: SUN_STANDARD

[Global flags]
     intx CICompilerCount                          = 4                                         {product} {ergonomic}
     uint ConcGCThreads                            = 2                                         {product} {ergonomic}
     uint G1ConcRefinementThreads                  = 8                                         {product} {ergonomic}
   size_t G1HeapRegionSize                         = 1048576                                   {product} {ergonomic}
    uintx GCDrainStackTargetSize                   = 64                                        {product} {ergonomic}
   size_t InitialHeapSize                          = 100663296                                 {product} {ergonomic}
   size_t MarkStackSize                            = 4194304                                   {product} {ergonomic}
   size_t MaxHeapSize                              = 2147483648                                {product} {command line}
   size_t MaxNewSize                               = 1287651328                                {product} {ergonomic}
   size_t MinHeapDeltaBytes                        = 1048576                                   {product} {ergonomic}
   size_t MinHeapSize                              = 8388608                                   {product} {ergonomic}
    uintx NonNMethodCodeHeapSize                   = 5839372                                {pd product} {ergonomic}
    uintx NonProfiledCodeHeapSize                  = 122909434                              {pd product} {ergonomic}
    uintx ProfiledCodeHeapSize                     = 122909434                              {pd product} {ergonomic}
    uintx ReservedCodeCacheSize                    = 251658240                              {pd product} {ergonomic}
     bool SegmentedCodeCache                       = true                                      {product} {ergonomic}
   size_t SoftMaxHeapSize                          = 2147483648                             {manageable} {ergonomic}
     bool UseCompressedClassPointers               = true                           {product lp64_product} {ergonomic}
     bool UseCompressedOops                        = true                           {product lp64_product} {ergonomic}
     bool UseG1GC                                  = true                                      {product} {ergonomic}
     bool UseLargePagesIndividualAllocation        = false                                  {pd product} {ergonomic}

Logging:
Log output configuration:
 #0: stdout all=warning uptime,level,tags
 #1: stderr all=off uptime,level,tags

Environment Variables:
JAVA_HOME=D:\Android Studio\jre
PATH=C:\Program Files\Java\jdk-20\bin;C:\Program Files\Common Files\Oracle\Java\javapath;C:\Program Files\Android\Android Studio\jbr\bin;C:\Program Files (x86)\Common Files\Oracle\Java\javapath;C:\SIMULIA\Commands;D:\Android Studio\jre\bin;C:\Python27;C:\Program Files\nodejs;C:\Program Files\NASM;C:\Users\adp\AppData\Local\Programs\Python\Python37;C:\Users\adp\AppData\Local\Programs\Python\Python37\Scripts;D:\tcpdump;C:\Windows\system32;C:\Windows;C:\Windows\System32\Wbem;C:\Windows\System32\WindowsPowerShell\v1.0\;C:\Windows\System32\OpenSSH\;C:\Users\adp\AppData\Local\Microsoft\WindowsApps;C:\adb;D:\flutter;D:\flutter\bin;C:\Program Files (x86)\Geany CP\bin\;C:\Program Files (x86)\Geany CP\bin;C:\Program Files (x86)\Geany CP\bin\;C:\Program Files (x86)\Geany CP\bin;C:\Program Files (x86)\Geany CP\bin\;C:\Program Files\Git\cmd;C:\SFML-2.5.1\bin;C:\Program Files\MATLAB\R2022a\bin;C:\Program Files\dotnet\;C:\Users\adp\AppData\Local\Programs\Python\Python37\Scripts\;C:\Users\adp\AppData\Local\Programs\Python\Python37\;C:\Users\adp\AppData\Local\Microsoft\WindowsApps;C:\Users\adp\AppData\Local\GitHubDesktop\bin;C:\Program Files (x86)\SSH Communications Security\SSH Secure Shell
USERNAME=adp
OS=Windows_NT
PROCESSOR_IDENTIFIER=AMD64 Family 23 Model 24 Stepping 1, AuthenticAMD
TMP=C:\Users\adp\AppData\Local\Temp
TEMP=C:\Users\adp\AppData\Local\Temp


JNI global refs:
JNI global refs: 26, weak refs: 16

JNI global refs memory usage: 843, weak refs: 841


---------------  S Y S T E M  ---------------

OS:
 Windows 10 , 64 bit Build 18362 (10.0.18362.959)
OS uptime: 7 days 14:08 hours

CPU: total 8 (initial active 8) (8 cores per cpu, 2 threads per core) family 23 model 24 stepping 1 microcode 0x0, cx8, cmov, fxsr, ht, mmx, 3dnowpref, sse, sse2, sse3, ssse3, sse4a, sse4.1, sse4.2, popcnt, lzcnt, tsc, tscinvbit, avx, avx2, aes, clmul, bmi1, bmi2, adx, sha, fma, vzeroupper, clflush, clflushopt

Memory: 4k page, system-wide physical 6082M (187M free)
TotalPageFile size 24514M (AvailPageFile size 8M)
current process WorkingSet (physical memory assigned to process): 408M, peak: 409M
current process commit charge ("private bytes"): 534M, peak: 536M

vm_info: OpenJDK 64-Bit Server VM (17.0.6+0-b2043.56-10027231) for windows-amd64 JRE (17.0.6+0-b2043.56-10027231), built on Apr 28 2023 00:43:19 by "androidbuild" with MS VC++ 16.10 / 16.11 (VS2019)

END.
