#
# There is insufficient memory for the Java Runtime Environment to continue.
# Native memory allocation (mmap) failed to map 20971520 bytes for G1 virtual space
# Possible reasons:
#   The system is out of physical RAM or swap space
#   The process is running with CompressedOops enabled, and the Java Heap may be blocking the growth of the native heap
# Possible solutions:
#   Reduce memory load on the system
#   Increase physical memory or swap space
#   Check if swap backing store is full
#   Decrease Java heap size (-Xmx/-Xms)
#   Decrease number of Java threads
#   Decrease Java thread stack sizes (-Xss)
#   Set larger code cache with -XX:ReservedCodeCacheSize=
#   JVM is running with Unscaled Compressed Oops mode in which the Java heap is
#     placed in the first 4GB address space. The Java Heap base address is the
#     maximum limit for the native heap growth. Please use -XX:HeapBaseMinAddress
#     to set the Java Heap base and to place the Java Heap above 4GB virtual address.
# This output file may be truncated or incomplete.
#
#  Out of Memory Error (os_windows.cpp:3769), pid=20508, tid=20584
#
# JRE version: OpenJDK Runtime Environment (17.0.6) (build 17.0.6+0-b2043.56-10027231)
# Java VM: OpenJDK 64-Bit Server VM (17.0.6+0-b2043.56-10027231, mixed mode, tiered, compressed oops, compressed class ptrs, g1 gc, windows-amd64)
# No core dump will be written. Minidumps are not enabled by default on client versions of Windows
#

---------------  S U M M A R Y ------------

Command Line: --add-opens=java.base/java.util=ALL-UNNAMED --add-opens=java.base/java.lang=ALL-UNNAMED --add-opens=java.base/java.lang.invoke=ALL-UNNAMED --add-opens=java.prefs/java.util.prefs=ALL-UNNAMED --add-opens=java.base/java.nio.charset=ALL-UNNAMED --add-opens=java.base/java.net=ALL-UNNAMED --add-opens=java.base/java.util.concurrent.atomic=ALL-UNNAMED -Xmx2048m -Dfile.encoding=UTF-8 -Duser.country=IN -Duser.language=en -Duser.variant org.gradle.launcher.daemon.bootstrap.GradleDaemon 8.0

Host: AMD Ryzen 5 3550H with Radeon Vega Mobile Gfx  , 8 cores, 5G,  Windows 10 , 64 bit Build 18362 (10.0.18362.959)
Time: Fri Sep  8 16:02:51 2023 India Standard Time elapsed time: 33.763794 seconds (0d 0h 0m 33s)

---------------  T H R E A D  ---------------

Current thread (0x000001e57b82a6a0):  VMThread "VM Thread" [stack: 0x000000917fb00000,0x000000917fc00000] [id=20584]

Stack: [0x000000917fb00000,0x000000917fc00000]
Native frames: (J=compiled Java code, j=interpreted, Vv=VM code, C=native code)
V  [jvm.dll+0x683c9a]
V  [jvm.dll+0x8427a4]
V  [jvm.dll+0x843f9e]
V  [jvm.dll+0x844603]
V  [jvm.dll+0x249b75]
V  [jvm.dll+0x680b69]
V  [jvm.dll+0x67505a]
V  [jvm.dll+0x309acb]
V  [jvm.dll+0x310f86]
V  [jvm.dll+0x3608ee]
V  [jvm.dll+0x360b1f]
V  [jvm.dll+0x2dfbf8]
V  [jvm.dll+0x2e2ce6]
V  [jvm.dll+0x2ed478]
V  [jvm.dll+0x322150]
V  [jvm.dll+0x848ccb]
V  [jvm.dll+0x849a04]
V  [jvm.dll+0x849f1d]
V  [jvm.dll+0x84a2f4]
V  [jvm.dll+0x84a3c0]
V  [jvm.dll+0x7f274a]
V  [jvm.dll+0x682ad5]
C  [ucrtbase.dll+0x20e82]
C  [KERNEL32.DLL+0x17bd4]
C  [ntdll.dll+0x6ce51]

VM_Operation (0x000000917f7ff790): G1Concurrent, mode: safepoint, requested by thread 0x000001e55fa9ba60


---------------  P R O C E S S  ---------------

Threads class SMR info:
_java_thread_list=0x000001e500de15e0, length=42, elements={
0x000001e55fa2eaa0, 0x000001e57b8362f0, 0x000001e57b837070, 0x000001e57b85d240,
0x000001e57b85dd00, 0x000001e57b85e6c0, 0x000001e57c41c010, 0x000001e57c421110,
0x000001e57c425a30, 0x000001e57c426330, 0x000001e57c5dbcb0, 0x000001e57c5de5a0,
0x000001e57dd5f300, 0x000001e57d72ed70, 0x000001e57d84f5e0, 0x000001e57db6f710,
0x000001e57d16e240, 0x000001e57dc764c0, 0x000001e57dc74cb0, 0x000001e57dc76990,
0x000001e57dc76e60, 0x000001e57dc73e40, 0x000001e57dc747e0, 0x000001e57dc74310,
0x000001e57dc75180, 0x000001e57dc75b20, 0x000001e57dc73970, 0x000001e5008504c0,
0x000001e500850990, 0x000001e50084e7e0, 0x000001e50084f180, 0x000001e50084ecb0,
0x000001e50084fb20, 0x000001e500854820, 0x000001e500853010, 0x000001e50084cfd0,
0x000001e500852670, 0x000001e500850e60, 0x000001e5008534e0, 0x000001e50084d4a0,
0x000001e500851330, 0x000001e500854350
}

Java Threads: ( => current thread )
  0x000001e55fa2eaa0 JavaThread "main" [_thread_blocked, id=13924, stack(0x000000917f500000,0x000000917f600000)]
  0x000001e57b8362f0 JavaThread "Reference Handler" daemon [_thread_blocked, id=21488, stack(0x000000917fc00000,0x000000917fd00000)]
  0x000001e57b837070 JavaThread "Finalizer" daemon [_thread_blocked, id=20888, stack(0x000000917fd00000,0x000000917fe00000)]
  0x000001e57b85d240 JavaThread "Signal Dispatcher" daemon [_thread_blocked, id=17076, stack(0x000000917fe00000,0x000000917ff00000)]
  0x000001e57b85dd00 JavaThread "Attach Listener" daemon [_thread_blocked, id=19996, stack(0x000000917ff00000,0x0000009180000000)]
  0x000001e57b85e6c0 JavaThread "Service Thread" daemon [_thread_blocked, id=20272, stack(0x0000009100000000,0x0000009100100000)]
  0x000001e57c41c010 JavaThread "Monitor Deflation Thread" daemon [_thread_blocked, id=16048, stack(0x0000009100100000,0x0000009100200000)]
  0x000001e57c421110 JavaThread "C2 CompilerThread0" daemon [_thread_blocked, id=1692, stack(0x0000009100200000,0x0000009100300000)]
  0x000001e57c425a30 JavaThread "C1 CompilerThread0" daemon [_thread_blocked, id=17748, stack(0x0000009100300000,0x0000009100400000)]
  0x000001e57c426330 JavaThread "Sweeper thread" daemon [_thread_blocked, id=9768, stack(0x0000009100400000,0x0000009100500000)]
  0x000001e57c5dbcb0 JavaThread "Common-Cleaner" daemon [_thread_blocked, id=18764, stack(0x0000009100500000,0x0000009100600000)]
  0x000001e57c5de5a0 JavaThread "Notification Thread" daemon [_thread_blocked, id=15552, stack(0x0000009100600000,0x0000009100700000)]
  0x000001e57dd5f300 JavaThread "Daemon health stats" [_thread_blocked, id=17368, stack(0x0000009100c00000,0x0000009100d00000)]
  0x000001e57d72ed70 JavaThread "Incoming local TCP Connector on port 58459" [_thread_in_native, id=20568, stack(0x0000009100d00000,0x0000009100e00000)]
  0x000001e57d84f5e0 JavaThread "Daemon periodic checks" [_thread_blocked, id=11588, stack(0x0000009100e00000,0x0000009100f00000)]
  0x000001e57db6f710 JavaThread "Daemon" [_thread_blocked, id=12716, stack(0x0000009100f00000,0x0000009101000000)]
  0x000001e57d16e240 JavaThread "Handler for socket connection from /127.0.0.1:58459 to /127.0.0.1:58460" [_thread_in_native, id=17932, stack(0x0000009101000000,0x0000009101100000)]
  0x000001e57dc764c0 JavaThread "Cancel handler" [_thread_blocked, id=15932, stack(0x0000009101100000,0x0000009101200000)]
  0x000001e57dc74cb0 JavaThread "Daemon worker" [_thread_blocked, id=15068, stack(0x0000009101200000,0x0000009101300000)]
  0x000001e57dc76990 JavaThread "Asynchronous log dispatcher for DefaultDaemonConnection: socket connection from /127.0.0.1:58459 to /127.0.0.1:58460" [_thread_blocked, id=16744, stack(0x0000009101300000,0x0000009101400000)]
  0x000001e57dc76e60 JavaThread "Stdin handler" [_thread_blocked, id=11272, stack(0x0000009101400000,0x0000009101500000)]
  0x000001e57dc73e40 JavaThread "Daemon client event forwarder" [_thread_blocked, id=12720, stack(0x0000009101500000,0x0000009101600000)]
  0x000001e57dc747e0 JavaThread "Cache worker for journal cache (C:\Users\adp\.gradle\caches\journal-1)" [_thread_blocked, id=17700, stack(0x0000009101a00000,0x0000009101b00000)]
  0x000001e57dc74310 JavaThread "File lock request listener" [_thread_in_native, id=11100, stack(0x0000009101b00000,0x0000009101c00000)]
  0x000001e57dc75180 JavaThread "Cache worker for file hash cache (C:\Users\adp\.gradle\caches\8.0\fileHashes)" [_thread_blocked, id=19768, stack(0x0000009101c00000,0x0000009101d00000)]
  0x000001e57dc75b20 JavaThread "File watcher server" daemon [_thread_in_native, id=1292, stack(0x0000009101d00000,0x0000009101e00000)]
  0x000001e57dc73970 JavaThread "File watcher consumer" daemon [_thread_blocked, id=19144, stack(0x0000009101e00000,0x0000009101f00000)]
  0x000001e5008504c0 JavaThread "jar transforms" [_thread_blocked, id=12628, stack(0x0000009101f00000,0x0000009102000000)]
  0x000001e500850990 JavaThread "jar transforms Thread 2" [_thread_blocked, id=13888, stack(0x0000009102000000,0x0000009102100000)]
  0x000001e50084e7e0 JavaThread "jar transforms Thread 3" [_thread_blocked, id=7192, stack(0x0000009102100000,0x0000009102200000)]
  0x000001e50084f180 JavaThread "jar transforms Thread 4" [_thread_blocked, id=7440, stack(0x0000009102200000,0x0000009102300000)]
  0x000001e50084ecb0 JavaThread "jar transforms Thread 5" [_thread_blocked, id=17328, stack(0x0000009102300000,0x0000009102400000)]
  0x000001e50084fb20 JavaThread "jar transforms Thread 6" [_thread_blocked, id=5432, stack(0x0000009102400000,0x0000009102500000)]
  0x000001e500854820 JavaThread "jar transforms Thread 7" [_thread_blocked, id=20080, stack(0x0000009102500000,0x0000009102600000)]
  0x000001e500853010 JavaThread "jar transforms Thread 8" [_thread_blocked, id=9444, stack(0x0000009102600000,0x0000009102700000)]
  0x000001e50084cfd0 JavaThread "Cache worker for checksums cache (E:\CommunicationDisplay\.gradle\8.0\checksums)" [_thread_blocked, id=17364, stack(0x0000009102700000,0x0000009102800000)]
  0x000001e500852670 JavaThread "Cache worker for cache directory md-rule (C:\Users\adp\.gradle\caches\8.0\md-rule)" [_thread_blocked, id=17576, stack(0x0000009102800000,0x0000009102900000)]
  0x000001e500850e60 JavaThread "Cache worker for file content cache (C:\Users\adp\.gradle\caches\8.0\fileContent)" [_thread_blocked, id=10712, stack(0x0000009102900000,0x0000009102a00000)]
  0x000001e5008534e0 JavaThread "Cache worker for file hash cache (E:\CommunicationDisplay\.gradle\8.0\fileHashes)" [_thread_blocked, id=10708, stack(0x0000009102a00000,0x0000009102b00000)]
  0x000001e50084d4a0 JavaThread "Cache worker for cache directory md-supplier (C:\Users\adp\.gradle\caches\8.0\md-supplier)" [_thread_blocked, id=18156, stack(0x0000009102b00000,0x0000009102c00000)]
  0x000001e500851330 JavaThread "Cache worker for execution history cache (C:\Users\adp\.gradle\caches\8.0\executionHistory)" [_thread_blocked, id=12052, stack(0x0000009102c00000,0x0000009102d00000)]
  0x000001e500854350 JavaThread "Cache worker for kotlin-dsl (C:\Users\adp\.gradle\caches\8.0\kotlin-dsl)" [_thread_blocked, id=6936, stack(0x0000009102d00000,0x0000009102e00000)]

Other Threads:
=>0x000001e57b82a6a0 VMThread "VM Thread" [stack: 0x000000917fb00000,0x000000917fc00000] [id=20584]
  0x000001e57c5dee70 WatcherThread [stack: 0x0000009100700000,0x0000009100800000] [id=13080]
  0x000001e55fa8ac10 GCTaskThread "GC Thread#0" [stack: 0x000000917f600000,0x000000917f700000] [id=13140]
  0x000001e57d197d20 GCTaskThread "GC Thread#1" [stack: 0x0000009100800000,0x0000009100900000] [id=15700]
  0x000001e57c82f720 GCTaskThread "GC Thread#2" [stack: 0x0000009100900000,0x0000009100a00000] [id=18700]
  0x000001e57d3aea40 GCTaskThread "GC Thread#3" [stack: 0x0000009100a00000,0x0000009100b00000] [id=10156]
  0x000001e57d4ad8d0 GCTaskThread "GC Thread#4" [stack: 0x0000009100b00000,0x0000009100c00000] [id=20020]
  0x000001e57dec9610 GCTaskThread "GC Thread#5" [stack: 0x0000009101600000,0x0000009101700000] [id=12016]
  0x000001e57d84fab0 GCTaskThread "GC Thread#6" [stack: 0x0000009101700000,0x0000009101800000] [id=12356]
  0x000001e57e826800 GCTaskThread "GC Thread#7" [stack: 0x0000009101800000,0x0000009101900000] [id=9032]
  0x000001e55fa9ba60 ConcurrentGCThread "G1 Main Marker" [stack: 0x000000917f700000,0x000000917f800000] [id=8032]
  0x000001e55fa9db30 ConcurrentGCThread "G1 Conc#0" [stack: 0x000000917f800000,0x000000917f900000] [id=19396]
  0x000001e57df81e40 ConcurrentGCThread "G1 Conc#1" [stack: 0x0000009101900000,0x0000009101a00000] [id=4976]
  0x000001e55faee3b0 ConcurrentGCThread "G1 Refine#0" [stack: 0x000000917f900000,0x000000917fa00000] [id=10532]
  0x000001e5036a3130 ConcurrentGCThread "G1 Refine#1" [stack: 0x0000009102e00000,0x0000009102f00000] [id=17452]
  0x000001e5036a2e50 ConcurrentGCThread "G1 Refine#2" [stack: 0x0000009102f00000,0x0000009103000000] [id=19684]
  0x000001e5036a3410 ConcurrentGCThread "G1 Refine#3" [stack: 0x0000009103000000,0x0000009103100000] [id=14540]
  0x000001e5036a39d0 ConcurrentGCThread "G1 Refine#4" [stack: 0x0000009103100000,0x0000009103200000] [id=14808]
  0x000001e57b6820b0 ConcurrentGCThread "G1 Service" [stack: 0x000000917fa00000,0x000000917fb00000] [id=18248]

Threads with active compile tasks:
C2 CompilerThread0    33807 7338       4       org.jetbrains.org.objectweb.asm.ClassReader::accept (1380 bytes)

VM state: at safepoint (normal execution)

VM Mutex/Monitor currently owned by a thread:  ([mutex/lock_event])
[0x000001e55fa29df0] Threads_lock - owner thread: 0x000001e57b82a6a0
[0x000001e55fa2ab70] Heap_lock - owner thread: 0x000001e55fa9ba60

Heap address: 0x0000000080000000, size: 2048 MB, Compressed Oops mode: 32-bit

CDS archive(s) not mapped
Compressed class space mapped at: 0x0000000100000000-0x0000000140000000, reserved size: 1073741824
Narrow klass base: 0x0000000000000000, Narrow klass shift: 3, Narrow klass range: 0x140000000

GC Precious Log:
 CPUs: 8 total, 8 available
 Memory: 6082M
 Large Page Support: Disabled
 NUMA Support: Disabled
 Compressed Oops: Enabled (32-bit)
 Heap Region Size: 1M
 Heap Min Capacity: 8M
 Heap Initial Capacity: 96M
 Heap Max Capacity: 2G
 Pre-touch: Disabled
 Parallel Workers: 8
 Concurrent Workers: 2
 Concurrent Refinement Workers: 8
 Periodic GC: Disabled

Heap:
 garbage-first heap   total 198656K, used 129138K [0x0000000080000000, 0x0000000100000000)
  region size 1024K, 22 young (22528K), 4 survivors (4096K)
 Metaspace       used 80597K, committed 81216K, reserved 1122304K
  class space    used 10435K, committed 10688K, reserved 1048576K

Heap Regions: E=young(eden), S=young(survivor), O=old, HS=humongous(starts), HC=humongous(continues), CS=collection set, F=free, OA=open archive, CA=closed archive, TAMS=top-at-mark-start (previous, next)
|   0|0x0000000080000000, 0x0000000080100000, 0x0000000080100000|100%|HS|  |TAMS 0x0000000080100000, 0x0000000080000000| Complete 
|   1|0x0000000080100000, 0x0000000080200000, 0x0000000080200000|100%|HC|  |TAMS 0x0000000080200000, 0x0000000080100000| Complete 
|   2|0x0000000080200000, 0x0000000080300000, 0x0000000080300000|100%|HC|  |TAMS 0x0000000080300000, 0x0000000080200000| Complete 
|   3|0x0000000080300000, 0x0000000080400000, 0x0000000080400000|100%|HC|  |TAMS 0x0000000080400000, 0x0000000080300000| Complete 
|   4|0x0000000080400000, 0x0000000080500000, 0x0000000080500000|100%| O|  |TAMS 0x0000000080500000, 0x0000000080400000| Untracked 
|   5|0x0000000080500000, 0x0000000080600000, 0x0000000080600000|100%| O|  |TAMS 0x0000000080600000, 0x0000000080500000| Untracked 
|   6|0x0000000080600000, 0x0000000080700000, 0x0000000080700000|100%| O|  |TAMS 0x0000000080700000, 0x0000000080600000| Untracked 
|   7|0x0000000080700000, 0x0000000080728600, 0x0000000080800000| 15%| O|  |TAMS 0x0000000080728600, 0x0000000080700000| Updating 
|   8|0x0000000080800000, 0x0000000080900000, 0x0000000080900000|100%| O|  |TAMS 0x0000000080900000, 0x0000000080800000| Untracked 
|   9|0x0000000080900000, 0x0000000080a00000, 0x0000000080a00000|100%| O|  |TAMS 0x0000000080a00000, 0x0000000080900000| Untracked 
|  10|0x0000000080a00000, 0x0000000080b00000, 0x0000000080b00000|100%| O|  |TAMS 0x0000000080b00000, 0x0000000080a00000| Updating 
|  11|0x0000000080b00000, 0x0000000080c00000, 0x0000000080c00000|100%| O|  |TAMS 0x0000000080c00000, 0x0000000080b00000| Updating 
|  12|0x0000000080c00000, 0x0000000080d00000, 0x0000000080d00000|100%| O|  |TAMS 0x0000000080d00000, 0x0000000080c00000| Untracked 
|  13|0x0000000080d00000, 0x0000000080e00000, 0x0000000080e00000|100%| O|  |TAMS 0x0000000080e00000, 0x0000000080d00000| Untracked 
|  14|0x0000000080e00000, 0x0000000080f00000, 0x0000000080f00000|100%| O|  |TAMS 0x0000000080f00000, 0x0000000080e00000| Untracked 
|  15|0x0000000080f00000, 0x0000000081000000, 0x0000000081000000|100%| O|  |TAMS 0x0000000081000000, 0x0000000080f00000| Untracked 
|  16|0x0000000081000000, 0x0000000081100000, 0x0000000081100000|100%| O|  |TAMS 0x0000000081100000, 0x0000000081000000| Untracked 
|  17|0x0000000081100000, 0x0000000081200000, 0x0000000081200000|100%| O|  |TAMS 0x0000000081200000, 0x0000000081100000| Untracked 
|  18|0x0000000081200000, 0x0000000081300000, 0x0000000081300000|100%| O|  |TAMS 0x0000000081300000, 0x0000000081200000| Untracked 
|  19|0x0000000081300000, 0x0000000081400000, 0x0000000081400000|100%|HS|  |TAMS 0x0000000081400000, 0x0000000081300000| Complete 
|  20|0x0000000081400000, 0x0000000081500000, 0x0000000081500000|100%|HC|  |TAMS 0x0000000081500000, 0x0000000081400000| Complete 
|  21|0x0000000081500000, 0x0000000081600000, 0x0000000081600000|100%|HS|  |TAMS 0x0000000081600000, 0x0000000081500000| Complete 
|  22|0x0000000081600000, 0x0000000081700000, 0x0000000081700000|100%|HC|  |TAMS 0x0000000081700000, 0x0000000081600000| Complete 
|  23|0x0000000081700000, 0x0000000081800000, 0x0000000081800000|100%|HC|  |TAMS 0x0000000081800000, 0x0000000081700000| Complete 
|  24|0x0000000081800000, 0x0000000081900000, 0x0000000081900000|100%| O|  |TAMS 0x0000000081900000, 0x0000000081800000| Untracked 
|  25|0x0000000081900000, 0x0000000081a00000, 0x0000000081a00000|100%| O|  |TAMS 0x0000000081a00000, 0x0000000081900000| Untracked 
|  26|0x0000000081a00000, 0x0000000081b00000, 0x0000000081b00000|100%| O|  |TAMS 0x0000000081b00000, 0x0000000081a00000| Untracked 
|  27|0x0000000081b00000, 0x0000000081c00000, 0x0000000081c00000|100%|HS|  |TAMS 0x0000000081c00000, 0x0000000081b00000| Complete 
|  28|0x0000000081c00000, 0x0000000081d00000, 0x0000000081d00000|100%|HC|  |TAMS 0x0000000081d00000, 0x0000000081c00000| Complete 
|  29|0x0000000081d00000, 0x0000000081e00000, 0x0000000081e00000|100%|HC|  |TAMS 0x0000000081e00000, 0x0000000081d00000| Complete 
|  30|0x0000000081e00000, 0x0000000081f00000, 0x0000000081f00000|100%| O|  |TAMS 0x0000000081f00000, 0x0000000081e00000| Untracked 
|  31|0x0000000081f00000, 0x0000000082000000, 0x0000000082000000|100%| O|  |TAMS 0x0000000082000000, 0x0000000081f00000| Updating 
|  32|0x0000000082000000, 0x0000000082100000, 0x0000000082100000|100%| O|  |TAMS 0x0000000082100000, 0x0000000082000000| Untracked 
|  33|0x0000000082100000, 0x0000000082200000, 0x0000000082200000|100%|HS|  |TAMS 0x0000000082200000, 0x0000000082100000| Complete 
|  34|0x0000000082200000, 0x0000000082300000, 0x0000000082300000|100%|HC|  |TAMS 0x0000000082300000, 0x0000000082200000| Complete 
|  35|0x0000000082300000, 0x0000000082400000, 0x0000000082400000|100%| O|  |TAMS 0x0000000082400000, 0x0000000082300000| Untracked 
|  36|0x0000000082400000, 0x0000000082500000, 0x0000000082500000|100%| O|  |TAMS 0x0000000082500000, 0x0000000082400000| Updating 
|  37|0x0000000082500000, 0x0000000082600000, 0x0000000082600000|100%| O|  |TAMS 0x0000000082600000, 0x0000000082500000| Untracked 
|  38|0x0000000082600000, 0x0000000082700000, 0x0000000082700000|100%| O|  |TAMS 0x0000000082700000, 0x0000000082600000| Untracked 
|  39|0x0000000082700000, 0x0000000082800000, 0x0000000082800000|100%| O|  |TAMS 0x0000000082800000, 0x0000000082700000| Untracked 
|  40|0x0000000082800000, 0x0000000082900000, 0x0000000082900000|100%| O|  |TAMS 0x0000000082900000, 0x0000000082800000| Untracked 
|  41|0x0000000082900000, 0x0000000082a00000, 0x0000000082a00000|100%|HS|  |TAMS 0x0000000082a00000, 0x0000000082900000| Complete 
|  42|0x0000000082a00000, 0x0000000082b00000, 0x0000000082b00000|100%|HC|  |TAMS 0x0000000082b00000, 0x0000000082a00000| Complete 
|  43|0x0000000082b00000, 0x0000000082c00000, 0x0000000082c00000|100%|HC|  |TAMS 0x0000000082c00000, 0x0000000082b00000| Complete 
|  44|0x0000000082c00000, 0x0000000082d00000, 0x0000000082d00000|100%| O|  |TAMS 0x0000000082d00000, 0x0000000082c00000| Updating 
|  45|0x0000000082d00000, 0x0000000082e00000, 0x0000000082e00000|100%| O|  |TAMS 0x0000000082e00000, 0x0000000082d00000| Untracked 
|  46|0x0000000082e00000, 0x0000000082f00000, 0x0000000082f00000|100%| O|  |TAMS 0x0000000082f00000, 0x0000000082e00000| Updating 
|  47|0x0000000082f00000, 0x0000000083000000, 0x0000000083000000|100%|HS|  |TAMS 0x0000000083000000, 0x0000000082f00000| Complete 
|  48|0x0000000083000000, 0x0000000083100000, 0x0000000083100000|100%|HC|  |TAMS 0x0000000083100000, 0x0000000083000000| Complete 
|  49|0x0000000083100000, 0x0000000083200000, 0x0000000083200000|100%|HC|  |TAMS 0x0000000083200000, 0x0000000083100000| Complete 
|  50|0x0000000083200000, 0x0000000083300000, 0x0000000083300000|100%|HC|  |TAMS 0x0000000083300000, 0x0000000083200000| Complete 
|  51|0x0000000083300000, 0x0000000083400000, 0x0000000083400000|100%|HC|  |TAMS 0x0000000083400000, 0x0000000083300000| Complete 
|  52|0x0000000083400000, 0x0000000083500000, 0x0000000083500000|100%|HC|  |TAMS 0x0000000083500000, 0x0000000083400000| Complete 
|  53|0x0000000083500000, 0x0000000083600000, 0x0000000083600000|100%|HC|  |TAMS 0x0000000083600000, 0x0000000083500000| Complete 
|  54|0x0000000083600000, 0x0000000083700000, 0x0000000083700000|100%|HC|  |TAMS 0x0000000083700000, 0x0000000083600000| Complete 
|  55|0x0000000083700000, 0x0000000083800000, 0x0000000083800000|100%|HC|  |TAMS 0x0000000083800000, 0x0000000083700000| Complete 
|  56|0x0000000083800000, 0x0000000083900000, 0x0000000083900000|100%|HC|  |TAMS 0x0000000083900000, 0x0000000083800000| Complete 
|  57|0x0000000083900000, 0x0000000083a00000, 0x0000000083a00000|100%|HC|  |TAMS 0x0000000083a00000, 0x0000000083900000| Complete 
|  58|0x0000000083a00000, 0x0000000083b00000, 0x0000000083b00000|100%|HC|  |TAMS 0x0000000083b00000, 0x0000000083a00000| Complete 
|  59|0x0000000083b00000, 0x0000000083c00000, 0x0000000083c00000|100%|HS|  |TAMS 0x0000000083c00000, 0x0000000083b00000| Complete 
|  60|0x0000000083c00000, 0x0000000083d00000, 0x0000000083d00000|100%|HC|  |TAMS 0x0000000083d00000, 0x0000000083c00000| Complete 
|  61|0x0000000083d00000, 0x0000000083e00000, 0x0000000083e00000|100%|HC|  |TAMS 0x0000000083e00000, 0x0000000083d00000| Complete 
|  62|0x0000000083e00000, 0x0000000083f00000, 0x0000000083f00000|100%| O|  |TAMS 0x0000000083f00000, 0x0000000083e00000| Untracked 
|  63|0x0000000083f00000, 0x0000000084000000, 0x0000000084000000|100%| O|  |TAMS 0x0000000084000000, 0x0000000083f00000| Updating 
|  64|0x0000000084000000, 0x0000000084100000, 0x0000000084100000|100%| O|  |TAMS 0x0000000084100000, 0x0000000084000000| Untracked 
|  65|0x0000000084100000, 0x0000000084200000, 0x0000000084200000|100%| O|  |TAMS 0x0000000084200000, 0x0000000084100000| Untracked 
|  66|0x0000000084200000, 0x0000000084300000, 0x0000000084300000|100%| O|  |TAMS 0x0000000084300000, 0x0000000084200000| Untracked 
|  67|0x0000000084300000, 0x0000000084400000, 0x0000000084400000|100%| O|  |TAMS 0x0000000084400000, 0x0000000084300000| Untracked 
|  68|0x0000000084400000, 0x0000000084500000, 0x0000000084500000|100%| O|  |TAMS 0x0000000084500000, 0x0000000084400000| Updating 
|  69|0x0000000084500000, 0x0000000084600000, 0x0000000084600000|100%| O|  |TAMS 0x0000000084600000, 0x0000000084500000| Updating 
|  70|0x0000000084600000, 0x0000000084700000, 0x0000000084700000|100%| O|  |TAMS 0x0000000084700000, 0x0000000084600000| Updating 
|  71|0x0000000084700000, 0x0000000084800000, 0x0000000084800000|100%| O|  |TAMS 0x0000000084800000, 0x0000000084700000| Updating 
|  72|0x0000000084800000, 0x0000000084900000, 0x0000000084900000|100%|HS|  |TAMS 0x0000000084900000, 0x0000000084800000| Complete 
|  73|0x0000000084900000, 0x0000000084a00000, 0x0000000084a00000|100%|HC|  |TAMS 0x0000000084a00000, 0x0000000084900000| Complete 
|  74|0x0000000084a00000, 0x0000000084b00000, 0x0000000084b00000|100%|HC|  |TAMS 0x0000000084b00000, 0x0000000084a00000| Complete 
|  75|0x0000000084b00000, 0x0000000084c00000, 0x0000000084c00000|100%|HC|  |TAMS 0x0000000084c00000, 0x0000000084b00000| Complete 
|  76|0x0000000084c00000, 0x0000000084d00000, 0x0000000084d00000|100%| O|  |TAMS 0x0000000084d00000, 0x0000000084c00000| Updating 
|  77|0x0000000084d00000, 0x0000000084e00000, 0x0000000084e00000|100%| O|  |TAMS 0x0000000084e00000, 0x0000000084d00000| Untracked 
|  78|0x0000000084e00000, 0x0000000084f00000, 0x0000000084f00000|100%| O|  |TAMS 0x0000000084f00000, 0x0000000084e00000| Untracked 
|  79|0x0000000084f00000, 0x0000000085000000, 0x0000000085000000|100%| O|  |TAMS 0x0000000085000000, 0x0000000084f00000| Untracked 
|  80|0x0000000085000000, 0x0000000085100000, 0x0000000085100000|100%| O|  |TAMS 0x0000000085100000, 0x0000000085000000| Untracked 
|  81|0x0000000085100000, 0x0000000085200000, 0x0000000085200000|100%| O|  |TAMS 0x0000000085200000, 0x0000000085100000| Untracked 
|  82|0x0000000085200000, 0x0000000085300000, 0x0000000085300000|100%| O|  |TAMS 0x0000000085300000, 0x0000000085200000| Untracked 
|  83|0x0000000085300000, 0x0000000085400000, 0x0000000085400000|100%| O|  |TAMS 0x0000000085400000, 0x0000000085300000| Untracked 
|  84|0x0000000085400000, 0x0000000085500000, 0x0000000085500000|100%| O|  |TAMS 0x0000000085500000, 0x0000000085400000| Untracked 
|  85|0x0000000085500000, 0x0000000085600000, 0x0000000085600000|100%| O|  |TAMS 0x0000000085600000, 0x0000000085500000| Untracked 
|  86|0x0000000085600000, 0x0000000085700000, 0x0000000085700000|100%| O|  |TAMS 0x0000000085700000, 0x0000000085600000| Updating 
|  87|0x0000000085700000, 0x0000000085800000, 0x0000000085800000|100%| O|  |TAMS 0x0000000085800000, 0x0000000085700000| Updating 
|  88|0x0000000085800000, 0x0000000085900000, 0x0000000085900000|100%| O|  |TAMS 0x0000000085900000, 0x0000000085800000| Updating 
|  89|0x0000000085900000, 0x0000000085a00000, 0x0000000085a00000|100%| O|  |TAMS 0x0000000085a00000, 0x0000000085900000| Updating 
|  90|0x0000000085a00000, 0x0000000085b00000, 0x0000000085b00000|100%| O|  |TAMS 0x0000000085b00000, 0x0000000085a00000| Updating 
|  91|0x0000000085b00000, 0x0000000085c00000, 0x0000000085c00000|100%| O|  |TAMS 0x0000000085c00000, 0x0000000085b00000| Updating 
|  92|0x0000000085c00000, 0x0000000085d00000, 0x0000000085d00000|100%| O|  |TAMS 0x0000000085d00000, 0x0000000085c00000| Updating 
|  93|0x0000000085d00000, 0x0000000085e00000, 0x0000000085e00000|100%| O|  |TAMS 0x0000000085e00000, 0x0000000085d00000| Updating 
|  94|0x0000000085e00000, 0x0000000085f00000, 0x0000000085f00000|100%| O|  |TAMS 0x0000000085f00000, 0x0000000085e00000| Untracked 
|  95|0x0000000085f00000, 0x0000000086000000, 0x0000000086000000|100%| O|  |TAMS 0x0000000086000000, 0x0000000085f00000| Untracked 
|  96|0x0000000086000000, 0x0000000086100000, 0x0000000086100000|100%| O|  |TAMS 0x0000000086100000, 0x0000000086000000| Updating 
|  97|0x0000000086100000, 0x0000000086200000, 0x0000000086200000|100%| O|  |TAMS 0x0000000086200000, 0x0000000086100000| Updating 
|  98|0x0000000086200000, 0x0000000086300000, 0x0000000086300000|100%| O|  |TAMS 0x0000000086200000, 0x0000000086200000| Untracked 
|  99|0x0000000086300000, 0x0000000086400000, 0x0000000086400000|100%| O|  |TAMS 0x0000000086300000, 0x0000000086300000| Untracked 
| 100|0x0000000086400000, 0x0000000086500000, 0x0000000086500000|100%| O|  |TAMS 0x0000000086400000, 0x0000000086400000| Untracked 
| 101|0x0000000086500000, 0x0000000086600000, 0x0000000086600000|100%| O|  |TAMS 0x0000000086500000, 0x0000000086500000| Untracked 
| 102|0x0000000086600000, 0x0000000086700000, 0x0000000086700000|100%| O|  |TAMS 0x0000000086600000, 0x0000000086600000| Untracked 
| 103|0x0000000086700000, 0x0000000086800000, 0x0000000086800000|100%| O|  |TAMS 0x0000000086700000, 0x0000000086700000| Untracked 
| 104|0x0000000086800000, 0x0000000086900000, 0x0000000086900000|100%| O|  |TAMS 0x0000000086800000, 0x0000000086800000| Untracked 
| 105|0x0000000086900000, 0x0000000086a00000, 0x0000000086a00000|100%|HS|  |TAMS 0x0000000086900000, 0x0000000086900000| Complete 
| 106|0x0000000086a00000, 0x0000000086a00000, 0x0000000086b00000|  0%| F|  |TAMS 0x0000000086a00000, 0x0000000086a00000| Untracked 
| 107|0x0000000086b00000, 0x0000000086b00000, 0x0000000086c00000|  0%| F|  |TAMS 0x0000000086b00000, 0x0000000086b00000| Untracked 
| 108|0x0000000086c00000, 0x0000000086c00000, 0x0000000086d00000|  0%| F|  |TAMS 0x0000000086c00000, 0x0000000086c00000| Untracked 
| 109|0x0000000086d00000, 0x0000000086d00000, 0x0000000086e00000|  0%| F|  |TAMS 0x0000000086d00000, 0x0000000086d00000| Untracked 
| 110|0x0000000086e00000, 0x0000000086e00000, 0x0000000086f00000|  0%| F|  |TAMS 0x0000000086e00000, 0x0000000086e00000| Untracked 
| 111|0x0000000086f00000, 0x0000000086f00000, 0x0000000087000000|  0%| F|  |TAMS 0x0000000086f00000, 0x0000000086f00000| Untracked 
| 112|0x0000000087000000, 0x0000000087000000, 0x0000000087100000|  0%| F|  |TAMS 0x0000000087000000, 0x0000000087000000| Untracked 
| 113|0x0000000087100000, 0x0000000087100000, 0x0000000087200000|  0%| F|  |TAMS 0x0000000087100000, 0x0000000087100000| Untracked 
| 114|0x0000000087200000, 0x0000000087200000, 0x0000000087300000|  0%| F|  |TAMS 0x0000000087200000, 0x0000000087200000| Untracked 
| 115|0x0000000087300000, 0x0000000087300000, 0x0000000087400000|  0%| F|  |TAMS 0x0000000087300000, 0x0000000087300000| Untracked 
| 116|0x0000000087400000, 0x0000000087400000, 0x0000000087500000|  0%| F|  |TAMS 0x0000000087400000, 0x0000000087400000| Untracked 
| 117|0x0000000087500000, 0x0000000087500000, 0x0000000087600000|  0%| F|  |TAMS 0x0000000087500000, 0x0000000087500000| Untracked 
| 118|0x0000000087600000, 0x0000000087600000, 0x0000000087700000|  0%| F|  |TAMS 0x0000000087600000, 0x0000000087600000| Untracked 
| 119|0x0000000087700000, 0x0000000087700000, 0x0000000087800000|  0%| F|  |TAMS 0x0000000087700000, 0x0000000087700000| Untracked 
| 120|0x0000000087800000, 0x0000000087800000, 0x0000000087900000|  0%| F|  |TAMS 0x0000000087800000, 0x0000000087800000| Untracked 
| 121|0x0000000087900000, 0x0000000087900000, 0x0000000087a00000|  0%| F|  |TAMS 0x0000000087900000, 0x0000000087900000| Untracked 
| 122|0x0000000087a00000, 0x0000000087a00000, 0x0000000087b00000|  0%| F|  |TAMS 0x0000000087a00000, 0x0000000087a00000| Untracked 
| 123|0x0000000087b00000, 0x0000000087b00000, 0x0000000087c00000|  0%| F|  |TAMS 0x0000000087b00000, 0x0000000087b00000| Untracked 
| 124|0x0000000087c00000, 0x0000000087c00000, 0x0000000087d00000|  0%| F|  |TAMS 0x0000000087c00000, 0x0000000087c00000| Untracked 
| 125|0x0000000087d00000, 0x0000000087d00000, 0x0000000087e00000|  0%| F|  |TAMS 0x0000000087d00000, 0x0000000087d00000| Untracked 
| 126|0x0000000087e00000, 0x0000000087e00000, 0x0000000087f00000|  0%| F|  |TAMS 0x0000000087e00000, 0x0000000087e00000| Untracked 
| 127|0x0000000087f00000, 0x0000000087f00000, 0x0000000088000000|  0%| F|  |TAMS 0x0000000087f00000, 0x0000000087f00000| Untracked 
| 128|0x0000000088000000, 0x0000000088000000, 0x0000000088100000|  0%| F|  |TAMS 0x0000000088000000, 0x0000000088000000| Untracked 
| 129|0x0000000088100000, 0x0000000088100000, 0x0000000088200000|  0%| F|  |TAMS 0x0000000088100000, 0x0000000088100000| Untracked 
| 130|0x0000000088200000, 0x0000000088200000, 0x0000000088300000|  0%| F|  |TAMS 0x0000000088200000, 0x0000000088200000| Untracked 
| 131|0x0000000088300000, 0x0000000088300000, 0x0000000088400000|  0%| F|  |TAMS 0x0000000088300000, 0x0000000088300000| Untracked 
| 132|0x0000000088400000, 0x0000000088400000, 0x0000000088500000|  0%| F|  |TAMS 0x0000000088400000, 0x0000000088400000| Untracked 
| 133|0x0000000088500000, 0x0000000088500000, 0x0000000088600000|  0%| F|  |TAMS 0x0000000088500000, 0x0000000088500000| Untracked 
| 134|0x0000000088600000, 0x0000000088600000, 0x0000000088700000|  0%| F|  |TAMS 0x0000000088600000, 0x0000000088600000| Untracked 
| 135|0x0000000088700000, 0x0000000088700000, 0x0000000088800000|  0%| F|  |TAMS 0x0000000088700000, 0x0000000088700000| Untracked 
| 136|0x0000000088800000, 0x0000000088800000, 0x0000000088900000|  0%| F|  |TAMS 0x0000000088800000, 0x0000000088800000| Untracked 
| 137|0x0000000088900000, 0x0000000088900000, 0x0000000088a00000|  0%| F|  |TAMS 0x0000000088900000, 0x0000000088900000| Untracked 
| 138|0x0000000088a00000, 0x0000000088a00000, 0x0000000088b00000|  0%| F|  |TAMS 0x0000000088a00000, 0x0000000088a00000| Untracked 
| 139|0x0000000088b00000, 0x0000000088b00000, 0x0000000088c00000|  0%| F|  |TAMS 0x0000000088b00000, 0x0000000088b00000| Untracked 
| 140|0x0000000088c00000, 0x0000000088c00000, 0x0000000088d00000|  0%| F|  |TAMS 0x0000000088c00000, 0x0000000088c00000| Untracked 
| 141|0x0000000088d00000, 0x0000000088d00000, 0x0000000088e00000|  0%| F|  |TAMS 0x0000000088d00000, 0x0000000088d00000| Untracked 
| 142|0x0000000088e00000, 0x0000000088e00000, 0x0000000088f00000|  0%| F|  |TAMS 0x0000000088e00000, 0x0000000088e00000| Untracked 
| 143|0x0000000088f00000, 0x0000000088f00000, 0x0000000089000000|  0%| F|  |TAMS 0x0000000088f00000, 0x0000000088f00000| Untracked 
| 144|0x0000000089000000, 0x00000000890f4350, 0x0000000089100000| 95%| S|CS|TAMS 0x0000000089000000, 0x0000000089000000| Complete 
| 145|0x0000000089100000, 0x0000000089200000, 0x0000000089200000|100%| S|CS|TAMS 0x0000000089100000, 0x0000000089100000| Complete 
| 146|0x0000000089200000, 0x0000000089300000, 0x0000000089300000|100%| S|CS|TAMS 0x0000000089200000, 0x0000000089200000| Complete 
| 147|0x0000000089300000, 0x0000000089400000, 0x0000000089400000|100%| S|CS|TAMS 0x0000000089300000, 0x0000000089300000| Complete 
| 148|0x0000000089400000, 0x0000000089400000, 0x0000000089500000|  0%| F|  |TAMS 0x0000000089400000, 0x0000000089400000| Untracked 
| 149|0x0000000089500000, 0x0000000089500000, 0x0000000089600000|  0%| F|  |TAMS 0x0000000089500000, 0x0000000089500000| Untracked 
| 150|0x0000000089600000, 0x0000000089600000, 0x0000000089700000|  0%| F|  |TAMS 0x0000000089600000, 0x0000000089600000| Untracked 
| 151|0x0000000089700000, 0x0000000089700000, 0x0000000089800000|  0%| F|  |TAMS 0x0000000089700000, 0x0000000089700000| Untracked 
| 152|0x0000000089800000, 0x0000000089800000, 0x0000000089900000|  0%| F|  |TAMS 0x0000000089800000, 0x0000000089800000| Untracked 
| 153|0x0000000089900000, 0x0000000089900000, 0x0000000089a00000|  0%| F|  |TAMS 0x0000000089900000, 0x0000000089900000| Untracked 
| 154|0x0000000089a00000, 0x0000000089a00000, 0x0000000089b00000|  0%| F|  |TAMS 0x0000000089a00000, 0x0000000089a00000| Untracked 
| 155|0x0000000089b00000, 0x0000000089b00000, 0x0000000089c00000|  0%| F|  |TAMS 0x0000000089b00000, 0x0000000089b00000| Untracked 
| 156|0x0000000089c00000, 0x0000000089c00000, 0x0000000089d00000|  0%| F|  |TAMS 0x0000000089c00000, 0x0000000089c00000| Untracked 
| 157|0x0000000089d00000, 0x0000000089d00000, 0x0000000089e00000|  0%| F|  |TAMS 0x0000000089d00000, 0x0000000089d00000| Untracked 
| 158|0x0000000089e00000, 0x0000000089e00000, 0x0000000089f00000|  0%| F|  |TAMS 0x0000000089e00000, 0x0000000089e00000| Untracked 
| 159|0x0000000089f00000, 0x0000000089f00000, 0x000000008a000000|  0%| F|  |TAMS 0x0000000089f00000, 0x0000000089f00000| Untracked 
| 160|0x000000008a000000, 0x000000008a000000, 0x000000008a100000|  0%| F|  |TAMS 0x000000008a000000, 0x000000008a000000| Untracked 
| 161|0x000000008a100000, 0x000000008a100000, 0x000000008a200000|  0%| F|  |TAMS 0x000000008a100000, 0x000000008a100000| Untracked 
| 162|0x000000008a200000, 0x000000008a200000, 0x000000008a300000|  0%| F|  |TAMS 0x000000008a200000, 0x000000008a200000| Untracked 
| 163|0x000000008a300000, 0x000000008a300000, 0x000000008a400000|  0%| F|  |TAMS 0x000000008a300000, 0x000000008a300000| Untracked 
| 164|0x000000008a400000, 0x000000008a400000, 0x000000008a500000|  0%| F|  |TAMS 0x000000008a400000, 0x000000008a400000| Untracked 
| 165|0x000000008a500000, 0x000000008a500000, 0x000000008a600000|  0%| F|  |TAMS 0x000000008a500000, 0x000000008a500000| Untracked 
| 166|0x000000008a600000, 0x000000008a600000, 0x000000008a700000|  0%| F|  |TAMS 0x000000008a600000, 0x000000008a600000| Untracked 
| 167|0x000000008a700000, 0x000000008a700000, 0x000000008a800000|  0%| F|  |TAMS 0x000000008a700000, 0x000000008a700000| Untracked 
| 168|0x000000008a800000, 0x000000008a800000, 0x000000008a900000|  0%| F|  |TAMS 0x000000008a800000, 0x000000008a800000| Untracked 
| 169|0x000000008a900000, 0x000000008a900000, 0x000000008aa00000|  0%| F|  |TAMS 0x000000008a900000, 0x000000008a900000| Untracked 
| 170|0x000000008aa00000, 0x000000008aa00000, 0x000000008ab00000|  0%| F|  |TAMS 0x000000008aa00000, 0x000000008aa00000| Untracked 
| 171|0x000000008ab00000, 0x000000008ab00000, 0x000000008ac00000|  0%| F|  |TAMS 0x000000008ab00000, 0x000000008ab00000| Untracked 
| 172|0x000000008ac00000, 0x000000008ac00000, 0x000000008ad00000|  0%| F|  |TAMS 0x000000008ac00000, 0x000000008ac00000| Untracked 
| 173|0x000000008ad00000, 0x000000008ad00000, 0x000000008ae00000|  0%| F|  |TAMS 0x000000008ad00000, 0x000000008ad00000| Untracked 
| 174|0x000000008ae00000, 0x000000008ae00000, 0x000000008af00000|  0%| F|  |TAMS 0x000000008ae00000, 0x000000008ae00000| Untracked 
| 175|0x000000008af00000, 0x000000008af00000, 0x000000008b000000|  0%| F|  |TAMS 0x000000008af00000, 0x000000008af00000| Untracked 
| 176|0x000000008b000000, 0x000000008b080800, 0x000000008b100000| 50%| E|  |TAMS 0x000000008b000000, 0x000000008b000000| Complete 
| 177|0x000000008b100000, 0x000000008b200000, 0x000000008b200000|100%| E|CS|TAMS 0x000000008b100000, 0x000000008b100000| Complete 
| 178|0x000000008b200000, 0x000000008b300000, 0x000000008b300000|100%| E|CS|TAMS 0x000000008b200000, 0x000000008b200000| Complete 
| 179|0x000000008b300000, 0x000000008b400000, 0x000000008b400000|100%| E|CS|TAMS 0x000000008b300000, 0x000000008b300000| Complete 
| 180|0x000000008b400000, 0x000000008b500000, 0x000000008b500000|100%| E|CS|TAMS 0x000000008b400000, 0x000000008b400000| Complete 
| 181|0x000000008b500000, 0x000000008b600000, 0x000000008b600000|100%| E|CS|TAMS 0x000000008b500000, 0x000000008b500000| Complete 
| 182|0x000000008b600000, 0x000000008b700000, 0x000000008b700000|100%| E|CS|TAMS 0x000000008b600000, 0x000000008b600000| Complete 
| 183|0x000000008b700000, 0x000000008b800000, 0x000000008b800000|100%| E|CS|TAMS 0x000000008b700000, 0x000000008b700000| Complete 
| 184|0x000000008b800000, 0x000000008b900000, 0x000000008b900000|100%| E|CS|TAMS 0x000000008b800000, 0x000000008b800000| Complete 
| 185|0x000000008b900000, 0x000000008ba00000, 0x000000008ba00000|100%| E|CS|TAMS 0x000000008b900000, 0x000000008b900000| Complete 
| 186|0x000000008ba00000, 0x000000008bb00000, 0x000000008bb00000|100%| E|CS|TAMS 0x000000008ba00000, 0x000000008ba00000| Complete 
| 187|0x000000008bb00000, 0x000000008bc00000, 0x000000008bc00000|100%| E|CS|TAMS 0x000000008bb00000, 0x000000008bb00000| Complete 
| 188|0x000000008bc00000, 0x000000008bd00000, 0x000000008bd00000|100%| E|CS|TAMS 0x000000008bc00000, 0x000000008bc00000| Complete 
| 189|0x000000008bd00000, 0x000000008be00000, 0x000000008be00000|100%| E|CS|TAMS 0x000000008bd00000, 0x000000008bd00000| Complete 
| 190|0x000000008be00000, 0x000000008bf00000, 0x000000008bf00000|100%| E|CS|TAMS 0x000000008be00000, 0x000000008be00000| Complete 
| 191|0x000000008bf00000, 0x000000008c000000, 0x000000008c000000|100%| E|CS|TAMS 0x000000008bf00000, 0x000000008bf00000| Complete 
| 192|0x000000008c000000, 0x000000008c100000, 0x000000008c100000|100%| E|CS|TAMS 0x000000008c000000, 0x000000008c000000| Complete 
| 193|0x000000008c100000, 0x000000008c200000, 0x000000008c200000|100%| E|CS|TAMS 0x000000008c100000, 0x000000008c100000| Complete 

Card table byte_map: [0x000001e574550000,0x000001e574950000] _byte_map_base: 0x000001e574150000

Marking Bits (Prev, Next): (CMBitMap*) 0x000001e55fa8b130, (CMBitMap*) 0x000001e55fa8b170
 Prev Bits: [0x000001e574d50000, 0x000001e576d50000)
 Next Bits: [0x000001e576d50000, 0x000001e578d50000)

Polling page: 0x000001e55faf0000

Metaspace:

Usage:
  Non-class:     68.52 MB used.
      Class:     10.19 MB used.
       Both:     78.71 MB used.

Virtual space:
  Non-class space:       72.00 MB reserved,      68.88 MB ( 96%) committed,  9 nodes.
      Class space:        1.00 GB reserved,      10.44 MB (  1%) committed,  1 nodes.
             Both:        1.07 GB reserved,      79.31 MB (  7%) committed. 

Chunk freelists:
   Non-Class:  2.41 MB
       Class:  1.39 MB
        Both:  3.80 MB

MaxMetaspaceSize: unlimited
CompressedClassSpaceSize: 1.00 GB
Initial GC threshold: 21.00 MB
Current GC threshold: 82.81 MB
CDS: off
MetaspaceReclaimPolicy: balanced
 - commit_granule_bytes: 65536.
 - commit_granule_words: 8192.
 - virtual_space_node_default_size: 1048576.
 - enlarge_chunks_in_place: 1.
 - new_chunks_are_fully_committed: 0.
 - uncommit_free_chunks: 1.
 - use_allocation_guard: 0.
 - handle_deallocations: 1.


Internal statistics:

num_allocs_failed_limit: 3.
num_arena_births: 734.
num_arena_deaths: 0.
num_vsnodes_births: 10.
num_vsnodes_deaths: 0.
num_space_committed: 1267.
num_space_uncommitted: 0.
num_chunks_returned_to_freelist: 3.
num_chunks_taken_from_freelist: 3343.
num_chunk_merges: 3.
num_chunk_splits: 2403.
num_chunks_enlarged: 1821.
num_purges: 0.
num_inconsistent_stats: 0.

CodeHeap 'non-profiled nmethods': size=120000Kb used=3586Kb max_used=3586Kb free=116413Kb
 bounds [0x000001e56c1c0000, 0x000001e56c550000, 0x000001e5736f0000]
CodeHeap 'profiled nmethods': size=120000Kb used=13387Kb max_used=13387Kb free=106612Kb
 bounds [0x000001e5646f0000, 0x000001e565410000, 0x000001e56bc20000]
CodeHeap 'non-nmethods': size=5760Kb used=2369Kb max_used=2407Kb free=3390Kb
 bounds [0x000001e56bc20000, 0x000001e56be90000, 0x000001e56c1c0000]
 total_blobs=7488 nmethods=6588 adapters=810
 compilation: enabled
              stopped_count=0, restarted_count=0
 full_count=0

Compilation events (20 events):
Event: 33.695 Thread 0x000001e57c425a30 7566       2       org.jetbrains.kotlin.metadata.ProtoBuf$Annotation$Argument$Value::getSerializedSize (311 bytes)
Event: 33.697 Thread 0x000001e57c425a30 nmethod 7566 0x000001e5653ff510 code [0x000001e5653ff800, 0x000001e5654000f8]
Event: 33.702 Thread 0x000001e57c425a30 7567       2       org.jetbrains.kotlin.metadata.ProtoBuf$Annotation::writeTo (72 bytes)
Event: 33.702 Thread 0x000001e57c425a30 nmethod 7567 0x000001e565400690 code [0x000001e5654008c0, 0x000001e565400d18]
Event: 33.702 Thread 0x000001e57c425a30 7568       2       org.jetbrains.kotlin.protobuf.CodedOutputStream::writeEnum (12 bytes)
Event: 33.703 Thread 0x000001e57c425a30 nmethod 7568 0x000001e565401010 code [0x000001e5654011c0, 0x000001e565401368]
Event: 33.703 Thread 0x000001e57c425a30 7569       2       org.jetbrains.kotlin.protobuf.CodedOutputStream::writeEnumNoTag (6 bytes)
Event: 33.703 Thread 0x000001e57c425a30 nmethod 7569 0x000001e565401490 code [0x000001e565401640, 0x000001e5654017b8]
Event: 33.704 Thread 0x000001e57c425a30 7570       2       java.lang.invoke.DirectMethodHandle$Holder::invokeStatic (17 bytes)
Event: 33.704 Thread 0x000001e57c425a30 nmethod 7570 0x000001e565401890 code [0x000001e565401a40, 0x000001e565401b98]
Event: 33.708 Thread 0x000001e57c425a30 7571       2       org.jetbrains.kotlin.metadata.ProtoBuf$Annotation$Argument::writeTo (52 bytes)
Event: 33.709 Thread 0x000001e57c425a30 nmethod 7571 0x000001e565401c90 code [0x000001e565401ea0, 0x000001e5654021d8]
Event: 33.712 Thread 0x000001e57c425a30 7572       1       org.jetbrains.kotlin.metadata.ProtoBuf$Property::getContextReceiverTypeIdList (5 bytes)
Event: 33.712 Thread 0x000001e57c425a30 nmethod 7572 0x000001e56c540590 code [0x000001e56c540720, 0x000001e56c5407f8]
Event: 33.715 Thread 0x000001e57c425a30 7573       2       org.jetbrains.kotlin.metadata.jvm.JvmProtoBuf$StringTableTypes$Record$Operation::valueOf (42 bytes)
Event: 33.715 Thread 0x000001e57c425a30 nmethod 7573 0x000001e565402490 code [0x000001e565402640, 0x000001e5654027d8]
Event: 33.741 Thread 0x000001e57c425a30 7574       2       java.util.ArrayList::trimToSize (51 bytes)
Event: 33.741 Thread 0x000001e57c425a30 nmethod 7574 0x000001e565402890 code [0x000001e565402a40, 0x000001e565402c08]
Event: 33.743 Thread 0x000001e57c425a30 7575       1       org.jetbrains.kotlin.metadata.ProtoBuf$Package::getTypeTable (5 bytes)
Event: 33.743 Thread 0x000001e57c425a30 nmethod 7575 0x000001e56c540890 code [0x000001e56c540a20, 0x000001e56c540af8]

GC Heap History (20 events):
Event: 23.569 GC heap before
{Heap before GC invocations=58 (full 0):
 garbage-first heap   total 198656K, used 171763K [0x0000000080000000, 0x0000000100000000)
  region size 1024K, 99 young (101376K), 5 survivors (5120K)
 Metaspace       used 52072K, committed 52608K, reserved 1097728K
  class space    used 6738K, committed 6976K, reserved 1048576K
}
Event: 23.573 GC heap after
{Heap after GC invocations=59 (full 0):
 garbage-first heap   total 198656K, used 75705K [0x0000000080000000, 0x0000000100000000)
  region size 1024K, 5 young (5120K), 5 survivors (5120K)
 Metaspace       used 52072K, committed 52608K, reserved 1097728K
  class space    used 6738K, committed 6976K, reserved 1048576K
}
Event: 23.797 GC heap before
{Heap before GC invocations=59 (full 0):
 garbage-first heap   total 198656K, used 170937K [0x0000000080000000, 0x0000000100000000)
  region size 1024K, 98 young (100352K), 5 survivors (5120K)
 Metaspace       used 52072K, committed 52608K, reserved 1097728K
  class space    used 6738K, committed 6976K, reserved 1048576K
}
Event: 23.801 GC heap after
{Heap after GC invocations=60 (full 0):
 garbage-first heap   total 198656K, used 75970K [0x0000000080000000, 0x0000000100000000)
  region size 1024K, 5 young (5120K), 5 survivors (5120K)
 Metaspace       used 52072K, committed 52608K, reserved 1097728K
  class space    used 6738K, committed 6976K, reserved 1048576K
}
Event: 24.071 GC heap before
{Heap before GC invocations=60 (full 0):
 garbage-first heap   total 198656K, used 171202K [0x0000000080000000, 0x0000000100000000)
  region size 1024K, 98 young (100352K), 5 survivors (5120K)
 Metaspace       used 52072K, committed 52608K, reserved 1097728K
  class space    used 6738K, committed 6976K, reserved 1048576K
}
Event: 24.074 GC heap after
{Heap after GC invocations=61 (full 0):
 garbage-first heap   total 198656K, used 76108K [0x0000000080000000, 0x0000000100000000)
  region size 1024K, 5 young (5120K), 5 survivors (5120K)
 Metaspace       used 52072K, committed 52608K, reserved 1097728K
  class space    used 6738K, committed 6976K, reserved 1048576K
}
Event: 24.331 GC heap before
{Heap before GC invocations=61 (full 0):
 garbage-first heap   total 198656K, used 171340K [0x0000000080000000, 0x0000000100000000)
  region size 1024K, 98 young (100352K), 5 survivors (5120K)
 Metaspace       used 52072K, committed 52608K, reserved 1097728K
  class space    used 6738K, committed 6976K, reserved 1048576K
}
Event: 24.335 GC heap after
{Heap after GC invocations=62 (full 0):
 garbage-first heap   total 198656K, used 76191K [0x0000000080000000, 0x0000000100000000)
  region size 1024K, 5 young (5120K), 5 survivors (5120K)
 Metaspace       used 52072K, committed 52608K, reserved 1097728K
  class space    used 6738K, committed 6976K, reserved 1048576K
}
Event: 24.579 GC heap before
{Heap before GC invocations=62 (full 0):
 garbage-first heap   total 198656K, used 170399K [0x0000000080000000, 0x0000000100000000)
  region size 1024K, 97 young (99328K), 5 survivors (5120K)
 Metaspace       used 52072K, committed 52608K, reserved 1097728K
  class space    used 6738K, committed 6976K, reserved 1048576K
}
Event: 24.583 GC heap after
{Heap after GC invocations=63 (full 0):
 garbage-first heap   total 198656K, used 76506K [0x0000000080000000, 0x0000000100000000)
  region size 1024K, 5 young (5120K), 5 survivors (5120K)
 Metaspace       used 52072K, committed 52608K, reserved 1097728K
  class space    used 6738K, committed 6976K, reserved 1048576K
}
Event: 24.820 GC heap before
{Heap before GC invocations=63 (full 0):
 garbage-first heap   total 198656K, used 170714K [0x0000000080000000, 0x0000000100000000)
  region size 1024K, 97 young (99328K), 5 survivors (5120K)
 Metaspace       used 52072K, committed 52608K, reserved 1097728K
  class space    used 6738K, committed 6976K, reserved 1048576K
}
Event: 24.823 GC heap after
{Heap after GC invocations=64 (full 0):
 garbage-first heap   total 198656K, used 76509K [0x0000000080000000, 0x0000000100000000)
  region size 1024K, 4 young (4096K), 4 survivors (4096K)
 Metaspace       used 52072K, committed 52608K, reserved 1097728K
  class space    used 6738K, committed 6976K, reserved 1048576K
}
Event: 26.970 GC heap before
{Heap before GC invocations=64 (full 0):
 garbage-first heap   total 198656K, used 176861K [0x0000000080000000, 0x0000000100000000)
  region size 1024K, 98 young (100352K), 4 survivors (4096K)
 Metaspace       used 59596K, committed 60160K, reserved 1105920K
  class space    used 7652K, committed 7936K, reserved 1048576K
}
Event: 26.977 GC heap after
{Heap after GC invocations=65 (full 0):
 garbage-first heap   total 198656K, used 83300K [0x0000000080000000, 0x0000000100000000)
  region size 1024K, 7 young (7168K), 7 survivors (7168K)
 Metaspace       used 59596K, committed 60160K, reserved 1105920K
  class space    used 7652K, committed 7936K, reserved 1048576K
}
Event: 29.458 GC heap before
{Heap before GC invocations=65 (full 0):
 garbage-first heap   total 198656K, used 168292K [0x0000000080000000, 0x0000000100000000)
  region size 1024K, 90 young (92160K), 7 survivors (7168K)
 Metaspace       used 66746K, committed 67328K, reserved 1114112K
  class space    used 8965K, committed 9216K, reserved 1048576K
}
Event: 29.491 GC heap after
{Heap after GC invocations=66 (full 0):
 garbage-first heap   total 198656K, used 98731K [0x0000000080000000, 0x0000000100000000)
  region size 1024K, 12 young (12288K), 12 survivors (12288K)
 Metaspace       used 66746K, committed 67328K, reserved 1114112K
  class space    used 8965K, committed 9216K, reserved 1048576K
}
Event: 31.872 GC heap before
{Heap before GC invocations=66 (full 0):
 garbage-first heap   total 198656K, used 159147K [0x0000000080000000, 0x0000000100000000)
  region size 1024K, 71 young (72704K), 12 survivors (12288K)
 Metaspace       used 74449K, committed 75008K, reserved 1122304K
  class space    used 9801K, committed 10048K, reserved 1048576K
}
Event: 31.894 GC heap after
{Heap after GC invocations=67 (full 0):
 garbage-first heap   total 198656K, used 106143K [0x0000000080000000, 0x0000000100000000)
  region size 1024K, 7 young (7168K), 7 survivors (7168K)
 Metaspace       used 74449K, committed 75008K, reserved 1122304K
  class space    used 9801K, committed 10048K, reserved 1048576K
}
Event: 33.589 GC heap before
{Heap before GC invocations=67 (full 0):
 garbage-first heap   total 198656K, used 152223K [0x0000000080000000, 0x0000000100000000)
  region size 1024K, 53 young (54272K), 7 survivors (7168K)
 Metaspace       used 80520K, committed 81152K, reserved 1122304K
  class space    used 10435K, committed 10688K, reserved 1048576K
}
Event: 33.603 GC heap after
{Heap after GC invocations=68 (full 0):
 garbage-first heap   total 198656K, used 110706K [0x0000000080000000, 0x0000000100000000)
  region size 1024K, 4 young (4096K), 4 survivors (4096K)
 Metaspace       used 80520K, committed 81152K, reserved 1122304K
  class space    used 10435K, committed 10688K, reserved 1048576K
}

Dll operation events (2 events):
Event: 0.015 Loaded shared library C:\Program Files\Android\Android Studio\jbr\bin\java.dll
Event: 0.793 Loaded shared library C:\Program Files\Android\Android Studio\jbr\bin\verify.dll

Deoptimization events (20 events):
Event: 33.109 Thread 0x000001e57dc74cb0 Uncommon trap: trap_request=0xffffffde fr.pc=0x000001e56c2f60d0 relative=0x0000000000000570
Event: 33.109 Thread 0x000001e57dc74cb0 Uncommon trap: reason=class_check action=maybe_recompile pc=0x000001e56c2f60d0 method=java.util.regex.Matcher.search(I)Z @ 121 c2
Event: 33.109 Thread 0x000001e57dc74cb0 DEOPT PACKING pc=0x000001e56c2f60d0 sp=0x00000091012f6750
Event: 33.109 Thread 0x000001e57dc74cb0 DEOPT UNPACKING pc=0x000001e56bc769a3 sp=0x00000091012f6710 mode 2
Event: 33.449 Thread 0x000001e57dc74cb0 Uncommon trap: trap_request=0xffffffc6 fr.pc=0x000001e56c4e9914 relative=0x00000000000005b4
Event: 33.449 Thread 0x000001e57dc74cb0 Uncommon trap: reason=bimorphic_or_optimized_type_check action=maybe_recompile pc=0x000001e56c4e9914 method=org.jetbrains.kotlin.protobuf.CodedInputStream.tryRefillBuffer(I)Z @ 177 c2
Event: 33.449 Thread 0x000001e57dc74cb0 DEOPT PACKING pc=0x000001e56c4e9914 sp=0x00000091012f57f0
Event: 33.449 Thread 0x000001e57dc74cb0 DEOPT UNPACKING pc=0x000001e56bc769a3 sp=0x00000091012f56d8 mode 2
Event: 33.453 Thread 0x000001e57dc74cb0 Uncommon trap: trap_request=0xffffffc6 fr.pc=0x000001e56c4e9914 relative=0x00000000000005b4
Event: 33.453 Thread 0x000001e57dc74cb0 Uncommon trap: reason=bimorphic_or_optimized_type_check action=maybe_recompile pc=0x000001e56c4e9914 method=org.jetbrains.kotlin.protobuf.CodedInputStream.tryRefillBuffer(I)Z @ 177 c2
Event: 33.453 Thread 0x000001e57dc74cb0 DEOPT PACKING pc=0x000001e56c4e9914 sp=0x00000091012f57f0
Event: 33.453 Thread 0x000001e57dc74cb0 DEOPT UNPACKING pc=0x000001e56bc769a3 sp=0x00000091012f56d8 mode 2
Event: 33.454 Thread 0x000001e57dc74cb0 Uncommon trap: trap_request=0xffffffc6 fr.pc=0x000001e56c4e9914 relative=0x00000000000005b4
Event: 33.454 Thread 0x000001e57dc74cb0 Uncommon trap: reason=bimorphic_or_optimized_type_check action=maybe_recompile pc=0x000001e56c4e9914 method=org.jetbrains.kotlin.protobuf.CodedInputStream.tryRefillBuffer(I)Z @ 177 c2
Event: 33.454 Thread 0x000001e57dc74cb0 DEOPT PACKING pc=0x000001e56c4e9914 sp=0x00000091012f58f0
Event: 33.454 Thread 0x000001e57dc74cb0 DEOPT UNPACKING pc=0x000001e56bc769a3 sp=0x00000091012f57d8 mode 2
Event: 33.456 Thread 0x000001e57dc74cb0 Uncommon trap: trap_request=0xffffffc6 fr.pc=0x000001e56c4e9914 relative=0x00000000000005b4
Event: 33.456 Thread 0x000001e57dc74cb0 Uncommon trap: reason=bimorphic_or_optimized_type_check action=maybe_recompile pc=0x000001e56c4e9914 method=org.jetbrains.kotlin.protobuf.CodedInputStream.tryRefillBuffer(I)Z @ 177 c2
Event: 33.456 Thread 0x000001e57dc74cb0 DEOPT PACKING pc=0x000001e56c4e9914 sp=0x00000091012f58f0
Event: 33.456 Thread 0x000001e57dc74cb0 DEOPT UNPACKING pc=0x000001e56bc769a3 sp=0x00000091012f57d8 mode 2

Classes unloaded (0 events):
No events

Classes redefined (0 events):
No events

Internal exceptions (20 events):
Event: 13.581 Thread 0x000001e57dc74cb0 Exception <a 'java/lang/NoSuchMethodError'{0x00000000865b7af8}: 'java.lang.Object java.lang.invoke.DirectMethodHandle$Holder.invokeStatic(java.lang.Object, java.lang.Object, java.lang.Object, java.lang.Object, java.lang.Object, java.lang.Object, java.lang.Object, java.lang.Object, java.lang.Object, java.lang.Object, java.lang.Object, java.lang.Object, java.lang.Object, java.lang.Object, java.lang.Object, java.lang.Object, java.lang.Object, java.lang.Object, java.lang.Object)'> (0x00000000865b7af8) 
thrown 
Event: 13.584 Thread 0x000001e57dc74cb0 Exception <a 'java/lang/NoSuchMethodError'{0x00000000865e1650}: 'java.lang.Object java.lang.invoke.DirectMethodHandle$Holder.invokeStatic(java.lang.Object, java.lang.Object, java.lang.Object, java.lang.Object, java.lang.Object, java.lang.Object, java.lang.Object, java.lang.Object, java.lang.Object, java.lang.Object, java.lang.Object, java.lang.Object, java.lang.Object, java.lang.Object, java.lang.Object, java.lang.Object, java.lang.Object, java.lang.Object, java.lang.Object, java.lang.Object)'> (0x00000000
Event: 13.587 Thread 0x000001e57dc74cb0 Exception <a 'java/lang/NoSuchMethodError'{0x000000008640c460}: 'java.lang.Object java.lang.invoke.DirectMethodHandle$Holder.invokeStatic(java.lang.Object, java.lang.Object, java.lang.Object, java.lang.Object, java.lang.Object, java.lang.Object, java.lang.Object, java.lang.Object, java.lang.Object, java.lang.Object, java.lang.Object, java.lang.Object, java.lang.Object, java.lang.Object, java.lang.Object, java.lang.Object, java.lang.Object, java.lang.Object, java.lang.Object, java.lang.Object, java.lang.Obj
Event: 13.590 Thread 0x000001e57dc74cb0 Exception <a 'java/lang/NoSuchMethodError'{0x0000000086437768}: 'java.lang.Object java.lang.invoke.DirectMethodHandle$Holder.invokeStatic(java.lang.Object, java.lang.Object, java.lang.Object, java.lang.Object, java.lang.Object, java.lang.Object, java.lang.Object, java.lang.Object, java.lang.Object, java.lang.Object, java.lang.Object, java.lang.Object, java.lang.Object, java.lang.Object, java.lang.Object, java.lang.Object, java.lang.Object, java.lang.Object, java.lang.Object, java.lang.Object, java.lang.Obj
Event: 13.593 Thread 0x000001e57dc74cb0 Exception <a 'java/lang/NoSuchMethodError'{0x0000000086466080}: 'java.lang.Object java.lang.invoke.DirectMethodHandle$Holder.invokeStatic(java.lang.Object, java.lang.Object, java.lang.Object, java.lang.Object, java.lang.Object, java.lang.Object, java.lang.Object, java.lang.Object, java.lang.Object, java.lang.Object, java.lang.Object, java.lang.Object, java.lang.Object, java.lang.Object, java.lang.Object, java.lang.Object, java.lang.Object, java.lang.Object, java.lang.Object, java.lang.Object, java.lang.Obj
Event: 13.595 Thread 0x000001e57dc74cb0 Exception <a 'java/lang/NoSuchMethodError'{0x00000000864946d8}: 'java.lang.Object java.lang.invoke.DirectMethodHandle$Holder.invokeStatic(java.lang.Object, java.lang.Object, java.lang.Object, java.lang.Object, java.lang.Object, java.lang.Object, java.lang.Object, java.lang.Object, java.lang.Object, java.lang.Object, java.lang.Object, java.lang.Object, java.lang.Object, java.lang.Object, java.lang.Object, java.lang.Object, java.lang.Object, java.lang.Object, java.lang.Object, java.lang.Object, java.lang.Obj
Event: 25.648 Thread 0x000001e57dc74cb0 Exception <a 'java/lang/NoSuchMethodError'{0x000000008858b498}: 'int java.lang.invoke.DelegatingMethodHandle$Holder.reinvoke_L(java.lang.Object, java.lang.Object, java.lang.Object, long, int, int)'> (0x000000008858b498) 
thrown [s\src\hotspot\share\interpreter\linkResolver.cpp, line 771]
Event: 25.650 Thread 0x000001e57dc74cb0 Exception <a 'java/lang/NoSuchMethodError'{0x000000008859b000}: 'int java.lang.invoke.DelegatingMethodHandle$Holder.reinvoke_L(java.lang.Object, java.lang.Object, java.lang.Object, long, long, long)'> (0x000000008859b000) 
thrown [s\src\hotspot\share\interpreter\linkResolver.cpp, line 771]
Event: 25.652 Thread 0x000001e57dc74cb0 Exception <a 'java/lang/NoSuchMethodError'{0x00000000885aac30}: 'int java.lang.invoke.DelegatingMethodHandle$Holder.reinvoke_L(java.lang.Object, java.lang.Object, java.lang.Object, long, java.lang.Object, java.lang.Object)'> (0x00000000885aac30) 
thrown [s\src\hotspot\share\interpreter\linkResolver.cpp, line 771]
Event: 25.653 Thread 0x000001e57dc74cb0 Exception <a 'java/lang/NoSuchMethodError'{0x00000000885ba6a8}: 'void java.lang.invoke.DelegatingMethodHandle$Holder.reinvoke_L(java.lang.Object, java.lang.Object, java.lang.Object, long, java.lang.Object)'> (0x00000000885ba6a8) 
thrown [s\src\hotspot\share\interpreter\linkResolver.cpp, line 771]
Event: 25.654 Thread 0x000001e57dc74cb0 Exception <a 'java/lang/NoSuchMethodError'{0x00000000885c2a88}: 'java.lang.Object java.lang.invoke.DirectMethodHandle$Holder.invokeSpecial(java.lang.Object, java.lang.Object, java.lang.Object, java.lang.Object, long)'> (0x00000000885c2a88) 
thrown [s\src\hotspot\share\interpreter\linkResolver.cpp, line 771]
Event: 25.659 Thread 0x000001e57dc74cb0 Exception <a 'java/lang/NoSuchMethodError'{0x00000000885e6268}: 'long java.lang.invoke.Invokers$Holder.invoke_MT(java.lang.Object, java.lang.Object, java.lang.Object, java.lang.Object)'> (0x00000000885e6268) 
thrown [s\src\hotspot\share\interpreter\linkResolver.cpp, line 771]
Event: 25.661 Thread 0x000001e57dc74cb0 Exception <a 'java/lang/NoSuchMethodError'{0x00000000885ef0c0}: 'int java.lang.invoke.Invokers$Holder.invoke_MT(java.lang.Object, java.lang.Object, java.lang.Object, java.lang.Object)'> (0x00000000885ef0c0) 
thrown [s\src\hotspot\share\interpreter\linkResolver.cpp, line 771]
Event: 25.663 Thread 0x000001e57dc74cb0 Exception <a 'java/lang/NoSuchMethodError'{0x00000000884000a8}: 'int java.lang.invoke.DelegatingMethodHandle$Holder.reinvoke_L(java.lang.Object, java.lang.Object, java.lang.Object, long, int)'> (0x00000000884000a8) 
thrown [s\src\hotspot\share\interpreter\linkResolver.cpp, line 771]
Event: 25.666 Thread 0x000001e57dc74cb0 Exception <a 'java/lang/NoSuchMethodError'{0x0000000088412fa8}: 'java.lang.Object java.lang.invoke.Invokers$Holder.invokeExact_MT(java.lang.Object, java.lang.Object, long, java.lang.Object)'> (0x0000000088412fa8) 
thrown [s\src\hotspot\share\interpreter\linkResolver.cpp, line 771]
Event: 25.943 Thread 0x000001e57dc74cb0 Exception <a 'java/lang/NoSuchMethodError'{0x0000000087f9f4b8}: 'java.lang.Object java.lang.invoke.DirectMethodHandle$Holder.invokeStaticInit(java.lang.Object, int)'> (0x0000000087f9f4b8) 
thrown [s\src\hotspot\share\interpreter\linkResolver.cpp, line 771]
Event: 26.044 Thread 0x000001e57dc74cb0 Exception <a 'java/lang/NoSuchMethodError'{0x0000000087c52b90}: 'long java.lang.invoke.DirectMethodHandle$Holder.invokeStatic(java.lang.Object)'> (0x0000000087c52b90) 
thrown [s\src\hotspot\share\interpreter\linkResolver.cpp, line 771]
Event: 26.045 Thread 0x000001e57dc74cb0 Exception <a 'java/lang/NoSuchMethodError'{0x0000000087c57228}: 'long java.lang.invoke.DirectMethodHandle$Holder.invokeStaticInit(java.lang.Object)'> (0x0000000087c57228) 
thrown [s\src\hotspot\share\interpreter\linkResolver.cpp, line 771]
Event: 27.206 Thread 0x000001e57dc74cb0 Exception <a 'java/lang/NoSuchMethodError'{0x000000008ba3a758}: 'void java.lang.invoke.DirectMethodHandle$Holder.invokeVirtual(java.lang.Object, java.lang.Object)'> (0x000000008ba3a758) 
thrown [s\src\hotspot\share\interpreter\linkResolver.cpp, line 771]
Event: 27.700 Thread 0x000001e57dc74cb0 Exception <a 'java/lang/NoSuchMethodError'{0x000000008b184148}: 'java.lang.Object java.lang.invoke.Invokers$Holder.invoke_MT(java.lang.Object, java.lang.Object, java.lang.Object)'> (0x000000008b184148) 
thrown [s\src\hotspot\share\interpreter\linkResolver.cpp, line 771]

VM Operations (20 events):
Event: 33.098 Executing VM operation: HandshakeAllThreads done
Event: 33.098 Executing VM operation: Cleanup
Event: 33.098 Executing VM operation: Cleanup done
Event: 33.161 Executing VM operation: HandshakeAllThreads
Event: 33.161 Executing VM operation: HandshakeAllThreads done
Event: 33.243 Executing VM operation: HandshakeAllThreads
Event: 33.244 Executing VM operation: HandshakeAllThreads done
Event: 33.340 Executing VM operation: HandshakeAllThreads
Event: 33.341 Executing VM operation: HandshakeAllThreads done
Event: 33.362 Executing VM operation: HandshakeAllThreads
Event: 33.362 Executing VM operation: HandshakeAllThreads done
Event: 33.376 Executing VM operation: HandshakeAllThreads
Event: 33.376 Executing VM operation: HandshakeAllThreads done
Event: 33.391 Executing VM operation: HandshakeAllThreads
Event: 33.391 Executing VM operation: HandshakeAllThreads done
Event: 33.441 Executing VM operation: HandshakeAllThreads
Event: 33.441 Executing VM operation: HandshakeAllThreads done
Event: 33.589 Executing VM operation: G1TryInitiateConcMark
Event: 33.604 Executing VM operation: G1TryInitiateConcMark done
Event: 33.749 Executing VM operation: G1Concurrent

Events (20 events):
Event: 28.894 loading class java/beans/PropertyChangeSupport done
Event: 28.894 loading class java/beans/PropertyChangeSupport$PropertyChangeListenerMap
Event: 28.894 loading class java/beans/ChangeListenerMap
Event: 28.895 loading class java/beans/ChangeListenerMap done
Event: 28.895 loading class java/beans/PropertyChangeSupport$PropertyChangeListenerMap done
Event: 29.073 loading class java/util/EmptyStackException
Event: 29.073 loading class java/util/EmptyStackException done
Event: 29.110 loading class java/util/PrimitiveIterator$OfInt
Event: 29.110 loading class java/util/PrimitiveIterator
Event: 29.110 loading class java/util/PrimitiveIterator done
Event: 29.110 loading class java/util/PrimitiveIterator$OfInt done
Event: 29.259 loading class java/util/function/IntUnaryOperator
Event: 29.260 loading class java/util/function/IntUnaryOperator done
Event: 29.749 Thread 0x000001e57c426330 flushing nmethod 0x000001e564aff310
Event: 29.749 Thread 0x000001e57c426330 flushing nmethod 0x000001e564affb10
Event: 29.760 Thread 0x000001e57c426330 flushing nmethod 0x000001e565089c10
Event: 33.252 loading class java/util/AbstractList$SubList
Event: 33.253 loading class java/util/AbstractList$SubList done
Event: 33.361 loading class java/util/ArrayList$ListItr
Event: 33.361 loading class java/util/ArrayList$ListItr done


Dynamic libraries:
0x00007ff7559d0000 - 0x00007ff7559da000 	C:\Program Files\Android\Android Studio\jbr\bin\java.exe
0x00007ff999260000 - 0x00007ff999450000 	C:\Windows\SYSTEM32\ntdll.dll
0x00007ff999160000 - 0x00007ff999212000 	C:\Windows\System32\KERNEL32.DLL
0x00007ff997060000 - 0x00007ff997304000 	C:\Windows\System32\KERNELBASE.dll
0x00007ff996aa0000 - 0x00007ff996b9a000 	C:\Windows\System32\ucrtbase.dll
0x00007ff976090000 - 0x00007ff9760a7000 	C:\Program Files\Android\Android Studio\jbr\bin\jli.dll
0x00007ff986e60000 - 0x00007ff986e7b000 	C:\Program Files\Android\Android Studio\jbr\bin\VCRUNTIME140.dll
0x00007ff997f90000 - 0x00007ff998125000 	C:\Windows\System32\USER32.dll
0x00007ff997030000 - 0x00007ff997051000 	C:\Windows\System32\win32u.dll
0x00007ff979f90000 - 0x00007ff97a214000 	C:\Windows\WinSxS\amd64_microsoft.windows.common-controls_6595b64144ccf1df_6.0.18362.1016_none_9e7a36bbe461dae4\COMCTL32.dll
0x00007ff998130000 - 0x00007ff998156000 	C:\Windows\System32\GDI32.dll
0x00007ff998230000 - 0x00007ff9982ce000 	C:\Windows\System32\msvcrt.dll
0x00007ff996bd0000 - 0x00007ff996d66000 	C:\Windows\System32\gdi32full.dll
0x00007ff996d70000 - 0x00007ff996e0e000 	C:\Windows\System32\msvcp_win.dll
0x00007ff9984a0000 - 0x00007ff9987d5000 	C:\Windows\System32\combase.dll
0x00007ff997490000 - 0x00007ff9975b0000 	C:\Windows\System32\RPCRT4.dll
0x00007ff9961e0000 - 0x00007ff996260000 	C:\Windows\System32\bcryptPrimitives.dll
0x00007ff997460000 - 0x00007ff99748e000 	C:\Windows\System32\IMM32.DLL
0x00007ff985e80000 - 0x00007ff985e8c000 	C:\Program Files\Android\Android Studio\jbr\bin\vcruntime140_1.dll
0x00007ff975ef0000 - 0x00007ff975f7d000 	C:\Program Files\Android\Android Studio\jbr\bin\msvcp140.dll
0x00007ff916be0000 - 0x00007ff91784e000 	C:\Program Files\Android\Android Studio\jbr\bin\server\jvm.dll
0x00007ff998ed0000 - 0x00007ff998f73000 	C:\Windows\System32\ADVAPI32.dll
0x00007ff997cc0000 - 0x00007ff997d57000 	C:\Windows\System32\sechost.dll
0x00007ff992210000 - 0x00007ff992219000 	C:\Windows\SYSTEM32\WSOCK32.dll
0x00007ff9918d0000 - 0x00007ff9918f4000 	C:\Windows\SYSTEM32\WINMM.dll
0x00007ff98d670000 - 0x00007ff98d67a000 	C:\Windows\SYSTEM32\VERSION.dll
0x00007ff9990f0000 - 0x00007ff99915f000 	C:\Windows\System32\WS2_32.dll
0x00007ff9918a0000 - 0x00007ff9918cd000 	C:\Windows\SYSTEM32\winmmbase.dll
0x00007ff996260000 - 0x00007ff9962aa000 	C:\Windows\System32\cfgmgr32.dll
0x00007ff996170000 - 0x00007ff996181000 	C:\Windows\System32\kernel.appcore.dll
0x00007ff98b040000 - 0x00007ff98b04a000 	C:\Program Files\Android\Android Studio\jbr\bin\jimage.dll
0x00007ff98faa0000 - 0x00007ff98fc94000 	C:\Windows\SYSTEM32\DBGHELP.DLL
0x00007ff976570000 - 0x00007ff97659a000 	C:\Windows\SYSTEM32\dbgcore.DLL
0x00007ff96f470000 - 0x00007ff96f495000 	C:\Program Files\Android\Android Studio\jbr\bin\java.dll
0x00007ff9747f0000 - 0x00007ff974808000 	C:\Program Files\Android\Android Studio\jbr\bin\zip.dll
0x00007ff9987e0000 - 0x00007ff998ec7000 	C:\Windows\System32\SHELL32.dll
0x00007ff998fe0000 - 0x00007ff999089000 	C:\Windows\System32\shcore.dll
0x00007ff996310000 - 0x00007ff996a92000 	C:\Windows\System32\windows.storage.dll
0x00007ff9961b0000 - 0x00007ff9961d3000 	C:\Windows\System32\profapi.dll
0x00007ff996120000 - 0x00007ff99616a000 	C:\Windows\System32\powrprof.dll
0x00007ff996110000 - 0x00007ff996120000 	C:\Windows\System32\UMPDC.dll
0x00007ff997760000 - 0x00007ff9977b2000 	C:\Windows\System32\shlwapi.dll
0x00007ff997010000 - 0x00007ff997027000 	C:\Windows\System32\cryptsp.dll
0x00007ff9743b0000 - 0x00007ff9743c9000 	C:\Program Files\Android\Android Studio\jbr\bin\net.dll
0x00007ff9874c0000 - 0x00007ff9875b0000 	C:\Windows\SYSTEM32\WINHTTP.dll
0x00007ff995970000 - 0x00007ff9959d7000 	C:\Windows\system32\mswsock.dll
0x00007ff974210000 - 0x00007ff974226000 	C:\Program Files\Android\Android Studio\jbr\bin\nio.dll
0x00007ff991230000 - 0x00007ff991240000 	C:\Program Files\Android\Android Studio\jbr\bin\verify.dll
0x00007ff976100000 - 0x00007ff976127000 	C:\Users\adp\.gradle\native\68d5fa5c4cc2d200863cafc0d521ce42e7d3e7ee720ec0a83991735586a16f82\windows-amd64\native-platform.dll
0x00007ff965520000 - 0x00007ff965664000 	C:\Users\adp\.gradle\native\e376f236ea51e6404a007f0833ffe2c6e607c4080706a723a18a27aeea778392\windows-amd64\native-platform-file-events.dll
0x00007ff986ec0000 - 0x00007ff986ec9000 	C:\Program Files\Android\Android Studio\jbr\bin\management.dll
0x00007ff986d50000 - 0x00007ff986d5b000 	C:\Program Files\Android\Android Studio\jbr\bin\management_ext.dll
0x00007ff9982d0000 - 0x00007ff9982d8000 	C:\Windows\System32\PSAPI.DLL
0x00007ff9954e0000 - 0x00007ff995513000 	C:\Windows\system32\rsaenh.dll
0x00007ff996ba0000 - 0x00007ff996bc6000 	C:\Windows\System32\bcrypt.dll
0x00007ff996030000 - 0x00007ff996055000 	C:\Windows\SYSTEM32\USERENV.dll
0x00007ff995b40000 - 0x00007ff995b4c000 	C:\Windows\SYSTEM32\CRYPTBASE.dll
0x00007ff995680000 - 0x00007ff9956ba000 	C:\Windows\SYSTEM32\IPHLPAPI.DLL
0x00007ff997cb0000 - 0x00007ff997cb8000 	C:\Windows\System32\NSI.dll
0x00007ff98e190000 - 0x00007ff98e1a6000 	C:\Windows\SYSTEM32\dhcpcsvc6.DLL
0x00007ff98e300000 - 0x00007ff98e31c000 	C:\Windows\SYSTEM32\dhcpcsvc.DLL
0x00007ff9956c0000 - 0x00007ff99578b000 	C:\Windows\SYSTEM32\DNSAPI.dll
0x00007ff9869d0000 - 0x00007ff9869d7000 	C:\Windows\system32\wshunix.dll

dbghelp: loaded successfully - version: 4.0.5 - missing functions: none
symbol engine: initialized successfully - sym options: 0x614 - pdb path: .;C:\Program Files\Android\Android Studio\jbr\bin;C:\Windows\SYSTEM32;C:\Windows\WinSxS\amd64_microsoft.windows.common-controls_6595b64144ccf1df_6.0.18362.1016_none_9e7a36bbe461dae4;C:\Program Files\Android\Android Studio\jbr\bin\server;C:\Users\adp\.gradle\native\68d5fa5c4cc2d200863cafc0d521ce42e7d3e7ee720ec0a83991735586a16f82\windows-amd64;C:\Users\adp\.gradle\native\e376f236ea51e6404a007f0833ffe2c6e607c4080706a723a18a27aeea778392\windows-amd64

VM Arguments:
jvm_args: --add-opens=java.base/java.util=ALL-UNNAMED --add-opens=java.base/java.lang=ALL-UNNAMED --add-opens=java.base/java.lang.invoke=ALL-UNNAMED --add-opens=java.prefs/java.util.prefs=ALL-UNNAMED --add-opens=java.base/java.nio.charset=ALL-UNNAMED --add-opens=java.base/java.net=ALL-UNNAMED --add-opens=java.base/java.util.concurrent.atomic=ALL-UNNAMED -Xmx2048m -Dfile.encoding=UTF-8 -Duser.country=IN -Duser.language=en -Duser.variant 
java_command: org.gradle.launcher.daemon.bootstrap.GradleDaemon 8.0
java_class_path (initial): C:\Users\adp\.gradle\wrapper\dists\gradle-8.0-bin\ca5e32bp14vu59qr306oxotwh\gradle-8.0\lib\gradle-launcher-8.0.jar
Launcher Type: SUN_STANDARD

[Global flags]
     intx CICompilerCount                          = 4                                         {product} {ergonomic}
     uint ConcGCThreads                            = 2                                         {product} {ergonomic}
     uint G1ConcRefinementThreads                  = 8                                         {product} {ergonomic}
   size_t G1HeapRegionSize                         = 1048576                                   {product} {ergonomic}
    uintx GCDrainStackTargetSize                   = 64                                        {product} {ergonomic}
   size_t InitialHeapSize                          = 100663296                                 {product} {ergonomic}
   size_t MarkStackSize                            = 4194304                                   {product} {ergonomic}
   size_t MaxHeapSize                              = 2147483648                                {product} {command line}
   size_t MaxNewSize                               = 1287651328                                {product} {ergonomic}
   size_t MinHeapDeltaBytes                        = 1048576                                   {product} {ergonomic}
   size_t MinHeapSize                              = 8388608                                   {product} {ergonomic}
    uintx NonNMethodCodeHeapSize                   = 5839372                                {pd product} {ergonomic}
    uintx NonProfiledCodeHeapSize                  = 122909434                              {pd product} {ergonomic}
    uintx ProfiledCodeHeapSize                     = 122909434                              {pd product} {ergonomic}
    uintx ReservedCodeCacheSize                    = 251658240                              {pd product} {ergonomic}
     bool SegmentedCodeCache                       = true                                      {product} {ergonomic}
   size_t SoftMaxHeapSize                          = 2147483648                             {manageable} {ergonomic}
     bool UseCompressedClassPointers               = true                           {product lp64_product} {ergonomic}
     bool UseCompressedOops                        = true                           {product lp64_product} {ergonomic}
     bool UseG1GC                                  = true                                      {product} {ergonomic}
     bool UseLargePagesIndividualAllocation        = false                                  {pd product} {ergonomic}

Logging:
Log output configuration:
 #0: stdout all=warning uptime,level,tags
 #1: stderr all=off uptime,level,tags

Environment Variables:
JAVA_HOME=D:\Android Studio\jre
PATH=C:\Program Files\Java\jdk-20\bin;C:\Program Files\Common Files\Oracle\Java\javapath;C:\Program Files\Android\Android Studio\jbr\bin;C:\Program Files (x86)\Common Files\Oracle\Java\javapath;C:\SIMULIA\Commands;D:\Android Studio\jre\bin;C:\Python27;C:\Program Files\nodejs;C:\Program Files\NASM;C:\Users\adp\AppData\Local\Programs\Python\Python37;C:\Users\adp\AppData\Local\Programs\Python\Python37\Scripts;D:\tcpdump;C:\Windows\system32;C:\Windows;C:\Windows\System32\Wbem;C:\Windows\System32\WindowsPowerShell\v1.0\;C:\Windows\System32\OpenSSH\;C:\Users\adp\AppData\Local\Microsoft\WindowsApps;C:\adb;D:\flutter;D:\flutter\bin;C:\Program Files (x86)\Geany CP\bin\;C:\Program Files (x86)\Geany CP\bin;C:\Program Files (x86)\Geany CP\bin\;C:\Program Files (x86)\Geany CP\bin;C:\Program Files (x86)\Geany CP\bin\;C:\Program Files\Git\cmd;C:\SFML-2.5.1\bin;C:\Program Files\MATLAB\R2022a\bin;C:\Program Files\dotnet\;C:\Users\adp\AppData\Local\Programs\Python\Python37\Scripts\;C:\Users\adp\AppData\Local\Programs\Python\Python37\;C:\Users\adp\AppData\Local\Microsoft\WindowsApps;C:\Users\adp\AppData\Local\GitHubDesktop\bin;C:\Program Files (x86)\SSH Communications Security\SSH Secure Shell
USERNAME=adp
OS=Windows_NT
PROCESSOR_IDENTIFIER=AMD64 Family 23 Model 24 Stepping 1, AuthenticAMD
TMP=C:\Users\adp\AppData\Local\Temp
TEMP=C:\Users\adp\AppData\Local\Temp


JNI global refs:
JNI global refs: 25, weak refs: 28

JNI global refs memory usage: 843, weak refs: 841


---------------  S Y S T E M  ---------------

OS:
 Windows 10 , 64 bit Build 18362 (10.0.18362.959)
OS uptime: 9 days 20:32 hours

CPU: total 8 (initial active 8) (8 cores per cpu, 2 threads per core) family 23 model 24 stepping 1 microcode 0x0, cx8, cmov, fxsr, ht, mmx, 3dnowpref, sse, sse2, sse3, ssse3, sse4a, sse4.1, sse4.2, popcnt, lzcnt, tsc, tscinvbit, avx, avx2, aes, clmul, bmi1, bmi2, adx, sha, fma, vzeroupper, clflush, clflushopt

Memory: 4k page, system-wide physical 6082M (300M free)
TotalPageFile size 24514M (AvailPageFile size 5M)
current process WorkingSet (physical memory assigned to process): 312M, peak: 340M
current process commit charge ("private bytes"): 432M, peak: 452M

vm_info: OpenJDK 64-Bit Server VM (17.0.6+0-b2043.56-10027231) for windows-amd64 JRE (17.0.6+0-b2043.56-10027231), built on Apr 28 2023 00:43:19 by "androidbuild" with MS VC++ 16.10 / 16.11 (VS2019)

END.
